{"/Users/Jacob_MacInnis/ThinkProgramming/think-programming-server/server.js":{"path":"/Users/Jacob_MacInnis/ThinkProgramming/think-programming-server/server.js","statementMap":{"0":{"start":{"line":2,"column":16},"end":{"line":2,"column":34}},"1":{"start":{"line":4,"column":15},"end":{"line":4,"column":35}},"2":{"start":{"line":6,"column":15},"end":{"line":6,"column":32}},"3":{"start":{"line":7,"column":17},"end":{"line":7,"column":36}},"4":{"start":{"line":8,"column":13},"end":{"line":8,"column":28}},"5":{"start":{"line":10,"column":17},"end":{"line":10,"column":36}},"6":{"start":{"line":11,"column":22},"end":{"line":11,"column":57}},"7":{"start":{"line":12,"column":20},"end":{"line":12,"column":45}},"8":{"start":{"line":14,"column":45},"end":{"line":14,"column":64}},"9":{"start":{"line":17,"column":19},"end":{"line":17,"column":43}},"10":{"start":{"line":18,"column":19},"end":{"line":18,"column":44}},"11":{"start":{"line":19,"column":23},"end":{"line":19,"column":51}},"12":{"start":{"line":20,"column":20},"end":{"line":20,"column":45}},"13":{"start":{"line":23,"column":60},"end":{"line":23,"column":91}},"14":{"start":{"line":24,"column":163},"end":{"line":24,"column":192}},"15":{"start":{"line":27,"column":12},"end":{"line":27,"column":21}},"16":{"start":{"line":28,"column":15},"end":{"line":28,"column":48}},"17":{"start":{"line":29,"column":11},"end":{"line":29,"column":25}},"18":{"start":{"line":32,"column":0},"end":{"line":36,"column":2}},"19":{"start":{"line":34,"column":16},"end":{"line":34,"column":47}},"20":{"start":{"line":39,"column":19},"end":{"line":43,"column":1}},"21":{"start":{"line":44,"column":0},"end":{"line":44,"column":26}},"22":{"start":{"line":47,"column":0},"end":{"line":47,"column":24}},"23":{"start":{"line":51,"column":0},"end":{"line":51,"column":28}},"24":{"start":{"line":52,"column":0},"end":{"line":52,"column":26}},"25":{"start":{"line":55,"column":16},"end":{"line":58,"column":2}},"26":{"start":{"line":61,"column":0},"end":{"line":61,"column":61}},"27":{"start":{"line":61,"column":35},"end":{"line":61,"column":59}},"28":{"start":{"line":62,"column":0},"end":{"line":62,"column":34}},"29":{"start":{"line":63,"column":0},"end":{"line":63,"column":33}},"30":{"start":{"line":64,"column":0},"end":{"line":64,"column":50}},"31":{"start":{"line":65,"column":0},"end":{"line":65,"column":44}},"32":{"start":{"line":68,"column":0},"end":{"line":72,"column":3}},"33":{"start":{"line":69,"column":14},"end":{"line":69,"column":36}},"34":{"start":{"line":70,"column":2},"end":{"line":70,"column":19}},"35":{"start":{"line":71,"column":2},"end":{"line":71,"column":12}},"36":{"start":{"line":75,"column":0},"end":{"line":83,"column":3}},"37":{"start":{"line":76,"column":2},"end":{"line":82,"column":3}},"38":{"start":{"line":77,"column":20},"end":{"line":77,"column":68}},"39":{"start":{"line":78,"column":4},"end":{"line":78,"column":41}},"40":{"start":{"line":80,"column":4},"end":{"line":80,"column":23}},"41":{"start":{"line":81,"column":4},"end":{"line":81,"column":63}},"42":{"start":{"line":87,"column":17},"end":{"line":87,"column":19}},"43":{"start":{"line":88,"column":15},"end":{"line":88,"column":17}},"44":{"start":{"line":89,"column":16},"end":{"line":89,"column":18}},"45":{"start":{"line":90,"column":18},"end":{"line":90,"column":20}},"46":{"start":{"line":91,"column":17},"end":{"line":91,"column":19}},"47":{"start":{"line":92,"column":17},"end":{"line":92,"column":19}},"48":{"start":{"line":93,"column":0},"end":{"line":93,"column":31}},"49":{"start":{"line":94,"column":0},"end":{"line":94,"column":35}},"50":{"start":{"line":95,"column":0},"end":{"line":95,"column":33}},"51":{"start":{"line":96,"column":0},"end":{"line":96,"column":33}},"52":{"start":{"line":97,"column":19},"end":{"line":97,"column":38}},"53":{"start":{"line":98,"column":0},"end":{"line":103,"column":3}},"54":{"start":{"line":99,"column":2},"end":{"line":99,"column":49}},"55":{"start":{"line":100,"column":2},"end":{"line":100,"column":38}},"56":{"start":{"line":101,"column":2},"end":{"line":101,"column":43}},"57":{"start":{"line":102,"column":2},"end":{"line":102,"column":41}},"58":{"start":{"line":106,"column":18},"end":{"line":106,"column":20}},"59":{"start":{"line":110,"column":2},"end":{"line":113,"column":3}},"60":{"start":{"line":111,"column":4},"end":{"line":111,"column":53}},"61":{"start":{"line":112,"column":4},"end":{"line":112,"column":42}},"62":{"start":{"line":117,"column":19},"end":{"line":117,"column":37}},"63":{"start":{"line":118,"column":0},"end":{"line":136,"column":3}},"64":{"start":{"line":119,"column":2},"end":{"line":119,"column":48}},"65":{"start":{"line":123,"column":2},"end":{"line":130,"column":5}},"66":{"start":{"line":124,"column":4},"end":{"line":124,"column":43}},"67":{"start":{"line":125,"column":4},"end":{"line":125,"column":38}},"68":{"start":{"line":126,"column":21},"end":{"line":126,"column":36}},"69":{"start":{"line":127,"column":4},"end":{"line":127,"column":33}},"70":{"start":{"line":128,"column":4},"end":{"line":128,"column":19}},"71":{"start":{"line":129,"column":4},"end":{"line":129,"column":56}},"72":{"start":{"line":133,"column":2},"end":{"line":135,"column":5}},"73":{"start":{"line":134,"column":4},"end":{"line":134,"column":53}},"74":{"start":{"line":139,"column":14},"end":{"line":139,"column":16}},"75":{"start":{"line":140,"column":17},"end":{"line":140,"column":38}},"76":{"start":{"line":141,"column":0},"end":{"line":152,"column":3}},"77":{"start":{"line":142,"column":2},"end":{"line":142,"column":61}},"78":{"start":{"line":143,"column":2},"end":{"line":143,"column":60}},"79":{"start":{"line":144,"column":2},"end":{"line":144,"column":62}},"80":{"start":{"line":145,"column":2},"end":{"line":145,"column":42}},"81":{"start":{"line":146,"column":2},"end":{"line":146,"column":44}},"82":{"start":{"line":147,"column":2},"end":{"line":147,"column":44}},"83":{"start":{"line":148,"column":2},"end":{"line":148,"column":68}},"84":{"start":{"line":149,"column":2},"end":{"line":149,"column":43}},"85":{"start":{"line":150,"column":2},"end":{"line":150,"column":41}},"86":{"start":{"line":151,"column":2},"end":{"line":151,"column":41}},"87":{"start":{"line":155,"column":16},"end":{"line":155,"column":18}},"88":{"start":{"line":156,"column":19},"end":{"line":156,"column":42}},"89":{"start":{"line":157,"column":0},"end":{"line":169,"column":3}},"90":{"start":{"line":158,"column":2},"end":{"line":158,"column":38}},"91":{"start":{"line":159,"column":2},"end":{"line":159,"column":65}},"92":{"start":{"line":160,"column":2},"end":{"line":160,"column":64}},"93":{"start":{"line":161,"column":2},"end":{"line":161,"column":66}},"94":{"start":{"line":162,"column":2},"end":{"line":162,"column":44}},"95":{"start":{"line":163,"column":2},"end":{"line":163,"column":46}},"96":{"start":{"line":164,"column":2},"end":{"line":164,"column":46}},"97":{"start":{"line":165,"column":2},"end":{"line":165,"column":72}},"98":{"start":{"line":166,"column":2},"end":{"line":166,"column":45}},"99":{"start":{"line":167,"column":2},"end":{"line":167,"column":43}},"100":{"start":{"line":168,"column":2},"end":{"line":168,"column":43}},"101":{"start":{"line":172,"column":15},"end":{"line":172,"column":17}},"102":{"start":{"line":173,"column":18},"end":{"line":173,"column":40}},"103":{"start":{"line":174,"column":0},"end":{"line":186,"column":3}},"104":{"start":{"line":175,"column":2},"end":{"line":175,"column":38}},"105":{"start":{"line":176,"column":2},"end":{"line":176,"column":63}},"106":{"start":{"line":177,"column":2},"end":{"line":177,"column":62}},"107":{"start":{"line":178,"column":2},"end":{"line":178,"column":64}},"108":{"start":{"line":179,"column":2},"end":{"line":179,"column":43}},"109":{"start":{"line":180,"column":2},"end":{"line":180,"column":45}},"110":{"start":{"line":181,"column":2},"end":{"line":181,"column":45}},"111":{"start":{"line":182,"column":2},"end":{"line":182,"column":70}},"112":{"start":{"line":183,"column":2},"end":{"line":183,"column":44}},"113":{"start":{"line":184,"column":2},"end":{"line":184,"column":42}},"114":{"start":{"line":185,"column":2},"end":{"line":185,"column":42}},"115":{"start":{"line":188,"column":15},"end":{"line":188,"column":17}},"116":{"start":{"line":189,"column":18},"end":{"line":189,"column":40}},"117":{"start":{"line":190,"column":0},"end":{"line":202,"column":3}},"118":{"start":{"line":191,"column":2},"end":{"line":191,"column":38}},"119":{"start":{"line":192,"column":2},"end":{"line":192,"column":63}},"120":{"start":{"line":193,"column":2},"end":{"line":193,"column":62}},"121":{"start":{"line":194,"column":2},"end":{"line":194,"column":64}},"122":{"start":{"line":195,"column":2},"end":{"line":195,"column":43}},"123":{"start":{"line":196,"column":2},"end":{"line":196,"column":45}},"124":{"start":{"line":197,"column":2},"end":{"line":197,"column":45}},"125":{"start":{"line":198,"column":2},"end":{"line":198,"column":70}},"126":{"start":{"line":199,"column":2},"end":{"line":199,"column":44}},"127":{"start":{"line":200,"column":2},"end":{"line":200,"column":42}},"128":{"start":{"line":201,"column":2},"end":{"line":201,"column":42}},"129":{"start":{"line":207,"column":0},"end":{"line":229,"column":1}},"130":{"start":{"line":208,"column":2},"end":{"line":228,"column":7}},"131":{"start":{"line":211,"column":19},"end":{"line":211,"column":42}},"132":{"start":{"line":212,"column":6},"end":{"line":214,"column":8}},"133":{"start":{"line":217,"column":6},"end":{"line":217,"column":45}},"134":{"start":{"line":218,"column":6},"end":{"line":218,"column":73}},"135":{"start":{"line":219,"column":6},"end":{"line":219,"column":25}},"136":{"start":{"line":222,"column":6},"end":{"line":227,"column":11}},"137":{"start":{"line":223,"column":8},"end":{"line":223,"column":67}},"138":{"start":{"line":226,"column":10},"end":{"line":226,"column":29}},"139":{"start":{"line":232,"column":0},"end":{"line":232,"column":21}}},"fnMap":{"0":{"name":"(anonymous_0)","decl":{"start":{"line":34,"column":10},"end":{"line":34,"column":11}},"loc":{"start":{"line":34,"column":16},"end":{"line":34,"column":47}},"line":34},"1":{"name":"(anonymous_1)","decl":{"start":{"line":61,"column":21},"end":{"line":61,"column":22}},"loc":{"start":{"line":61,"column":35},"end":{"line":61,"column":59}},"line":61},"2":{"name":"(anonymous_2)","decl":{"start":{"line":68,"column":8},"end":{"line":68,"column":9}},"loc":{"start":{"line":68,"column":28},"end":{"line":72,"column":1}},"line":68},"3":{"name":"(anonymous_3)","decl":{"start":{"line":75,"column":8},"end":{"line":75,"column":9}},"loc":{"start":{"line":75,"column":33},"end":{"line":83,"column":1}},"line":75},"4":{"name":"(anonymous_4)","decl":{"start":{"line":98,"column":28},"end":{"line":98,"column":29}},"loc":{"start":{"line":98,"column":40},"end":{"line":103,"column":1}},"line":98},"5":{"name":"checkStorage","decl":{"start":{"line":109,"column":9},"end":{"line":109,"column":21}},"loc":{"start":{"line":109,"column":24},"end":{"line":114,"column":1}},"line":109},"6":{"name":"(anonymous_6)","decl":{"start":{"line":118,"column":28},"end":{"line":118,"column":29}},"loc":{"start":{"line":118,"column":40},"end":{"line":136,"column":1}},"line":118},"7":{"name":"(anonymous_7)","decl":{"start":{"line":123,"column":27},"end":{"line":123,"column":28}},"loc":{"start":{"line":123,"column":46},"end":{"line":130,"column":3}},"line":123},"8":{"name":"(anonymous_8)","decl":{"start":{"line":133,"column":24},"end":{"line":133,"column":25}},"loc":{"start":{"line":133,"column":30},"end":{"line":135,"column":3}},"line":133},"9":{"name":"(anonymous_9)","decl":{"start":{"line":141,"column":26},"end":{"line":141,"column":27}},"loc":{"start":{"line":141,"column":38},"end":{"line":152,"column":1}},"line":141},"10":{"name":"(anonymous_10)","decl":{"start":{"line":157,"column":28},"end":{"line":157,"column":29}},"loc":{"start":{"line":157,"column":40},"end":{"line":169,"column":1}},"line":157},"11":{"name":"(anonymous_11)","decl":{"start":{"line":174,"column":27},"end":{"line":174,"column":28}},"loc":{"start":{"line":174,"column":39},"end":{"line":186,"column":1}},"line":174},"12":{"name":"(anonymous_12)","decl":{"start":{"line":190,"column":27},"end":{"line":190,"column":28}},"loc":{"start":{"line":190,"column":39},"end":{"line":202,"column":1}},"line":190},"13":{"name":"(anonymous_13)","decl":{"start":{"line":210,"column":10},"end":{"line":210,"column":11}},"loc":{"start":{"line":210,"column":22},"end":{"line":215,"column":5}},"line":210},"14":{"name":"(anonymous_14)","decl":{"start":{"line":216,"column":11},"end":{"line":216,"column":12}},"loc":{"start":{"line":216,"column":18},"end":{"line":220,"column":5}},"line":216},"15":{"name":"(anonymous_15)","decl":{"start":{"line":221,"column":10},"end":{"line":221,"column":11}},"loc":{"start":{"line":221,"column":16},"end":{"line":228,"column":5}},"line":221},"16":{"name":"(anonymous_16)","decl":{"start":{"line":222,"column":26},"end":{"line":222,"column":27}},"loc":{"start":{"line":222,"column":37},"end":{"line":224,"column":7}},"line":222},"17":{"name":"(anonymous_17)","decl":{"start":{"line":225,"column":21},"end":{"line":225,"column":22}},"loc":{"start":{"line":225,"column":28},"end":{"line":227,"column":9}},"line":225}},"branchMap":{"0":{"loc":{"start":{"line":33,"column":9},"end":{"line":33,"column":66}},"type":"cond-expr","locations":[{"start":{"line":33,"column":50},"end":{"line":33,"column":55}},{"start":{"line":33,"column":58},"end":{"line":33,"column":66}}],"line":33},"1":{"loc":{"start":{"line":76,"column":2},"end":{"line":82,"column":3}},"type":"if","locations":[{"start":{"line":76,"column":2},"end":{"line":82,"column":3}},{"start":{"line":76,"column":2},"end":{"line":82,"column":3}}],"line":76},"2":{"loc":{"start":{"line":110,"column":2},"end":{"line":113,"column":3}},"type":"if","locations":[{"start":{"line":110,"column":2},"end":{"line":113,"column":3}},{"start":{"line":110,"column":2},"end":{"line":113,"column":3}}],"line":110},"3":{"loc":{"start":{"line":207,"column":0},"end":{"line":229,"column":1}},"type":"if","locations":[{"start":{"line":207,"column":0},"end":{"line":229,"column":1}},{"start":{"line":207,"column":0},"end":{"line":229,"column":1}}],"line":207}},"s":{"0":1,"1":1,"2":1,"3":1,"4":1,"5":1,"6":1,"7":1,"8":1,"9":1,"10":1,"11":1,"12":1,"13":1,"14":1,"15":1,"16":1,"17":1,"18":1,"19":111,"20":1,"21":1,"22":1,"23":1,"24":1,"25":1,"26":1,"27":1,"28":1,"29":1,"30":1,"31":1,"32":1,"33":2,"34":2,"35":2,"36":1,"37":35,"38":35,"39":35,"40":0,"41":0,"42":1,"43":1,"44":1,"45":1,"46":1,"47":1,"48":1,"49":1,"50":1,"51":1,"52":1,"53":1,"54":0,"55":0,"56":0,"57":0,"58":1,"59":0,"60":0,"61":0,"62":1,"63":1,"64":0,"65":0,"66":0,"67":0,"68":0,"69":0,"70":0,"71":0,"72":0,"73":0,"74":1,"75":1,"76":1,"77":0,"78":0,"79":0,"80":0,"81":0,"82":0,"83":0,"84":0,"85":0,"86":0,"87":1,"88":1,"89":1,"90":0,"91":0,"92":0,"93":0,"94":0,"95":0,"96":0,"97":0,"98":0,"99":0,"100":0,"101":1,"102":1,"103":1,"104":0,"105":0,"106":0,"107":0,"108":0,"109":0,"110":0,"111":0,"112":0,"113":0,"114":0,"115":1,"116":1,"117":1,"118":0,"119":0,"120":0,"121":0,"122":0,"123":0,"124":0,"125":0,"126":0,"127":0,"128":0,"129":1,"130":0,"131":0,"132":0,"133":0,"134":0,"135":0,"136":0,"137":0,"138":0,"139":1},"f":{"0":111,"1":1,"2":2,"3":35,"4":0,"5":0,"6":0,"7":0,"8":0,"9":0,"10":0,"11":0,"12":0,"13":0,"14":0,"15":0,"16":0,"17":0},"b":{"0":[0,1],"1":[35,0],"2":[0,0],"3":[0,1]},"_coverageSchema":"43e27e138ebf9cfc5966b082cf9a028302ed4184","hash":"3788a3addf14ec4b4f6b1e2a0572d2dad4d902b5","contentHash":"3964d6d999932a72e84f55de09ac2d68"},"/Users/Jacob_MacInnis/ThinkProgramming/think-programming-server/passport/localStrategy.js":{"path":"/Users/Jacob_MacInnis/ThinkProgramming/think-programming-server/passport/localStrategy.js","statementMap":{"0":{"start":{"line":2,"column":36},"end":{"line":2,"column":61}},"1":{"start":{"line":3,"column":13},"end":{"line":3,"column":38}},"2":{"start":{"line":6,"column":22},"end":{"line":37,"column":2}},"3":{"start":{"line":8,"column":2},"end":{"line":36,"column":7}},"4":{"start":{"line":10,"column":6},"end":{"line":10,"column":21}},"5":{"start":{"line":11,"column":6},"end":{"line":17,"column":7}},"6":{"start":{"line":12,"column":20},"end":{"line":12,"column":51}},"7":{"start":{"line":13,"column":8},"end":{"line":13,"column":25}},"8":{"start":{"line":14,"column":8},"end":{"line":14,"column":34}},"9":{"start":{"line":15,"column":8},"end":{"line":15,"column":43}},"10":{"start":{"line":16,"column":8},"end":{"line":16,"column":35}},"11":{"start":{"line":18,"column":6},"end":{"line":18,"column":45}},"12":{"start":{"line":21,"column":6},"end":{"line":28,"column":7}},"13":{"start":{"line":22,"column":20},"end":{"line":22,"column":51}},"14":{"start":{"line":23,"column":8},"end":{"line":23,"column":25}},"15":{"start":{"line":24,"column":8},"end":{"line":25,"column":43}},"16":{"start":{"line":26,"column":8},"end":{"line":26,"column":34}},"17":{"start":{"line":27,"column":8},"end":{"line":27,"column":35}},"18":{"start":{"line":29,"column":6},"end":{"line":29,"column":34}},"19":{"start":{"line":32,"column":6},"end":{"line":34,"column":7}},"20":{"start":{"line":33,"column":8},"end":{"line":33,"column":37}},"21":{"start":{"line":35,"column":6},"end":{"line":35,"column":27}},"22":{"start":{"line":39,"column":0},"end":{"line":39,"column":31}}},"fnMap":{"0":{"name":"(anonymous_0)","decl":{"start":{"line":6,"column":40},"end":{"line":6,"column":41}},"loc":{"start":{"line":6,"column":74},"end":{"line":37,"column":1}},"line":6},"1":{"name":"(anonymous_1)","decl":{"start":{"line":9,"column":10},"end":{"line":9,"column":11}},"loc":{"start":{"line":9,"column":21},"end":{"line":19,"column":5}},"line":9},"2":{"name":"(anonymous_2)","decl":{"start":{"line":20,"column":10},"end":{"line":20,"column":11}},"loc":{"start":{"line":20,"column":21},"end":{"line":30,"column":5}},"line":20},"3":{"name":"(anonymous_3)","decl":{"start":{"line":31,"column":11},"end":{"line":31,"column":12}},"loc":{"start":{"line":31,"column":18},"end":{"line":36,"column":5}},"line":31}},"branchMap":{"0":{"loc":{"start":{"line":11,"column":6},"end":{"line":17,"column":7}},"type":"if","locations":[{"start":{"line":11,"column":6},"end":{"line":17,"column":7}},{"start":{"line":11,"column":6},"end":{"line":17,"column":7}}],"line":11},"1":{"loc":{"start":{"line":21,"column":6},"end":{"line":28,"column":7}},"type":"if","locations":[{"start":{"line":21,"column":6},"end":{"line":28,"column":7}},{"start":{"line":21,"column":6},"end":{"line":28,"column":7}}],"line":21},"2":{"loc":{"start":{"line":32,"column":6},"end":{"line":34,"column":7}},"type":"if","locations":[{"start":{"line":32,"column":6},"end":{"line":34,"column":7}},{"start":{"line":32,"column":6},"end":{"line":34,"column":7}}],"line":32}},"s":{"0":1,"1":1,"2":1,"3":1,"4":1,"5":1,"6":0,"7":0,"8":0,"9":0,"10":0,"11":1,"12":1,"13":0,"14":0,"15":0,"16":0,"17":0,"18":1,"19":0,"20":0,"21":0,"22":1},"f":{"0":1,"1":1,"2":1,"3":0},"b":{"0":[0,1],"1":[0,1],"2":[0,0]},"_coverageSchema":"43e27e138ebf9cfc5966b082cf9a028302ed4184","hash":"c53a42567651a2991649051f4eb6379f199fe26b","contentHash":"93ed0d0019a421ff105609224c08d9f0"},"/Users/Jacob_MacInnis/ThinkProgramming/think-programming-server/models/user.js":{"path":"/Users/Jacob_MacInnis/ThinkProgramming/think-programming-server/models/user.js","statementMap":{"0":{"start":{"line":2,"column":15},"end":{"line":2,"column":34}},"1":{"start":{"line":3,"column":17},"end":{"line":3,"column":36}},"2":{"start":{"line":5,"column":19},"end":{"line":9,"column":2}},"3":{"start":{"line":12,"column":0},"end":{"line":19,"column":3}},"4":{"start":{"line":15,"column":4},"end":{"line":15,"column":22}},"5":{"start":{"line":16,"column":4},"end":{"line":16,"column":22}},"6":{"start":{"line":17,"column":4},"end":{"line":17,"column":27}},"7":{"start":{"line":22,"column":0},"end":{"line":25,"column":2}},"8":{"start":{"line":23,"column":22},"end":{"line":23,"column":26}},"9":{"start":{"line":24,"column":2},"end":{"line":24,"column":51}},"10":{"start":{"line":27,"column":0},"end":{"line":29,"column":2}},"11":{"start":{"line":28,"column":2},"end":{"line":28,"column":30}},"12":{"start":{"line":31,"column":0},"end":{"line":31,"column":52}}},"fnMap":{"0":{"name":"(anonymous_0)","decl":{"start":{"line":14,"column":13},"end":{"line":14,"column":14}},"loc":{"start":{"line":14,"column":30},"end":{"line":18,"column":3}},"line":14},"1":{"name":"(anonymous_1)","decl":{"start":{"line":22,"column":38},"end":{"line":22,"column":39}},"loc":{"start":{"line":22,"column":52},"end":{"line":25,"column":1}},"line":22},"2":{"name":"(anonymous_2)","decl":{"start":{"line":27,"column":34},"end":{"line":27,"column":35}},"loc":{"start":{"line":27,"column":48},"end":{"line":29,"column":1}},"line":27}},"branchMap":{},"s":{"0":1,"1":1,"2":1,"3":1,"4":0,"5":0,"6":0,"7":1,"8":2,"9":2,"10":1,"11":11,"12":1},"f":{"0":0,"1":2,"2":11},"b":{},"_coverageSchema":"43e27e138ebf9cfc5966b082cf9a028302ed4184","hash":"f6ab9daeabcbcb0b5263d7313f1a74f0ce41749f","contentHash":"4629c5a3f0dba36527513af6150b44af"},"/Users/Jacob_MacInnis/ThinkProgramming/think-programming-server/passport/jwt.js":{"path":"/Users/Jacob_MacInnis/ThinkProgramming/think-programming-server/passport/jwt.js","statementMap":{"0":{"start":{"line":2,"column":46},"end":{"line":2,"column":69}},"1":{"start":{"line":3,"column":23},"end":{"line":3,"column":43}},"2":{"start":{"line":5,"column":16},"end":{"line":9,"column":1}},"3":{"start":{"line":11,"column":20},"end":{"line":13,"column":2}},"4":{"start":{"line":12,"column":2},"end":{"line":12,"column":27}},"5":{"start":{"line":15,"column":0},"end":{"line":15,"column":29}}},"fnMap":{"0":{"name":"(anonymous_0)","decl":{"start":{"line":11,"column":45},"end":{"line":11,"column":46}},"loc":{"start":{"line":11,"column":64},"end":{"line":13,"column":1}},"line":11}},"branchMap":{},"s":{"0":1,"1":1,"2":1,"3":1,"4":88,"5":1},"f":{"0":88},"b":{},"_coverageSchema":"43e27e138ebf9cfc5966b082cf9a028302ed4184","hash":"025ac472abf26d220299511ea4c8640a8f6d76a1","contentHash":"b5d07c9d9242a2c319bde2fef0a5ce79"},"/Users/Jacob_MacInnis/ThinkProgramming/think-programming-server/config.js":{"path":"/Users/Jacob_MacInnis/ThinkProgramming/think-programming-server/config.js","statementMap":{"0":{"start":{"line":2,"column":0},"end":{"line":2,"column":27}},"1":{"start":{"line":4,"column":0},"end":{"line":13,"column":2}}},"fnMap":{},"branchMap":{"0":{"loc":{"start":{"line":5,"column":8},"end":{"line":5,"column":32}},"type":"binary-expr","locations":[{"start":{"line":5,"column":8},"end":{"line":5,"column":24}},{"start":{"line":5,"column":28},"end":{"line":5,"column":32}}],"line":5},"1":{"loc":{"start":{"line":6,"column":15},"end":{"line":6,"column":133}},"type":"binary-expr","locations":[{"start":{"line":6,"column":15},"end":{"line":6,"column":38}},{"start":{"line":6,"column":42},"end":{"line":6,"column":133}}],"line":6},"2":{"loc":{"start":{"line":7,"column":20},"end":{"line":8,"column":46}},"type":"binary-expr","locations":[{"start":{"line":7,"column":20},"end":{"line":7,"column":48}},{"start":{"line":8,"column":2},"end":{"line":8,"column":46}}],"line":7},"3":{"loc":{"start":{"line":10,"column":17},"end":{"line":10,"column":64}},"type":"binary-expr","locations":[{"start":{"line":10,"column":17},"end":{"line":10,"column":37}},{"start":{"line":10,"column":41},"end":{"line":10,"column":64}}],"line":10},"4":{"loc":{"start":{"line":12,"column":14},"end":{"line":12,"column":44}},"type":"binary-expr","locations":[{"start":{"line":12,"column":14},"end":{"line":12,"column":36}},{"start":{"line":12,"column":40},"end":{"line":12,"column":44}}],"line":12}},"s":{"0":1,"1":1},"f":{},"b":{"0":[1,1],"1":[1,1],"2":[1,1],"3":[1,0],"4":[1,1]},"_coverageSchema":"43e27e138ebf9cfc5966b082cf9a028302ed4184","hash":"546974db3c803a5baa879d8c26beabbcd5cac73d","contentHash":"c336939db5cc4f128cd2ba451fb1a9e5"},"/Users/Jacob_MacInnis/ThinkProgramming/think-programming-server/routes/auth.js":{"path":"/Users/Jacob_MacInnis/ThinkProgramming/think-programming-server/routes/auth.js","statementMap":{"0":{"start":{"line":3,"column":16},"end":{"line":3,"column":34}},"1":{"start":{"line":5,"column":17},"end":{"line":5,"column":36}},"2":{"start":{"line":7,"column":12},"end":{"line":7,"column":35}},"3":{"start":{"line":9,"column":35},"end":{"line":9,"column":55}},"4":{"start":{"line":11,"column":15},"end":{"line":11,"column":31}},"5":{"start":{"line":13,"column":16},"end":{"line":13,"column":53}},"6":{"start":{"line":15,"column":18},"end":{"line":15,"column":57}},"7":{"start":{"line":18,"column":2},"end":{"line":21,"column":5}},"8":{"start":{"line":23,"column":0},"end":{"line":26,"column":3}},"9":{"start":{"line":24,"column":20},"end":{"line":24,"column":45}},"10":{"start":{"line":25,"column":2},"end":{"line":25,"column":26}},"11":{"start":{"line":27,"column":16},"end":{"line":27,"column":85}},"12":{"start":{"line":29,"column":0},"end":{"line":32,"column":3}},"13":{"start":{"line":30,"column":20},"end":{"line":30,"column":45}},"14":{"start":{"line":31,"column":2},"end":{"line":31,"column":26}},"15":{"start":{"line":34,"column":0},"end":{"line":34,"column":24}}},"fnMap":{"0":{"name":"createAuthToken","decl":{"start":{"line":17,"column":9},"end":{"line":17,"column":24}},"loc":{"start":{"line":17,"column":32},"end":{"line":22,"column":1}},"line":17},"1":{"name":"(anonymous_1)","decl":{"start":{"line":23,"column":33},"end":{"line":23,"column":34}},"loc":{"start":{"line":23,"column":53},"end":{"line":26,"column":1}},"line":23},"2":{"name":"(anonymous_2)","decl":{"start":{"line":29,"column":33},"end":{"line":29,"column":34}},"loc":{"start":{"line":29,"column":47},"end":{"line":32,"column":1}},"line":29}},"branchMap":{},"s":{"0":1,"1":1,"2":1,"3":1,"4":1,"5":1,"6":1,"7":2,"8":1,"9":1,"10":1,"11":1,"12":1,"13":1,"14":1,"15":1},"f":{"0":2,"1":1,"2":1},"b":{},"_coverageSchema":"43e27e138ebf9cfc5966b082cf9a028302ed4184","hash":"525016761576ba21fe49a8965eed1d52e1cd7dfb","contentHash":"804491ba8f0e7c2bfb38933de0195664"},"/Users/Jacob_MacInnis/ThinkProgramming/think-programming-server/routes/users.js":{"path":"/Users/Jacob_MacInnis/ThinkProgramming/think-programming-server/routes/users.js","statementMap":{"0":{"start":{"line":3,"column":16},"end":{"line":3,"column":34}},"1":{"start":{"line":4,"column":13},"end":{"line":4,"column":38}},"2":{"start":{"line":5,"column":18},"end":{"line":5,"column":48}},"3":{"start":{"line":6,"column":15},"end":{"line":6,"column":31}},"4":{"start":{"line":9,"column":0},"end":{"line":124,"column":3}},"5":{"start":{"line":11,"column":25},"end":{"line":11,"column":57}},"6":{"start":{"line":12,"column":23},"end":{"line":12,"column":73}},"7":{"start":{"line":12,"column":52},"end":{"line":12,"column":72}},"8":{"start":{"line":14,"column":2},"end":{"line":20,"column":3}},"9":{"start":{"line":15,"column":16},"end":{"line":15,"column":70}},"10":{"start":{"line":16,"column":4},"end":{"line":16,"column":21}},"11":{"start":{"line":17,"column":4},"end":{"line":17,"column":35}},"12":{"start":{"line":18,"column":4},"end":{"line":18,"column":32}},"13":{"start":{"line":19,"column":4},"end":{"line":19,"column":21}},"14":{"start":{"line":22,"column":23},"end":{"line":22,"column":55}},"15":{"start":{"line":23,"column":25},"end":{"line":25,"column":3}},"16":{"start":{"line":24,"column":13},"end":{"line":24,"column":69}},"17":{"start":{"line":27,"column":2},"end":{"line":33,"column":3}},"18":{"start":{"line":28,"column":16},"end":{"line":28,"column":75}},"19":{"start":{"line":29,"column":4},"end":{"line":29,"column":21}},"20":{"start":{"line":30,"column":4},"end":{"line":30,"column":35}},"21":{"start":{"line":31,"column":4},"end":{"line":31,"column":34}},"22":{"start":{"line":32,"column":4},"end":{"line":32,"column":21}},"23":{"start":{"line":42,"column":33},"end":{"line":42,"column":57}},"24":{"start":{"line":43,"column":26},"end":{"line":45,"column":3}},"25":{"start":{"line":44,"column":13},"end":{"line":44,"column":55}},"26":{"start":{"line":47,"column":2},"end":{"line":55,"column":3}},"27":{"start":{"line":48,"column":16},"end":{"line":50,"column":5}},"28":{"start":{"line":51,"column":4},"end":{"line":51,"column":21}},"29":{"start":{"line":52,"column":4},"end":{"line":52,"column":35}},"30":{"start":{"line":53,"column":4},"end":{"line":53,"column":35}},"31":{"start":{"line":54,"column":4},"end":{"line":54,"column":21}},"32":{"start":{"line":59,"column":22},"end":{"line":62,"column":3}},"33":{"start":{"line":64,"column":24},"end":{"line":68,"column":3}},"34":{"start":{"line":66,"column":6},"end":{"line":67,"column":60}},"35":{"start":{"line":69,"column":2},"end":{"line":78,"column":3}},"36":{"start":{"line":70,"column":16},"end":{"line":70,"column":46}},"37":{"start":{"line":71,"column":16},"end":{"line":73,"column":5}},"38":{"start":{"line":74,"column":4},"end":{"line":74,"column":21}},"39":{"start":{"line":75,"column":4},"end":{"line":75,"column":35}},"40":{"start":{"line":76,"column":4},"end":{"line":76,"column":33}},"41":{"start":{"line":77,"column":4},"end":{"line":77,"column":21}},"42":{"start":{"line":80,"column":24},"end":{"line":84,"column":3}},"43":{"start":{"line":82,"column":6},"end":{"line":83,"column":60}},"44":{"start":{"line":86,"column":2},"end":{"line":95,"column":3}},"45":{"start":{"line":87,"column":16},"end":{"line":87,"column":46}},"46":{"start":{"line":88,"column":16},"end":{"line":90,"column":5}},"47":{"start":{"line":91,"column":4},"end":{"line":91,"column":21}},"48":{"start":{"line":92,"column":4},"end":{"line":92,"column":35}},"49":{"start":{"line":93,"column":4},"end":{"line":93,"column":33}},"50":{"start":{"line":94,"column":4},"end":{"line":94,"column":21}},"51":{"start":{"line":98,"column":42},"end":{"line":98,"column":50}},"52":{"start":{"line":99,"column":2},"end":{"line":99,"column":21}},"53":{"start":{"line":101,"column":2},"end":{"line":123,"column":7}},"54":{"start":{"line":103,"column":22},"end":{"line":107,"column":7}},"55":{"start":{"line":108,"column":6},"end":{"line":108,"column":34}},"56":{"start":{"line":111,"column":6},"end":{"line":114,"column":22}},"57":{"start":{"line":117,"column":6},"end":{"line":121,"column":7}},"58":{"start":{"line":118,"column":8},"end":{"line":118,"column":55}},"59":{"start":{"line":119,"column":8},"end":{"line":119,"column":25}},"60":{"start":{"line":120,"column":8},"end":{"line":120,"column":39}},"61":{"start":{"line":122,"column":6},"end":{"line":122,"column":16}},"62":{"start":{"line":127,"column":0},"end":{"line":175,"column":3}},"63":{"start":{"line":128,"column":2},"end":{"line":128,"column":34}},"64":{"start":{"line":130,"column":25},"end":{"line":130,"column":39}},"65":{"start":{"line":131,"column":23},"end":{"line":131,"column":73}},"66":{"start":{"line":131,"column":52},"end":{"line":131,"column":72}},"67":{"start":{"line":133,"column":2},"end":{"line":139,"column":3}},"68":{"start":{"line":134,"column":16},"end":{"line":134,"column":70}},"69":{"start":{"line":135,"column":4},"end":{"line":135,"column":21}},"70":{"start":{"line":136,"column":4},"end":{"line":136,"column":35}},"71":{"start":{"line":137,"column":4},"end":{"line":137,"column":32}},"72":{"start":{"line":138,"column":4},"end":{"line":138,"column":21}},"73":{"start":{"line":141,"column":23},"end":{"line":141,"column":36}},"74":{"start":{"line":142,"column":25},"end":{"line":144,"column":3}},"75":{"start":{"line":143,"column":13},"end":{"line":143,"column":69}},"76":{"start":{"line":146,"column":2},"end":{"line":152,"column":3}},"77":{"start":{"line":147,"column":16},"end":{"line":147,"column":75}},"78":{"start":{"line":148,"column":4},"end":{"line":148,"column":21}},"79":{"start":{"line":149,"column":4},"end":{"line":149,"column":35}},"80":{"start":{"line":150,"column":4},"end":{"line":150,"column":34}},"81":{"start":{"line":151,"column":4},"end":{"line":151,"column":21}},"82":{"start":{"line":153,"column":23},"end":{"line":153,"column":31}},"83":{"start":{"line":154,"column":2},"end":{"line":174,"column":7}},"84":{"start":{"line":156,"column":6},"end":{"line":164,"column":9}},"85":{"start":{"line":167,"column":6},"end":{"line":167,"column":84}},"86":{"start":{"line":170,"column":6},"end":{"line":172,"column":7}},"87":{"start":{"line":171,"column":8},"end":{"line":171,"column":46}},"88":{"start":{"line":173,"column":6},"end":{"line":173,"column":16}},"89":{"start":{"line":178,"column":0},"end":{"line":178,"column":24}}},"fnMap":{"0":{"name":"(anonymous_0)","decl":{"start":{"line":9,"column":17},"end":{"line":9,"column":18}},"loc":{"start":{"line":9,"column":37},"end":{"line":124,"column":1}},"line":9},"1":{"name":"(anonymous_1)","decl":{"start":{"line":12,"column":43},"end":{"line":12,"column":44}},"loc":{"start":{"line":12,"column":52},"end":{"line":12,"column":72}},"line":12},"2":{"name":"(anonymous_2)","decl":{"start":{"line":24,"column":4},"end":{"line":24,"column":5}},"loc":{"start":{"line":24,"column":13},"end":{"line":24,"column":69}},"line":24},"3":{"name":"(anonymous_3)","decl":{"start":{"line":44,"column":4},"end":{"line":44,"column":5}},"loc":{"start":{"line":44,"column":13},"end":{"line":44,"column":55}},"line":44},"4":{"name":"(anonymous_4)","decl":{"start":{"line":65,"column":4},"end":{"line":65,"column":5}},"loc":{"start":{"line":66,"column":6},"end":{"line":67,"column":60}},"line":66},"5":{"name":"(anonymous_5)","decl":{"start":{"line":81,"column":4},"end":{"line":81,"column":5}},"loc":{"start":{"line":82,"column":6},"end":{"line":83,"column":60}},"line":82},"6":{"name":"(anonymous_6)","decl":{"start":{"line":102,"column":10},"end":{"line":102,"column":11}},"loc":{"start":{"line":102,"column":20},"end":{"line":109,"column":5}},"line":102},"7":{"name":"(anonymous_7)","decl":{"start":{"line":110,"column":10},"end":{"line":110,"column":11}},"loc":{"start":{"line":110,"column":20},"end":{"line":115,"column":5}},"line":110},"8":{"name":"(anonymous_8)","decl":{"start":{"line":116,"column":11},"end":{"line":116,"column":12}},"loc":{"start":{"line":116,"column":18},"end":{"line":123,"column":5}},"line":116},"9":{"name":"(anonymous_9)","decl":{"start":{"line":127,"column":22},"end":{"line":127,"column":23}},"loc":{"start":{"line":127,"column":42},"end":{"line":175,"column":1}},"line":127},"10":{"name":"(anonymous_10)","decl":{"start":{"line":131,"column":43},"end":{"line":131,"column":44}},"loc":{"start":{"line":131,"column":52},"end":{"line":131,"column":72}},"line":131},"11":{"name":"(anonymous_11)","decl":{"start":{"line":143,"column":4},"end":{"line":143,"column":5}},"loc":{"start":{"line":143,"column":13},"end":{"line":143,"column":69}},"line":143},"12":{"name":"(anonymous_12)","decl":{"start":{"line":155,"column":10},"end":{"line":155,"column":11}},"loc":{"start":{"line":155,"column":17},"end":{"line":165,"column":5}},"line":155},"13":{"name":"(anonymous_13)","decl":{"start":{"line":166,"column":10},"end":{"line":166,"column":11}},"loc":{"start":{"line":166,"column":20},"end":{"line":168,"column":5}},"line":166},"14":{"name":"(anonymous_14)","decl":{"start":{"line":169,"column":11},"end":{"line":169,"column":12}},"loc":{"start":{"line":169,"column":18},"end":{"line":174,"column":5}},"line":169}},"branchMap":{"0":{"loc":{"start":{"line":14,"column":2},"end":{"line":20,"column":3}},"type":"if","locations":[{"start":{"line":14,"column":2},"end":{"line":20,"column":3}},{"start":{"line":14,"column":2},"end":{"line":20,"column":3}}],"line":14},"1":{"loc":{"start":{"line":24,"column":13},"end":{"line":24,"column":69}},"type":"binary-expr","locations":[{"start":{"line":24,"column":13},"end":{"line":24,"column":30}},{"start":{"line":24,"column":34},"end":{"line":24,"column":69}}],"line":24},"2":{"loc":{"start":{"line":27,"column":2},"end":{"line":33,"column":3}},"type":"if","locations":[{"start":{"line":27,"column":2},"end":{"line":33,"column":3}},{"start":{"line":27,"column":2},"end":{"line":33,"column":3}}],"line":27},"3":{"loc":{"start":{"line":47,"column":2},"end":{"line":55,"column":3}},"type":"if","locations":[{"start":{"line":47,"column":2},"end":{"line":55,"column":3}},{"start":{"line":47,"column":2},"end":{"line":55,"column":3}}],"line":47},"4":{"loc":{"start":{"line":66,"column":6},"end":{"line":67,"column":60}},"type":"binary-expr","locations":[{"start":{"line":66,"column":6},"end":{"line":66,"column":33}},{"start":{"line":67,"column":6},"end":{"line":67,"column":60}}],"line":66},"5":{"loc":{"start":{"line":69,"column":2},"end":{"line":78,"column":3}},"type":"if","locations":[{"start":{"line":69,"column":2},"end":{"line":78,"column":3}},{"start":{"line":69,"column":2},"end":{"line":78,"column":3}}],"line":69},"6":{"loc":{"start":{"line":82,"column":6},"end":{"line":83,"column":60}},"type":"binary-expr","locations":[{"start":{"line":82,"column":6},"end":{"line":82,"column":33}},{"start":{"line":83,"column":6},"end":{"line":83,"column":60}}],"line":82},"7":{"loc":{"start":{"line":86,"column":2},"end":{"line":95,"column":3}},"type":"if","locations":[{"start":{"line":86,"column":2},"end":{"line":95,"column":3}},{"start":{"line":86,"column":2},"end":{"line":95,"column":3}}],"line":86},"8":{"loc":{"start":{"line":98,"column":28},"end":{"line":98,"column":37}},"type":"default-arg","locations":[{"start":{"line":98,"column":35},"end":{"line":98,"column":37}}],"line":98},"9":{"loc":{"start":{"line":117,"column":6},"end":{"line":121,"column":7}},"type":"if","locations":[{"start":{"line":117,"column":6},"end":{"line":121,"column":7}},{"start":{"line":117,"column":6},"end":{"line":121,"column":7}}],"line":117},"10":{"loc":{"start":{"line":133,"column":2},"end":{"line":139,"column":3}},"type":"if","locations":[{"start":{"line":133,"column":2},"end":{"line":139,"column":3}},{"start":{"line":133,"column":2},"end":{"line":139,"column":3}}],"line":133},"11":{"loc":{"start":{"line":143,"column":13},"end":{"line":143,"column":69}},"type":"binary-expr","locations":[{"start":{"line":143,"column":13},"end":{"line":143,"column":30}},{"start":{"line":143,"column":34},"end":{"line":143,"column":69}}],"line":143},"12":{"loc":{"start":{"line":146,"column":2},"end":{"line":152,"column":3}},"type":"if","locations":[{"start":{"line":146,"column":2},"end":{"line":152,"column":3}},{"start":{"line":146,"column":2},"end":{"line":152,"column":3}}],"line":146},"13":{"loc":{"start":{"line":170,"column":6},"end":{"line":172,"column":7}},"type":"if","locations":[{"start":{"line":170,"column":6},"end":{"line":172,"column":7}},{"start":{"line":170,"column":6},"end":{"line":172,"column":7}}],"line":170}},"s":{"0":1,"1":1,"2":1,"3":1,"4":1,"5":11,"6":11,"7":32,"8":11,"9":2,"10":2,"11":2,"12":2,"13":2,"14":9,"15":9,"16":24,"17":9,"18":2,"19":2,"20":2,"21":2,"22":2,"23":7,"24":7,"25":13,"26":7,"27":2,"28":2,"29":2,"30":2,"31":2,"32":5,"33":5,"34":9,"35":5,"36":2,"37":2,"38":2,"39":2,"40":2,"41":2,"42":3,"43":6,"44":3,"45":1,"46":1,"47":1,"48":1,"49":1,"50":1,"51":2,"52":2,"53":2,"54":2,"55":2,"56":1,"57":1,"58":1,"59":1,"60":1,"61":1,"62":1,"63":0,"64":0,"65":0,"66":0,"67":0,"68":0,"69":0,"70":0,"71":0,"72":0,"73":0,"74":0,"75":0,"76":0,"77":0,"78":0,"79":0,"80":0,"81":0,"82":0,"83":0,"84":0,"85":0,"86":0,"87":0,"88":0,"89":1},"f":{"0":11,"1":32,"2":24,"3":13,"4":9,"5":6,"6":2,"7":1,"8":1,"9":0,"10":0,"11":0,"12":0,"13":0,"14":0},"b":{"0":[2,9],"1":[24,24],"2":[2,7],"3":[2,5],"4":[9,9],"5":[2,3],"6":[6,3],"7":[1,2],"8":[0],"9":[1,0],"10":[0,0],"11":[0,0],"12":[0,0],"13":[0,0]},"_coverageSchema":"43e27e138ebf9cfc5966b082cf9a028302ed4184","hash":"951561f2a9afba06860871da409463175b6d2dad","contentHash":"ba25bc9c19deb0713a5eed6c8720011e"},"/Users/Jacob_MacInnis/ThinkProgramming/think-programming-server/models/userStats.js":{"path":"/Users/Jacob_MacInnis/ThinkProgramming/think-programming-server/models/userStats.js","statementMap":{"0":{"start":{"line":2,"column":17},"end":{"line":2,"column":36}},"1":{"start":{"line":4,"column":24},"end":{"line":32,"column":2}},"2":{"start":{"line":35,"column":0},"end":{"line":42,"column":3}},"3":{"start":{"line":38,"column":4},"end":{"line":38,"column":22}},"4":{"start":{"line":39,"column":4},"end":{"line":39,"column":22}},"5":{"start":{"line":40,"column":4},"end":{"line":40,"column":27}},"6":{"start":{"line":44,"column":0},"end":{"line":44,"column":68}}},"fnMap":{"0":{"name":"(anonymous_0)","decl":{"start":{"line":37,"column":13},"end":{"line":37,"column":14}},"loc":{"start":{"line":37,"column":30},"end":{"line":41,"column":3}},"line":37}},"branchMap":{},"s":{"0":1,"1":1,"2":1,"3":0,"4":0,"5":0,"6":1},"f":{"0":0},"b":{},"_coverageSchema":"43e27e138ebf9cfc5966b082cf9a028302ed4184","hash":"28ceda611b3a51a541d48d88099e809247d21b70","contentHash":"1fb5184e9266fa42ccb7af03e9784897"},"/Users/Jacob_MacInnis/ThinkProgramming/think-programming-server/routes/gameRoom.js":{"path":"/Users/Jacob_MacInnis/ThinkProgramming/think-programming-server/routes/gameRoom.js","statementMap":{"0":{"start":{"line":2,"column":16},"end":{"line":2,"column":34}},"1":{"start":{"line":3,"column":17},"end":{"line":3,"column":36}},"2":{"start":{"line":4,"column":22},"end":{"line":4,"column":56}},"3":{"start":{"line":5,"column":18},"end":{"line":5,"column":48}},"4":{"start":{"line":8,"column":18},"end":{"line":8,"column":73}},"5":{"start":{"line":9,"column":18},"end":{"line":9,"column":73}},"6":{"start":{"line":10,"column":18},"end":{"line":10,"column":73}},"7":{"start":{"line":11,"column":18},"end":{"line":11,"column":73}},"8":{"start":{"line":12,"column":18},"end":{"line":12,"column":73}},"9":{"start":{"line":15,"column":20},"end":{"line":15,"column":69}},"10":{"start":{"line":16,"column":20},"end":{"line":16,"column":69}},"11":{"start":{"line":17,"column":20},"end":{"line":17,"column":69}},"12":{"start":{"line":18,"column":20},"end":{"line":18,"column":69}},"13":{"start":{"line":19,"column":20},"end":{"line":19,"column":69}},"14":{"start":{"line":22,"column":19},"end":{"line":22,"column":67}},"15":{"start":{"line":23,"column":19},"end":{"line":23,"column":67}},"16":{"start":{"line":24,"column":19},"end":{"line":24,"column":67}},"17":{"start":{"line":25,"column":19},"end":{"line":25,"column":67}},"18":{"start":{"line":26,"column":19},"end":{"line":26,"column":67}},"19":{"start":{"line":29,"column":38},"end":{"line":29,"column":108}},"20":{"start":{"line":30,"column":32},"end":{"line":30,"column":96}},"21":{"start":{"line":31,"column":31},"end":{"line":31,"column":94}},"22":{"start":{"line":33,"column":15},"end":{"line":33,"column":31}},"23":{"start":{"line":36,"column":0},"end":{"line":67,"column":3}},"24":{"start":{"line":38,"column":26},"end":{"line":38,"column":35}},"25":{"start":{"line":39,"column":2},"end":{"line":43,"column":3}},"26":{"start":{"line":40,"column":16},"end":{"line":40,"column":65}},"27":{"start":{"line":41,"column":4},"end":{"line":41,"column":21}},"28":{"start":{"line":42,"column":4},"end":{"line":42,"column":21}},"29":{"start":{"line":44,"column":2},"end":{"line":44,"column":20}},"30":{"start":{"line":45,"column":2},"end":{"line":49,"column":3}},"31":{"start":{"line":46,"column":16},"end":{"line":46,"column":62}},"32":{"start":{"line":47,"column":4},"end":{"line":47,"column":21}},"33":{"start":{"line":48,"column":4},"end":{"line":48,"column":21}},"34":{"start":{"line":51,"column":2},"end":{"line":55,"column":3}},"35":{"start":{"line":52,"column":16},"end":{"line":52,"column":82}},"36":{"start":{"line":53,"column":4},"end":{"line":53,"column":21}},"37":{"start":{"line":54,"column":4},"end":{"line":54,"column":21}},"38":{"start":{"line":56,"column":2},"end":{"line":66,"column":7}},"39":{"start":{"line":58,"column":6},"end":{"line":58,"column":43}},"40":{"start":{"line":61,"column":6},"end":{"line":61,"column":23}},"41":{"start":{"line":62,"column":6},"end":{"line":64,"column":7}},"42":{"start":{"line":63,"column":8},"end":{"line":63,"column":46}},"43":{"start":{"line":65,"column":6},"end":{"line":65,"column":16}},"44":{"start":{"line":70,"column":0},"end":{"line":191,"column":3}},"45":{"start":{"line":71,"column":17},"end":{"line":71,"column":29}},"46":{"start":{"line":73,"column":2},"end":{"line":77,"column":3}},"47":{"start":{"line":74,"column":16},"end":{"line":74,"column":50}},"48":{"start":{"line":75,"column":4},"end":{"line":75,"column":21}},"49":{"start":{"line":76,"column":4},"end":{"line":76,"column":21}},"50":{"start":{"line":79,"column":16},"end":{"line":79,"column":26}},"51":{"start":{"line":80,"column":2},"end":{"line":80,"column":18}},"52":{"start":{"line":81,"column":19},"end":{"line":81,"column":34}},"53":{"start":{"line":83,"column":2},"end":{"line":87,"column":3}},"54":{"start":{"line":84,"column":16},"end":{"line":84,"column":56}},"55":{"start":{"line":85,"column":4},"end":{"line":85,"column":21}},"56":{"start":{"line":86,"column":4},"end":{"line":86,"column":21}},"57":{"start":{"line":88,"column":2},"end":{"line":92,"column":3}},"58":{"start":{"line":89,"column":16},"end":{"line":89,"column":56}},"59":{"start":{"line":90,"column":4},"end":{"line":90,"column":21}},"60":{"start":{"line":91,"column":4},"end":{"line":91,"column":21}},"61":{"start":{"line":95,"column":20},"end":{"line":95,"column":49}},"62":{"start":{"line":96,"column":23},"end":{"line":96,"column":61}},"63":{"start":{"line":100,"column":4},"end":{"line":102,"column":5}},"64":{"start":{"line":101,"column":6},"end":{"line":101,"column":18}},"65":{"start":{"line":104,"column":23},"end":{"line":104,"column":50}},"66":{"start":{"line":107,"column":2},"end":{"line":190,"column":3}},"67":{"start":{"line":109,"column":4},"end":{"line":129,"column":9}},"68":{"start":{"line":110,"column":6},"end":{"line":110,"column":58}},"69":{"start":{"line":111,"column":6},"end":{"line":111,"column":61}},"70":{"start":{"line":112,"column":6},"end":{"line":112,"column":63}},"71":{"start":{"line":113,"column":6},"end":{"line":113,"column":102}},"72":{"start":{"line":114,"column":6},"end":{"line":114,"column":78}},"73":{"start":{"line":115,"column":6},"end":{"line":115,"column":81}},"74":{"start":{"line":116,"column":6},"end":{"line":116,"column":46}},"75":{"start":{"line":117,"column":6},"end":{"line":117,"column":132}},"76":{"start":{"line":118,"column":6},"end":{"line":122,"column":9}},"77":{"start":{"line":119,"column":8},"end":{"line":121,"column":9}},"78":{"start":{"line":120,"column":10},"end":{"line":120,"column":52}},"79":{"start":{"line":125,"column":8},"end":{"line":125,"column":72}},"80":{"start":{"line":128,"column":8},"end":{"line":128,"column":46}},"81":{"start":{"line":134,"column":45},"end":{"line":136,"column":6}},"82":{"start":{"line":135,"column":6},"end":{"line":135,"column":49}},"83":{"start":{"line":139,"column":4},"end":{"line":189,"column":5}},"84":{"start":{"line":140,"column":6},"end":{"line":148,"column":7}},"85":{"start":{"line":141,"column":8},"end":{"line":141,"column":47}},"86":{"start":{"line":144,"column":8},"end":{"line":147,"column":13}},"87":{"start":{"line":146,"column":12},"end":{"line":146,"column":68}},"88":{"start":{"line":149,"column":11},"end":{"line":189,"column":5}},"89":{"start":{"line":150,"column":6},"end":{"line":158,"column":7}},"90":{"start":{"line":151,"column":8},"end":{"line":151,"column":47}},"91":{"start":{"line":154,"column":8},"end":{"line":157,"column":13}},"92":{"start":{"line":156,"column":12},"end":{"line":156,"column":68}},"93":{"start":{"line":159,"column":11},"end":{"line":189,"column":5}},"94":{"start":{"line":160,"column":6},"end":{"line":168,"column":7}},"95":{"start":{"line":161,"column":8},"end":{"line":161,"column":47}},"96":{"start":{"line":164,"column":8},"end":{"line":167,"column":13}},"97":{"start":{"line":166,"column":12},"end":{"line":166,"column":68}},"98":{"start":{"line":169,"column":11},"end":{"line":189,"column":5}},"99":{"start":{"line":170,"column":6},"end":{"line":178,"column":7}},"100":{"start":{"line":171,"column":8},"end":{"line":171,"column":47}},"101":{"start":{"line":174,"column":8},"end":{"line":177,"column":13}},"102":{"start":{"line":176,"column":12},"end":{"line":176,"column":68}},"103":{"start":{"line":179,"column":11},"end":{"line":189,"column":5}},"104":{"start":{"line":180,"column":6},"end":{"line":188,"column":7}},"105":{"start":{"line":181,"column":8},"end":{"line":181,"column":47}},"106":{"start":{"line":184,"column":8},"end":{"line":187,"column":13}},"107":{"start":{"line":186,"column":12},"end":{"line":186,"column":68}},"108":{"start":{"line":194,"column":0},"end":{"line":300,"column":3}},"109":{"start":{"line":195,"column":17},"end":{"line":195,"column":29}},"110":{"start":{"line":196,"column":16},"end":{"line":196,"column":26}},"111":{"start":{"line":197,"column":2},"end":{"line":197,"column":20}},"112":{"start":{"line":198,"column":21},"end":{"line":198,"column":36}},"113":{"start":{"line":200,"column":2},"end":{"line":204,"column":3}},"114":{"start":{"line":201,"column":16},"end":{"line":201,"column":50}},"115":{"start":{"line":202,"column":4},"end":{"line":202,"column":21}},"116":{"start":{"line":203,"column":4},"end":{"line":203,"column":21}},"117":{"start":{"line":205,"column":2},"end":{"line":210,"column":3}},"118":{"start":{"line":206,"column":16},"end":{"line":206,"column":56}},"119":{"start":{"line":207,"column":4},"end":{"line":207,"column":66}},"120":{"start":{"line":208,"column":4},"end":{"line":208,"column":21}},"121":{"start":{"line":209,"column":4},"end":{"line":209,"column":21}},"122":{"start":{"line":211,"column":2},"end":{"line":216,"column":3}},"123":{"start":{"line":212,"column":16},"end":{"line":212,"column":56}},"124":{"start":{"line":213,"column":4},"end":{"line":213,"column":66}},"125":{"start":{"line":214,"column":4},"end":{"line":214,"column":21}},"126":{"start":{"line":215,"column":4},"end":{"line":215,"column":21}},"127":{"start":{"line":220,"column":24},"end":{"line":220,"column":56}},"128":{"start":{"line":222,"column":2},"end":{"line":299,"column":3}},"129":{"start":{"line":223,"column":4},"end":{"line":237,"column":9}},"130":{"start":{"line":224,"column":6},"end":{"line":224,"column":58}},"131":{"start":{"line":225,"column":6},"end":{"line":225,"column":66}},"132":{"start":{"line":226,"column":6},"end":{"line":230,"column":9}},"133":{"start":{"line":227,"column":8},"end":{"line":229,"column":9}},"134":{"start":{"line":228,"column":10},"end":{"line":228,"column":52}},"135":{"start":{"line":233,"column":8},"end":{"line":233,"column":68}},"136":{"start":{"line":236,"column":8},"end":{"line":236,"column":46}},"137":{"start":{"line":240,"column":39},"end":{"line":242,"column":6}},"138":{"start":{"line":241,"column":6},"end":{"line":241,"column":43}},"139":{"start":{"line":243,"column":4},"end":{"line":298,"column":5}},"140":{"start":{"line":244,"column":6},"end":{"line":252,"column":7}},"141":{"start":{"line":245,"column":8},"end":{"line":245,"column":45}},"142":{"start":{"line":248,"column":8},"end":{"line":251,"column":13}},"143":{"start":{"line":250,"column":12},"end":{"line":250,"column":68}},"144":{"start":{"line":253,"column":11},"end":{"line":298,"column":5}},"145":{"start":{"line":254,"column":6},"end":{"line":262,"column":7}},"146":{"start":{"line":255,"column":8},"end":{"line":255,"column":45}},"147":{"start":{"line":258,"column":8},"end":{"line":261,"column":13}},"148":{"start":{"line":260,"column":12},"end":{"line":260,"column":68}},"149":{"start":{"line":263,"column":11},"end":{"line":298,"column":5}},"150":{"start":{"line":264,"column":6},"end":{"line":272,"column":7}},"151":{"start":{"line":265,"column":8},"end":{"line":265,"column":45}},"152":{"start":{"line":268,"column":8},"end":{"line":271,"column":13}},"153":{"start":{"line":270,"column":12},"end":{"line":270,"column":68}},"154":{"start":{"line":273,"column":11},"end":{"line":298,"column":5}},"155":{"start":{"line":274,"column":6},"end":{"line":282,"column":7}},"156":{"start":{"line":275,"column":8},"end":{"line":275,"column":45}},"157":{"start":{"line":278,"column":8},"end":{"line":281,"column":13}},"158":{"start":{"line":280,"column":12},"end":{"line":280,"column":68}},"159":{"start":{"line":283,"column":11},"end":{"line":298,"column":5}},"160":{"start":{"line":284,"column":6},"end":{"line":292,"column":7}},"161":{"start":{"line":285,"column":8},"end":{"line":285,"column":45}},"162":{"start":{"line":288,"column":8},"end":{"line":291,"column":13}},"163":{"start":{"line":290,"column":12},"end":{"line":290,"column":68}},"164":{"start":{"line":294,"column":18},"end":{"line":294,"column":61}},"165":{"start":{"line":295,"column":6},"end":{"line":295,"column":68}},"166":{"start":{"line":296,"column":6},"end":{"line":296,"column":23}},"167":{"start":{"line":297,"column":6},"end":{"line":297,"column":23}},"168":{"start":{"line":303,"column":0},"end":{"line":414,"column":3}},"169":{"start":{"line":304,"column":17},"end":{"line":304,"column":29}},"170":{"start":{"line":305,"column":16},"end":{"line":305,"column":26}},"171":{"start":{"line":306,"column":2},"end":{"line":306,"column":20}},"172":{"start":{"line":309,"column":20},"end":{"line":309,"column":35}},"173":{"start":{"line":312,"column":2},"end":{"line":316,"column":3}},"174":{"start":{"line":313,"column":16},"end":{"line":313,"column":50}},"175":{"start":{"line":314,"column":4},"end":{"line":314,"column":21}},"176":{"start":{"line":315,"column":4},"end":{"line":315,"column":21}},"177":{"start":{"line":317,"column":2},"end":{"line":322,"column":3}},"178":{"start":{"line":318,"column":16},"end":{"line":318,"column":56}},"179":{"start":{"line":319,"column":4},"end":{"line":319,"column":65}},"180":{"start":{"line":320,"column":4},"end":{"line":320,"column":21}},"181":{"start":{"line":321,"column":4},"end":{"line":321,"column":21}},"182":{"start":{"line":323,"column":2},"end":{"line":328,"column":3}},"183":{"start":{"line":324,"column":16},"end":{"line":324,"column":56}},"184":{"start":{"line":325,"column":4},"end":{"line":325,"column":65}},"185":{"start":{"line":326,"column":4},"end":{"line":326,"column":21}},"186":{"start":{"line":327,"column":4},"end":{"line":327,"column":21}},"187":{"start":{"line":331,"column":23},"end":{"line":331,"column":54}},"188":{"start":{"line":335,"column":4},"end":{"line":337,"column":5}},"189":{"start":{"line":336,"column":6},"end":{"line":336,"column":18}},"190":{"start":{"line":339,"column":23},"end":{"line":339,"column":51}},"191":{"start":{"line":341,"column":2},"end":{"line":413,"column":3}},"192":{"start":{"line":342,"column":4},"end":{"line":356,"column":9}},"193":{"start":{"line":343,"column":6},"end":{"line":343,"column":58}},"194":{"start":{"line":344,"column":6},"end":{"line":344,"column":64}},"195":{"start":{"line":345,"column":6},"end":{"line":349,"column":9}},"196":{"start":{"line":346,"column":8},"end":{"line":348,"column":9}},"197":{"start":{"line":347,"column":10},"end":{"line":347,"column":52}},"198":{"start":{"line":352,"column":8},"end":{"line":352,"column":69}},"199":{"start":{"line":355,"column":8},"end":{"line":355,"column":46}},"200":{"start":{"line":359,"column":38},"end":{"line":361,"column":6}},"201":{"start":{"line":360,"column":6},"end":{"line":360,"column":42}},"202":{"start":{"line":362,"column":4},"end":{"line":412,"column":5}},"203":{"start":{"line":363,"column":6},"end":{"line":371,"column":7}},"204":{"start":{"line":364,"column":8},"end":{"line":364,"column":43}},"205":{"start":{"line":367,"column":8},"end":{"line":370,"column":13}},"206":{"start":{"line":369,"column":12},"end":{"line":369,"column":68}},"207":{"start":{"line":372,"column":11},"end":{"line":412,"column":5}},"208":{"start":{"line":373,"column":6},"end":{"line":381,"column":7}},"209":{"start":{"line":374,"column":8},"end":{"line":374,"column":43}},"210":{"start":{"line":377,"column":8},"end":{"line":380,"column":13}},"211":{"start":{"line":379,"column":12},"end":{"line":379,"column":68}},"212":{"start":{"line":382,"column":11},"end":{"line":412,"column":5}},"213":{"start":{"line":383,"column":6},"end":{"line":391,"column":7}},"214":{"start":{"line":384,"column":8},"end":{"line":384,"column":43}},"215":{"start":{"line":387,"column":8},"end":{"line":390,"column":13}},"216":{"start":{"line":389,"column":12},"end":{"line":389,"column":68}},"217":{"start":{"line":392,"column":11},"end":{"line":412,"column":5}},"218":{"start":{"line":393,"column":6},"end":{"line":401,"column":7}},"219":{"start":{"line":394,"column":8},"end":{"line":394,"column":43}},"220":{"start":{"line":397,"column":8},"end":{"line":400,"column":13}},"221":{"start":{"line":399,"column":12},"end":{"line":399,"column":68}},"222":{"start":{"line":402,"column":11},"end":{"line":412,"column":5}},"223":{"start":{"line":403,"column":6},"end":{"line":411,"column":7}},"224":{"start":{"line":404,"column":8},"end":{"line":404,"column":43}},"225":{"start":{"line":407,"column":8},"end":{"line":410,"column":13}},"226":{"start":{"line":409,"column":12},"end":{"line":409,"column":68}},"227":{"start":{"line":417,"column":0},"end":{"line":574,"column":3}},"228":{"start":{"line":418,"column":17},"end":{"line":418,"column":29}},"229":{"start":{"line":420,"column":2},"end":{"line":424,"column":3}},"230":{"start":{"line":421,"column":16},"end":{"line":421,"column":50}},"231":{"start":{"line":422,"column":4},"end":{"line":422,"column":21}},"232":{"start":{"line":423,"column":4},"end":{"line":423,"column":21}},"233":{"start":{"line":426,"column":17},"end":{"line":426,"column":27}},"234":{"start":{"line":427,"column":2},"end":{"line":427,"column":20}},"235":{"start":{"line":429,"column":2},"end":{"line":434,"column":3}},"236":{"start":{"line":430,"column":16},"end":{"line":430,"column":73}},"237":{"start":{"line":431,"column":4},"end":{"line":431,"column":21}},"238":{"start":{"line":432,"column":4},"end":{"line":432,"column":54}},"239":{"start":{"line":433,"column":4},"end":{"line":433,"column":21}},"240":{"start":{"line":435,"column":18},"end":{"line":435,"column":33}},"241":{"start":{"line":437,"column":2},"end":{"line":573,"column":3}},"242":{"start":{"line":438,"column":4},"end":{"line":470,"column":5}},"243":{"start":{"line":439,"column":6},"end":{"line":453,"column":11}},"244":{"start":{"line":440,"column":8},"end":{"line":440,"column":60}},"245":{"start":{"line":441,"column":8},"end":{"line":441,"column":80}},"246":{"start":{"line":442,"column":8},"end":{"line":446,"column":11}},"247":{"start":{"line":443,"column":10},"end":{"line":445,"column":11}},"248":{"start":{"line":444,"column":12},"end":{"line":444,"column":54}},"249":{"start":{"line":449,"column":10},"end":{"line":449,"column":27}},"250":{"start":{"line":452,"column":10},"end":{"line":452,"column":48}},"251":{"start":{"line":455,"column":6},"end":{"line":469,"column":11}},"252":{"start":{"line":456,"column":8},"end":{"line":456,"column":60}},"253":{"start":{"line":457,"column":8},"end":{"line":457,"column":80}},"254":{"start":{"line":458,"column":8},"end":{"line":462,"column":11}},"255":{"start":{"line":459,"column":10},"end":{"line":461,"column":11}},"256":{"start":{"line":460,"column":12},"end":{"line":460,"column":54}},"257":{"start":{"line":465,"column":10},"end":{"line":465,"column":27}},"258":{"start":{"line":468,"column":10},"end":{"line":468,"column":48}},"259":{"start":{"line":471,"column":9},"end":{"line":573,"column":3}},"260":{"start":{"line":472,"column":4},"end":{"line":504,"column":5}},"261":{"start":{"line":473,"column":6},"end":{"line":487,"column":11}},"262":{"start":{"line":474,"column":8},"end":{"line":474,"column":60}},"263":{"start":{"line":475,"column":8},"end":{"line":475,"column":68}},"264":{"start":{"line":476,"column":8},"end":{"line":480,"column":11}},"265":{"start":{"line":477,"column":10},"end":{"line":479,"column":11}},"266":{"start":{"line":478,"column":12},"end":{"line":478,"column":54}},"267":{"start":{"line":483,"column":10},"end":{"line":483,"column":27}},"268":{"start":{"line":486,"column":10},"end":{"line":486,"column":48}},"269":{"start":{"line":489,"column":6},"end":{"line":503,"column":11}},"270":{"start":{"line":490,"column":8},"end":{"line":490,"column":60}},"271":{"start":{"line":491,"column":8},"end":{"line":491,"column":68}},"272":{"start":{"line":492,"column":8},"end":{"line":496,"column":11}},"273":{"start":{"line":493,"column":10},"end":{"line":495,"column":11}},"274":{"start":{"line":494,"column":12},"end":{"line":494,"column":54}},"275":{"start":{"line":499,"column":10},"end":{"line":499,"column":27}},"276":{"start":{"line":502,"column":10},"end":{"line":502,"column":48}},"277":{"start":{"line":505,"column":9},"end":{"line":573,"column":3}},"278":{"start":{"line":506,"column":4},"end":{"line":538,"column":5}},"279":{"start":{"line":507,"column":6},"end":{"line":521,"column":11}},"280":{"start":{"line":508,"column":8},"end":{"line":508,"column":60}},"281":{"start":{"line":509,"column":8},"end":{"line":509,"column":66}},"282":{"start":{"line":510,"column":8},"end":{"line":514,"column":11}},"283":{"start":{"line":511,"column":10},"end":{"line":513,"column":11}},"284":{"start":{"line":512,"column":12},"end":{"line":512,"column":54}},"285":{"start":{"line":517,"column":10},"end":{"line":517,"column":27}},"286":{"start":{"line":520,"column":10},"end":{"line":520,"column":48}},"287":{"start":{"line":523,"column":6},"end":{"line":537,"column":11}},"288":{"start":{"line":524,"column":8},"end":{"line":524,"column":60}},"289":{"start":{"line":525,"column":8},"end":{"line":525,"column":66}},"290":{"start":{"line":526,"column":8},"end":{"line":530,"column":11}},"291":{"start":{"line":527,"column":10},"end":{"line":529,"column":11}},"292":{"start":{"line":528,"column":12},"end":{"line":528,"column":54}},"293":{"start":{"line":533,"column":10},"end":{"line":533,"column":27}},"294":{"start":{"line":536,"column":10},"end":{"line":536,"column":48}},"295":{"start":{"line":539,"column":9},"end":{"line":573,"column":3}},"296":{"start":{"line":540,"column":4},"end":{"line":572,"column":5}},"297":{"start":{"line":541,"column":6},"end":{"line":555,"column":11}},"298":{"start":{"line":542,"column":8},"end":{"line":542,"column":60}},"299":{"start":{"line":543,"column":8},"end":{"line":543,"column":66}},"300":{"start":{"line":544,"column":8},"end":{"line":548,"column":11}},"301":{"start":{"line":545,"column":10},"end":{"line":547,"column":11}},"302":{"start":{"line":546,"column":12},"end":{"line":546,"column":54}},"303":{"start":{"line":551,"column":10},"end":{"line":551,"column":27}},"304":{"start":{"line":554,"column":10},"end":{"line":554,"column":48}},"305":{"start":{"line":557,"column":6},"end":{"line":571,"column":11}},"306":{"start":{"line":558,"column":8},"end":{"line":558,"column":60}},"307":{"start":{"line":559,"column":8},"end":{"line":559,"column":66}},"308":{"start":{"line":560,"column":8},"end":{"line":564,"column":11}},"309":{"start":{"line":561,"column":10},"end":{"line":563,"column":11}},"310":{"start":{"line":562,"column":12},"end":{"line":562,"column":54}},"311":{"start":{"line":567,"column":10},"end":{"line":567,"column":27}},"312":{"start":{"line":570,"column":10},"end":{"line":570,"column":48}},"313":{"start":{"line":576,"column":0},"end":{"line":576,"column":24}}},"fnMap":{"0":{"name":"(anonymous_0)","decl":{"start":{"line":36,"column":24},"end":{"line":36,"column":25}},"loc":{"start":{"line":36,"column":40},"end":{"line":67,"column":1}},"line":36},"1":{"name":"(anonymous_1)","decl":{"start":{"line":57,"column":10},"end":{"line":57,"column":11}},"loc":{"start":{"line":57,"column":20},"end":{"line":59,"column":5}},"line":57},"2":{"name":"(anonymous_2)","decl":{"start":{"line":60,"column":11},"end":{"line":60,"column":12}},"loc":{"start":{"line":60,"column":18},"end":{"line":66,"column":5}},"line":60},"3":{"name":"(anonymous_3)","decl":{"start":{"line":70,"column":40},"end":{"line":70,"column":41}},"loc":{"start":{"line":70,"column":56},"end":{"line":191,"column":1}},"line":70},"4":{"name":"findCurlyBrackets","decl":{"start":{"line":99,"column":11},"end":{"line":99,"column":28}},"loc":{"start":{"line":99,"column":37},"end":{"line":103,"column":3}},"line":99},"5":{"name":"(anonymous_5)","decl":{"start":{"line":109,"column":34},"end":{"line":109,"column":35}},"loc":{"start":{"line":109,"column":59},"end":{"line":123,"column":5}},"line":109},"6":{"name":"(anonymous_6)","decl":{"start":{"line":118,"column":21},"end":{"line":118,"column":22}},"loc":{"start":{"line":118,"column":35},"end":{"line":122,"column":7}},"line":118},"7":{"name":"(anonymous_7)","decl":{"start":{"line":124,"column":12},"end":{"line":124,"column":13}},"loc":{"start":{"line":124,"column":22},"end":{"line":126,"column":7}},"line":124},"8":{"name":"(anonymous_8)","decl":{"start":{"line":127,"column":13},"end":{"line":127,"column":14}},"loc":{"start":{"line":127,"column":20},"end":{"line":129,"column":7}},"line":127},"9":{"name":"(anonymous_9)","decl":{"start":{"line":134,"column":57},"end":{"line":134,"column":58}},"loc":{"start":{"line":134,"column":83},"end":{"line":136,"column":5}},"line":134},"10":{"name":"(anonymous_10)","decl":{"start":{"line":145,"column":16},"end":{"line":145,"column":17}},"loc":{"start":{"line":145,"column":22},"end":{"line":147,"column":11}},"line":145},"11":{"name":"(anonymous_11)","decl":{"start":{"line":155,"column":16},"end":{"line":155,"column":17}},"loc":{"start":{"line":155,"column":22},"end":{"line":157,"column":11}},"line":155},"12":{"name":"(anonymous_12)","decl":{"start":{"line":165,"column":16},"end":{"line":165,"column":17}},"loc":{"start":{"line":165,"column":22},"end":{"line":167,"column":11}},"line":165},"13":{"name":"(anonymous_13)","decl":{"start":{"line":175,"column":16},"end":{"line":175,"column":17}},"loc":{"start":{"line":175,"column":22},"end":{"line":177,"column":11}},"line":175},"14":{"name":"(anonymous_14)","decl":{"start":{"line":185,"column":16},"end":{"line":185,"column":17}},"loc":{"start":{"line":185,"column":22},"end":{"line":187,"column":11}},"line":185},"15":{"name":"(anonymous_15)","decl":{"start":{"line":194,"column":42},"end":{"line":194,"column":43}},"loc":{"start":{"line":194,"column":58},"end":{"line":300,"column":1}},"line":194},"16":{"name":"(anonymous_16)","decl":{"start":{"line":223,"column":34},"end":{"line":223,"column":35}},"loc":{"start":{"line":223,"column":59},"end":{"line":231,"column":5}},"line":223},"17":{"name":"(anonymous_17)","decl":{"start":{"line":226,"column":21},"end":{"line":226,"column":22}},"loc":{"start":{"line":226,"column":35},"end":{"line":230,"column":7}},"line":226},"18":{"name":"(anonymous_18)","decl":{"start":{"line":232,"column":12},"end":{"line":232,"column":13}},"loc":{"start":{"line":232,"column":22},"end":{"line":234,"column":7}},"line":232},"19":{"name":"(anonymous_19)","decl":{"start":{"line":235,"column":13},"end":{"line":235,"column":14}},"loc":{"start":{"line":235,"column":20},"end":{"line":237,"column":7}},"line":235},"20":{"name":"(anonymous_20)","decl":{"start":{"line":240,"column":51},"end":{"line":240,"column":52}},"loc":{"start":{"line":240,"column":77},"end":{"line":242,"column":5}},"line":240},"21":{"name":"(anonymous_21)","decl":{"start":{"line":249,"column":16},"end":{"line":249,"column":17}},"loc":{"start":{"line":249,"column":22},"end":{"line":251,"column":11}},"line":249},"22":{"name":"(anonymous_22)","decl":{"start":{"line":259,"column":16},"end":{"line":259,"column":17}},"loc":{"start":{"line":259,"column":22},"end":{"line":261,"column":11}},"line":259},"23":{"name":"(anonymous_23)","decl":{"start":{"line":269,"column":16},"end":{"line":269,"column":17}},"loc":{"start":{"line":269,"column":22},"end":{"line":271,"column":11}},"line":269},"24":{"name":"(anonymous_24)","decl":{"start":{"line":279,"column":16},"end":{"line":279,"column":17}},"loc":{"start":{"line":279,"column":22},"end":{"line":281,"column":11}},"line":279},"25":{"name":"(anonymous_25)","decl":{"start":{"line":289,"column":16},"end":{"line":289,"column":17}},"loc":{"start":{"line":289,"column":22},"end":{"line":291,"column":11}},"line":289},"26":{"name":"(anonymous_26)","decl":{"start":{"line":303,"column":42},"end":{"line":303,"column":43}},"loc":{"start":{"line":303,"column":60},"end":{"line":414,"column":1}},"line":303},"27":{"name":"findCurlyBrackets","decl":{"start":{"line":334,"column":11},"end":{"line":334,"column":28}},"loc":{"start":{"line":334,"column":37},"end":{"line":338,"column":3}},"line":334},"28":{"name":"(anonymous_28)","decl":{"start":{"line":342,"column":34},"end":{"line":342,"column":35}},"loc":{"start":{"line":342,"column":59},"end":{"line":350,"column":5}},"line":342},"29":{"name":"(anonymous_29)","decl":{"start":{"line":345,"column":21},"end":{"line":345,"column":22}},"loc":{"start":{"line":345,"column":35},"end":{"line":349,"column":7}},"line":345},"30":{"name":"(anonymous_30)","decl":{"start":{"line":351,"column":12},"end":{"line":351,"column":13}},"loc":{"start":{"line":351,"column":22},"end":{"line":353,"column":7}},"line":351},"31":{"name":"(anonymous_31)","decl":{"start":{"line":354,"column":13},"end":{"line":354,"column":14}},"loc":{"start":{"line":354,"column":20},"end":{"line":356,"column":7}},"line":354},"32":{"name":"(anonymous_32)","decl":{"start":{"line":359,"column":50},"end":{"line":359,"column":51}},"loc":{"start":{"line":359,"column":76},"end":{"line":361,"column":5}},"line":359},"33":{"name":"(anonymous_33)","decl":{"start":{"line":368,"column":16},"end":{"line":368,"column":17}},"loc":{"start":{"line":368,"column":22},"end":{"line":370,"column":11}},"line":368},"34":{"name":"(anonymous_34)","decl":{"start":{"line":378,"column":16},"end":{"line":378,"column":17}},"loc":{"start":{"line":378,"column":22},"end":{"line":380,"column":11}},"line":378},"35":{"name":"(anonymous_35)","decl":{"start":{"line":388,"column":16},"end":{"line":388,"column":17}},"loc":{"start":{"line":388,"column":22},"end":{"line":390,"column":11}},"line":388},"36":{"name":"(anonymous_36)","decl":{"start":{"line":398,"column":16},"end":{"line":398,"column":17}},"loc":{"start":{"line":398,"column":22},"end":{"line":400,"column":11}},"line":398},"37":{"name":"(anonymous_37)","decl":{"start":{"line":408,"column":16},"end":{"line":408,"column":17}},"loc":{"start":{"line":408,"column":22},"end":{"line":410,"column":11}},"line":408},"38":{"name":"(anonymous_38)","decl":{"start":{"line":417,"column":30},"end":{"line":417,"column":31}},"loc":{"start":{"line":417,"column":46},"end":{"line":574,"column":1}},"line":417},"39":{"name":"(anonymous_39)","decl":{"start":{"line":439,"column":36},"end":{"line":439,"column":37}},"loc":{"start":{"line":439,"column":61},"end":{"line":447,"column":7}},"line":439},"40":{"name":"(anonymous_40)","decl":{"start":{"line":442,"column":23},"end":{"line":442,"column":24}},"loc":{"start":{"line":442,"column":37},"end":{"line":446,"column":9}},"line":442},"41":{"name":"(anonymous_41)","decl":{"start":{"line":448,"column":14},"end":{"line":448,"column":15}},"loc":{"start":{"line":448,"column":24},"end":{"line":450,"column":9}},"line":448},"42":{"name":"(anonymous_42)","decl":{"start":{"line":451,"column":15},"end":{"line":451,"column":16}},"loc":{"start":{"line":451,"column":22},"end":{"line":453,"column":9}},"line":451},"43":{"name":"(anonymous_43)","decl":{"start":{"line":455,"column":36},"end":{"line":455,"column":37}},"loc":{"start":{"line":455,"column":61},"end":{"line":463,"column":7}},"line":455},"44":{"name":"(anonymous_44)","decl":{"start":{"line":458,"column":23},"end":{"line":458,"column":24}},"loc":{"start":{"line":458,"column":37},"end":{"line":462,"column":9}},"line":458},"45":{"name":"(anonymous_45)","decl":{"start":{"line":464,"column":14},"end":{"line":464,"column":15}},"loc":{"start":{"line":464,"column":24},"end":{"line":466,"column":9}},"line":464},"46":{"name":"(anonymous_46)","decl":{"start":{"line":467,"column":15},"end":{"line":467,"column":16}},"loc":{"start":{"line":467,"column":22},"end":{"line":469,"column":9}},"line":467},"47":{"name":"(anonymous_47)","decl":{"start":{"line":473,"column":36},"end":{"line":473,"column":37}},"loc":{"start":{"line":473,"column":61},"end":{"line":481,"column":7}},"line":473},"48":{"name":"(anonymous_48)","decl":{"start":{"line":476,"column":23},"end":{"line":476,"column":24}},"loc":{"start":{"line":476,"column":37},"end":{"line":480,"column":9}},"line":476},"49":{"name":"(anonymous_49)","decl":{"start":{"line":482,"column":14},"end":{"line":482,"column":15}},"loc":{"start":{"line":482,"column":24},"end":{"line":484,"column":9}},"line":482},"50":{"name":"(anonymous_50)","decl":{"start":{"line":485,"column":15},"end":{"line":485,"column":16}},"loc":{"start":{"line":485,"column":22},"end":{"line":487,"column":9}},"line":485},"51":{"name":"(anonymous_51)","decl":{"start":{"line":489,"column":36},"end":{"line":489,"column":37}},"loc":{"start":{"line":489,"column":61},"end":{"line":497,"column":7}},"line":489},"52":{"name":"(anonymous_52)","decl":{"start":{"line":492,"column":23},"end":{"line":492,"column":24}},"loc":{"start":{"line":492,"column":37},"end":{"line":496,"column":9}},"line":492},"53":{"name":"(anonymous_53)","decl":{"start":{"line":498,"column":14},"end":{"line":498,"column":15}},"loc":{"start":{"line":498,"column":24},"end":{"line":500,"column":9}},"line":498},"54":{"name":"(anonymous_54)","decl":{"start":{"line":501,"column":15},"end":{"line":501,"column":16}},"loc":{"start":{"line":501,"column":22},"end":{"line":503,"column":9}},"line":501},"55":{"name":"(anonymous_55)","decl":{"start":{"line":507,"column":36},"end":{"line":507,"column":37}},"loc":{"start":{"line":507,"column":61},"end":{"line":515,"column":7}},"line":507},"56":{"name":"(anonymous_56)","decl":{"start":{"line":510,"column":23},"end":{"line":510,"column":24}},"loc":{"start":{"line":510,"column":37},"end":{"line":514,"column":9}},"line":510},"57":{"name":"(anonymous_57)","decl":{"start":{"line":516,"column":14},"end":{"line":516,"column":15}},"loc":{"start":{"line":516,"column":24},"end":{"line":518,"column":9}},"line":516},"58":{"name":"(anonymous_58)","decl":{"start":{"line":519,"column":15},"end":{"line":519,"column":16}},"loc":{"start":{"line":519,"column":22},"end":{"line":521,"column":9}},"line":519},"59":{"name":"(anonymous_59)","decl":{"start":{"line":523,"column":36},"end":{"line":523,"column":37}},"loc":{"start":{"line":523,"column":61},"end":{"line":531,"column":7}},"line":523},"60":{"name":"(anonymous_60)","decl":{"start":{"line":526,"column":23},"end":{"line":526,"column":24}},"loc":{"start":{"line":526,"column":37},"end":{"line":530,"column":9}},"line":526},"61":{"name":"(anonymous_61)","decl":{"start":{"line":532,"column":14},"end":{"line":532,"column":15}},"loc":{"start":{"line":532,"column":24},"end":{"line":534,"column":9}},"line":532},"62":{"name":"(anonymous_62)","decl":{"start":{"line":535,"column":15},"end":{"line":535,"column":16}},"loc":{"start":{"line":535,"column":22},"end":{"line":537,"column":9}},"line":535},"63":{"name":"(anonymous_63)","decl":{"start":{"line":541,"column":36},"end":{"line":541,"column":37}},"loc":{"start":{"line":541,"column":61},"end":{"line":549,"column":7}},"line":541},"64":{"name":"(anonymous_64)","decl":{"start":{"line":544,"column":23},"end":{"line":544,"column":24}},"loc":{"start":{"line":544,"column":37},"end":{"line":548,"column":9}},"line":544},"65":{"name":"(anonymous_65)","decl":{"start":{"line":550,"column":14},"end":{"line":550,"column":15}},"loc":{"start":{"line":550,"column":24},"end":{"line":552,"column":9}},"line":550},"66":{"name":"(anonymous_66)","decl":{"start":{"line":553,"column":15},"end":{"line":553,"column":16}},"loc":{"start":{"line":553,"column":22},"end":{"line":555,"column":9}},"line":553},"67":{"name":"(anonymous_67)","decl":{"start":{"line":557,"column":36},"end":{"line":557,"column":37}},"loc":{"start":{"line":557,"column":61},"end":{"line":565,"column":7}},"line":557},"68":{"name":"(anonymous_68)","decl":{"start":{"line":560,"column":23},"end":{"line":560,"column":24}},"loc":{"start":{"line":560,"column":37},"end":{"line":564,"column":9}},"line":560},"69":{"name":"(anonymous_69)","decl":{"start":{"line":566,"column":14},"end":{"line":566,"column":15}},"loc":{"start":{"line":566,"column":24},"end":{"line":568,"column":9}},"line":566},"70":{"name":"(anonymous_70)","decl":{"start":{"line":569,"column":15},"end":{"line":569,"column":16}},"loc":{"start":{"line":569,"column":22},"end":{"line":571,"column":9}},"line":569}},"branchMap":{"0":{"loc":{"start":{"line":39,"column":2},"end":{"line":43,"column":3}},"type":"if","locations":[{"start":{"line":39,"column":2},"end":{"line":43,"column":3}},{"start":{"line":39,"column":2},"end":{"line":43,"column":3}}],"line":39},"1":{"loc":{"start":{"line":45,"column":2},"end":{"line":49,"column":3}},"type":"if","locations":[{"start":{"line":45,"column":2},"end":{"line":49,"column":3}},{"start":{"line":45,"column":2},"end":{"line":49,"column":3}}],"line":45},"2":{"loc":{"start":{"line":51,"column":2},"end":{"line":55,"column":3}},"type":"if","locations":[{"start":{"line":51,"column":2},"end":{"line":55,"column":3}},{"start":{"line":51,"column":2},"end":{"line":55,"column":3}}],"line":51},"3":{"loc":{"start":{"line":62,"column":6},"end":{"line":64,"column":7}},"type":"if","locations":[{"start":{"line":62,"column":6},"end":{"line":64,"column":7}},{"start":{"line":62,"column":6},"end":{"line":64,"column":7}}],"line":62},"4":{"loc":{"start":{"line":73,"column":2},"end":{"line":77,"column":3}},"type":"if","locations":[{"start":{"line":73,"column":2},"end":{"line":77,"column":3}},{"start":{"line":73,"column":2},"end":{"line":77,"column":3}}],"line":73},"5":{"loc":{"start":{"line":83,"column":2},"end":{"line":87,"column":3}},"type":"if","locations":[{"start":{"line":83,"column":2},"end":{"line":87,"column":3}},{"start":{"line":83,"column":2},"end":{"line":87,"column":3}}],"line":83},"6":{"loc":{"start":{"line":83,"column":6},"end":{"line":83,"column":39}},"type":"binary-expr","locations":[{"start":{"line":83,"column":6},"end":{"line":83,"column":18}},{"start":{"line":83,"column":22},"end":{"line":83,"column":39}}],"line":83},"7":{"loc":{"start":{"line":88,"column":2},"end":{"line":92,"column":3}},"type":"if","locations":[{"start":{"line":88,"column":2},"end":{"line":92,"column":3}},{"start":{"line":88,"column":2},"end":{"line":92,"column":3}}],"line":88},"8":{"loc":{"start":{"line":100,"column":4},"end":{"line":102,"column":5}},"type":"if","locations":[{"start":{"line":100,"column":4},"end":{"line":102,"column":5}},{"start":{"line":100,"column":4},"end":{"line":102,"column":5}}],"line":100},"9":{"loc":{"start":{"line":100,"column":8},"end":{"line":100,"column":52}},"type":"binary-expr","locations":[{"start":{"line":100,"column":8},"end":{"line":100,"column":28}},{"start":{"line":100,"column":32},"end":{"line":100,"column":52}}],"line":100},"10":{"loc":{"start":{"line":107,"column":2},"end":{"line":190,"column":3}},"type":"if","locations":[{"start":{"line":107,"column":2},"end":{"line":190,"column":3}},{"start":{"line":107,"column":2},"end":{"line":190,"column":3}}],"line":107},"11":{"loc":{"start":{"line":107,"column":6},"end":{"line":107,"column":81}},"type":"binary-expr","locations":[{"start":{"line":107,"column":6},"end":{"line":107,"column":26}},{"start":{"line":107,"column":30},"end":{"line":107,"column":53}},{"start":{"line":107,"column":57},"end":{"line":107,"column":81}}],"line":107},"12":{"loc":{"start":{"line":119,"column":8},"end":{"line":121,"column":9}},"type":"if","locations":[{"start":{"line":119,"column":8},"end":{"line":121,"column":9}},{"start":{"line":119,"column":8},"end":{"line":121,"column":9}}],"line":119},"13":{"loc":{"start":{"line":139,"column":4},"end":{"line":189,"column":5}},"type":"if","locations":[{"start":{"line":139,"column":4},"end":{"line":189,"column":5}},{"start":{"line":139,"column":4},"end":{"line":189,"column":5}}],"line":139},"14":{"loc":{"start":{"line":149,"column":11},"end":{"line":189,"column":5}},"type":"if","locations":[{"start":{"line":149,"column":11},"end":{"line":189,"column":5}},{"start":{"line":149,"column":11},"end":{"line":189,"column":5}}],"line":149},"15":{"loc":{"start":{"line":159,"column":11},"end":{"line":189,"column":5}},"type":"if","locations":[{"start":{"line":159,"column":11},"end":{"line":189,"column":5}},{"start":{"line":159,"column":11},"end":{"line":189,"column":5}}],"line":159},"16":{"loc":{"start":
[...]
umn":4},"end":{"line":9,"column":59}},"6":{"start":{"line":10,"column":4},"end":{"line":10,"column":61}},"7":{"start":{"line":11,"column":4},"end":{"line":11,"column":100}},"8":{"start":{"line":12,"column":4},"end":{"line":12,"column":64}},"9":{"start":{"line":13,"column":4},"end":{"line":13,"column":67}},"10":{"start":{"line":14,"column":4},"end":{"line":14,"column":38}},"11":{"start":{"line":15,"column":4},"end":{"line":15,"column":112}},"12":{"start":{"line":16,"column":4},"end":{"line":20,"column":7}},"13":{"start":{"line":17,"column":6},"end":{"line":19,"column":7}},"14":{"start":{"line":18,"column":8},"end":{"line":18,"column":50}}},"fnMap":{"0":{"name":"(anonymous_0)","decl":{"start":{"line":6,"column":30},"end":{"line":6,"column":31}},"loc":{"start":{"line":6,"column":42},"end":{"line":22,"column":1}},"line":6},"1":{"name":"(anonymous_1)","decl":{"start":{"line":7,"column":32},"end":{"line":7,"column":33}},"loc":{"start":{"line":7,"column":57},"end":{"line":21,"column":3}},"line":7},"2":{"name":"(anonymous_2)","decl":{"start":{"line":16,"column":19},"end":{"line":16,"column":20}},"loc":{"start":{"line":16,"column":33},"end":{"line":20,"column":5}},"line":16}},"branchMap":{"0":{"loc":{"start":{"line":17,"column":6},"end":{"line":19,"column":7}},"type":"if","locations":[{"start":{"line":17,"column":6},"end":{"line":19,"column":7}},{"start":{"line":17,"column":6},"end":{"line":19,"column":7}}],"line":17}},"s":{"0":1,"1":1,"2":1,"3":28,"4":28,"5":28,"6":28,"7":28,"8":28,"9":28,"10":28,"11":28,"12":28,"13":28,"14":0},"f":{"0":28,"1":28,"2":28},"b":{"0":[0,28]},"_coverageSchema":"43e27e138ebf9cfc5966b082cf9a028302ed4184","hash":"72a0e8ec118aaddf8b55adc71af0790926aca9a4","contentHash":"7ed5458781145255513f7f6cb7051f2b"},"/Users/Jacob_MacInnis/ThinkProgramming/think-programming-server/validators/validator-results/css/answer-incorrect.js":{"path":"/Users/Jacob_MacInnis/ThinkProgramming/think-programming-server/validators/validator-results/css/answer-incorrect.js","statementMap":{"0":{"start":{"line":3,"column":17},"end":{"line":3,"column":36}},"1":{"start":{"line":4,"column":18},"end":{"line":4,"column":54}},"2":{"start":{"line":6,"column":0},"end":{"line":22,"column":2}},"3":{"start":{"line":7,"column":2},"end":{"line":21,"column":5}},"4":{"start":{"line":8,"column":4},"end":{"line":8,"column":56}},"5":{"start":{"line":9,"column":4},"end":{"line":9,"column":59}},"6":{"start":{"line":10,"column":4},"end":{"line":10,"column":61}},"7":{"start":{"line":11,"column":4},"end":{"line":11,"column":100}},"8":{"start":{"line":12,"column":4},"end":{"line":12,"column":62}},"9":{"start":{"line":13,"column":4},"end":{"line":13,"column":65}},"10":{"start":{"line":14,"column":4},"end":{"line":14,"column":37}},"11":{"start":{"line":15,"column":4},"end":{"line":15,"column":109}},"12":{"start":{"line":16,"column":4},"end":{"line":20,"column":7}},"13":{"start":{"line":17,"column":6},"end":{"line":19,"column":7}},"14":{"start":{"line":18,"column":8},"end":{"line":18,"column":50}}},"fnMap":{"0":{"name":"(anonymous_0)","decl":{"start":{"line":6,"column":29},"end":{"line":6,"column":30}},"loc":{"start":{"line":6,"column":41},"end":{"line":22,"column":1}},"line":6},"1":{"name":"(anonymous_1)","decl":{"start":{"line":7,"column":32},"end":{"line":7,"column":33}},"loc":{"start":{"line":7,"column":57},"end":{"line":21,"column":3}},"line":7},"2":{"name":"(anonymous_2)","decl":{"start":{"line":16,"column":19},"end":{"line":16,"column":20}},"loc":{"start":{"line":16,"column":33},"end":{"line":20,"column":5}},"line":16}},"branchMap":{"0":{"loc":{"start":{"line":17,"column":6},"end":{"line":19,"column":7}},"type":"if","locations":[{"start":{"line":17,"column":6},"end":{"line":19,"column":7}},{"start":{"line":17,"column":6},"end":{"line":19,"column":7}}],"line":17}},"s":{"0":1,"1":1,"2":1,"3":11,"4":11,"5":11,"6":11,"7":11,"8":11,"9":11,"10":11,"11":11,"12":11,"13":11,"14":0},"f":{"0":11,"1":11,"2":11},"b":{"0":[0,11]},"_coverageSchema":"43e27e138ebf9cfc5966b082cf9a028302ed4184","hash":"268475abefb2d807ffe133f0451de84ff7201789","contentHash":"da94473e854d626c4e1e904bae7d26e6"},"/Users/Jacob_MacInnis/ThinkProgramming/think-programming-server/routes/stats.js":{"path":"/Users/Jacob_MacInnis/ThinkProgramming/think-programming-server/routes/stats.js","statementMap":{"0":{"start":{"line":2,"column":16},"end":{"line":2,"column":34}},"1":{"start":{"line":3,"column":17},"end":{"line":3,"column":36}},"2":{"start":{"line":4,"column":18},"end":{"line":4,"column":48}},"3":{"start":{"line":6,"column":15},"end":{"line":6,"column":31}},"4":{"start":{"line":9,"column":0},"end":{"line":28,"column":3}},"5":{"start":{"line":10,"column":17},"end":{"line":10,"column":29}},"6":{"start":{"line":12,"column":2},"end":{"line":16,"column":3}},"7":{"start":{"line":13,"column":16},"end":{"line":13,"column":50}},"8":{"start":{"line":14,"column":4},"end":{"line":14,"column":21}},"9":{"start":{"line":15,"column":4},"end":{"line":15,"column":21}},"10":{"start":{"line":18,"column":2},"end":{"line":27,"column":7}},"11":{"start":{"line":20,"column":6},"end":{"line":20,"column":24}},"12":{"start":{"line":23,"column":6},"end":{"line":25,"column":7}},"13":{"start":{"line":24,"column":8},"end":{"line":24,"column":46}},"14":{"start":{"line":26,"column":6},"end":{"line":26,"column":16}},"15":{"start":{"line":30,"column":0},"end":{"line":30,"column":24}}},"fnMap":{"0":{"name":"(anonymous_0)","decl":{"start":{"line":9,"column":22},"end":{"line":9,"column":23}},"loc":{"start":{"line":9,"column":38},"end":{"line":28,"column":1}},"line":9},"1":{"name":"(anonymous_1)","decl":{"start":{"line":19,"column":10},"end":{"line":19,"column":11}},"loc":{"start":{"line":19,"column":21},"end":{"line":21,"column":5}},"line":19},"2":{"name":"(anonymous_2)","decl":{"start":{"line":22,"column":11},"end":{"line":22,"column":12}},"loc":{"start":{"line":22,"column":18},"end":{"line":27,"column":5}},"line":22}},"branchMap":{"0":{"loc":{"start":{"line":12,"column":2},"end":{"line":16,"column":3}},"type":"if","locations":[{"start":{"line":12,"column":2},"end":{"line":16,"column":3}},{"start":{"line":12,"column":2},"end":{"line":16,"column":3}}],"line":12},"1":{"loc":{"start":{"line":23,"column":6},"end":{"line":25,"column":7}},"type":"if","locations":[{"start":{"line":23,"column":6},"end":{"line":25,"column":7}},{"start":{"line":23,"column":6},"end":{"line":25,"column":7}}],"line":23}},"s":{"0":1,"1":1,"2":1,"3":1,"4":1,"5":0,"6":0,"7":0,"8":0,"9":0,"10":0,"11":0,"12":0,"13":0,"14":0,"15":1},"f":{"0":0,"1":0,"2":0},"b":{"0":[0,0],"1":[0,0]},"_coverageSchema":"43e27e138ebf9cfc5966b082cf9a028302ed4184","hash":"f3c30a68758e3c41d07b4145701e76f84c5f628a","contentHash":"5a12c2476e3f6a1af607a7ccab28a887"},"/Users/Jacob_MacInnis/ThinkProgramming/think-programming-server/sockets/totalUsers.js":{"path":"/Users/Jacob_MacInnis/ThinkProgramming/think-programming-server/sockets/totalUsers.js","statementMap":{"0":{"start":{"line":5,"column":0},"end":{"line":14,"column":2}},"1":{"start":{"line":6,"column":2},"end":{"line":13,"column":5}},"2":{"start":{"line":7,"column":4},"end":{"line":7,"column":49}},"3":{"start":{"line":8,"column":25},"end":{"line":8,"column":84}},"4":{"start":{"line":8,"column":58},"end":{"line":8,"column":83}},"5":{"start":{"line":9,"column":4},"end":{"line":11,"column":5}},"6":{"start":{"line":10,"column":6},"end":{"line":10,"column":41}},"7":{"start":{"line":12,"column":4},"end":{"line":12,"column":55}},"8":{"start":{"line":16,"column":0},"end":{"line":25,"column":2}},"9":{"start":{"line":17,"column":2},"end":{"line":24,"column":5}},"10":{"start":{"line":18,"column":4},"end":{"line":18,"column":35}},"11":{"start":{"line":19,"column":16},"end":{"line":19,"column":53}},"12":{"start":{"line":20,"column":4},"end":{"line":22,"column":5}},"13":{"start":{"line":21,"column":6},"end":{"line":21,"column":39}},"14":{"start":{"line":23,"column":4},"end":{"line":23,"column":55}},"15":{"start":{"line":27,"column":0},"end":{"line":31,"column":2}},"16":{"start":{"line":28,"column":2},"end":{"line":30,"column":5}},"17":{"start":{"line":29,"column":4},"end":{"line":29,"column":62}}},"fnMap":{"0":{"name":"(anonymous_0)","decl":{"start":{"line":5,"column":22},"end":{"line":5,"column":23}},"loc":{"start":{"line":5,"column":55},"end":{"line":14,"column":1}},"line":5},"1":{"name":"(anonymous_1)","decl":{"start":{"line":6,"column":21},"end":{"line":6,"column":22}},"loc":{"start":{"line":6,"column":39},"end":{"line":13,"column":3}},"line":6},"2":{"name":"(anonymous_2)","decl":{"start":{"line":8,"column":46},"end":{"line":8,"column":47}},"loc":{"start":{"line":8,"column":58},"end":{"line":8,"column":83}},"line":8},"3":{"name":"(anonymous_3)","decl":{"start":{"line":16,"column":27},"end":{"line":16,"column":28}},"loc":{"start":{"line":16,"column":60},"end":{"line":25,"column":1}},"line":16},"4":{"name":"(anonymous_4)","decl":{"start":{"line":17,"column":25},"end":{"line":17,"column":26}},"loc":{"start":{"line":17,"column":41},"end":{"line":24,"column":3}},"line":17},"5":{"name":"(anonymous_5)","decl":{"start":{"line":27,"column":27},"end":{"line":27,"column":28}},"loc":{"start":{"line":27,"column":61},"end":{"line":31,"column":1}},"line":27},"6":{"name":"(anonymous_6)","decl":{"start":{"line":28,"column":27},"end":{"line":28,"column":28}},"loc":{"start":{"line":28,"column":39},"end":{"line":30,"column":3}},"line":28}},"branchMap":{"0":{"loc":{"start":{"line":9,"column":4},"end":{"line":11,"column":5}},"type":"if","locations":[{"start":{"line":9,"column":4},"end":{"line":11,"column":5}},{"start":{"line":9,"column":4},"end":{"line":11,"column":5}}],"line":9},"1":{"loc":{"start":{"line":20,"column":4},"end":{"line":22,"column":5}},"type":"if","locations":[{"start":{"line":20,"column":4},"end":{"line":22,"column":5}},{"start":{"line":20,"column":4},"end":{"line":22,"column":5}}],"line":20}},"s":{"0":1,"1":0,"2":0,"3":0,"4":0,"5":0,"6":0,"7":0,"8":1,"9":0,"10":0,"11":0,"12":0,"13":0,"14":0,"15":1,"16":0,"17":0},"f":{"0":0,"1":0,"2":0,"3":0,"4":0,"5":0,"6":0},"b":{"0":[0,0],"1":[0,0]},"_coverageSchema":"43e27e138ebf9cfc5966b082cf9a028302ed4184","hash":"bd5fb768b1e2abb6c76267dadeace044354b5681","contentHash":"30c3f7e62798192e14390a3ad6bee011"},"/Users/Jacob_MacInnis/ThinkProgramming/think-programming-server/sockets/gameRoom.js":{"path":"/Users/Jacob_MacInnis/ThinkProgramming/think-programming-server/sockets/gameRoom.js","statementMap":{"0":{"start":{"line":2,"column":22},"end":{"line":2,"column":56}},"1":{"start":{"line":4,"column":0},"end":{"line":8,"column":2}},"2":{"start":{"line":5,"column":2},"end":{"line":7,"column":5}},"3":{"start":{"line":6,"column":4},"end":{"line":6,"column":50}},"4":{"start":{"line":9,"column":0},"end":{"line":19,"column":2}},"5":{"start":{"line":10,"column":2},"end":{"line":18,"column":5}},"6":{"start":{"line":11,"column":16},"end":{"line":11,"column":51}},"7":{"start":{"line":12,"column":4},"end":{"line":14,"column":5}},"8":{"start":{"line":13,"column":6},"end":{"line":13,"column":39}},"9":{"start":{"line":15,"column":4},"end":{"line":15,"column":38}},"10":{"start":{"line":16,"column":4},"end":{"line":16,"column":50}},"11":{"start":{"line":17,"column":4},"end":{"line":17,"column":63}},"12":{"start":{"line":20,"column":0},"end":{"line":30,"column":2}},"13":{"start":{"line":21,"column":2},"end":{"line":29,"column":5}},"14":{"start":{"line":22,"column":16},"end":{"line":22,"column":51}},"15":{"start":{"line":23,"column":4},"end":{"line":25,"column":5}},"16":{"start":{"line":24,"column":6},"end":{"line":24,"column":36}},"17":{"start":{"line":26,"column":4},"end":{"line":26,"column":40}},"18":{"start":{"line":27,"column":4},"end":{"line":27,"column":50}},"19":{"start":{"line":28,"column":4},"end":{"line":28,"column":63}},"20":{"start":{"line":31,"column":0},"end":{"line":35,"column":2}},"21":{"start":{"line":32,"column":2},"end":{"line":34,"column":5}},"22":{"start":{"line":33,"column":4},"end":{"line":33,"column":41}},"23":{"start":{"line":36,"column":0},"end":{"line":40,"column":2}},"24":{"start":{"line":37,"column":2},"end":{"line":39,"column":5}},"25":{"start":{"line":38,"column":4},"end":{"line":38,"column":43}},"26":{"start":{"line":41,"column":0},"end":{"line":45,"column":2}},"27":{"start":{"line":42,"column":2},"end":{"line":44,"column":5}},"28":{"start":{"line":43,"column":4},"end":{"line":43,"column":51}},"29":{"start":{"line":46,"column":0},"end":{"line":57,"column":2}},"30":{"start":{"line":47,"column":2},"end":{"line":56,"column":5}},"31":{"start":{"line":48,"column":16},"end":{"line":48,"column":46}},"32":{"start":{"line":49,"column":4},"end":{"line":51,"column":5}},"33":{"start":{"line":50,"column":6},"end":{"line":50,"column":36}},"34":{"start":{"line":52,"column":24},"end":{"line":52,"column":25}},"35":{"start":{"line":53,"column":4},"end":{"line":53,"column":53}},"36":{"start":{"line":54,"column":4},"end":{"line":54,"column":49}},"37":{"start":{"line":55,"column":4},"end":{"line":55,"column":63}},"38":{"start":{"line":58,"column":0},"end":{"line":78,"column":2}},"39":{"start":{"line":59,"column":2},"end":{"line":77,"column":5}},"40":{"start":{"line":60,"column":4},"end":{"line":60,"column":33}},"41":{"start":{"line":62,"column":4},"end":{"line":76,"column":9}},"42":{"start":{"line":64,"column":8},"end":{"line":64,"column":50}},"43":{"start":{"line":65,"column":8},"end":{"line":70,"column":9}},"44":{"start":{"line":66,"column":10},"end":{"line":66,"column":38}},"45":{"start":{"line":67,"column":10},"end":{"line":67,"column":67}},"46":{"start":{"line":69,"column":10},"end":{"line":69,"column":67}},"47":{"start":{"line":73,"column":8},"end":{"line":75,"column":9}},"48":{"start":{"line":74,"column":10},"end":{"line":74,"column":34}},"49":{"start":{"line":79,"column":0},"end":{"line":83,"column":2}},"50":{"start":{"line":80,"column":2},"end":{"line":82,"column":5}},"51":{"start":{"line":81,"column":4},"end":{"line":81,"column":44}},"52":{"start":{"line":84,"column":0},"end":{"line":88,"column":2}},"53":{"start":{"line":85,"column":2},"end":{"line":87,"column":5}},"54":{"start":{"line":86,"column":4},"end":{"line":86,"column":40}}},"fnMap":{"0":{"name":"(anonymous_0)","decl":{"start":{"line":4,"column":31},"end":{"line":4,"column":32}},"loc":{"start":{"line":4,"column":71},"end":{"line":8,"column":1}},"line":4},"1":{"name":"(anonymous_1)","decl":{"start":{"line":5,"column":23},"end":{"line":5,"column":24}},"loc":{"start":{"line":5,"column":31},"end":{"line":7,"column":3}},"line":5},"2":{"name":"(anonymous_2)","decl":{"start":{"line":9,"column":20},"end":{"line":9,"column":21}},"loc":{"start":{"line":9,"column":78},"end":{"line":19,"column":1}},"line":9},"3":{"name":"(anonymous_3)","decl":{"start":{"line":10,"column":19},"end":{"line":10,"column":20}},"loc":{"start":{"line":10,"column":27},"end":{"line":18,"column":3}},"line":10},"4":{"name":"(anonymous_4)","decl":{"start":{"line":20,"column":22},"end":{"line":20,"column":23}},"loc":{"start":{"line":20,"column":80},"end":{"line":30,"column":1}},"line":20},"5":{"name":"(anonymous_5)","decl":{"start":{"line":21,"column":21},"end":{"line":21,"column":22}},"loc":{"start":{"line":21,"column":29},"end":{"line":29,"column":3}},"line":21},"6":{"name":"(anonymous_6)","decl":{"start":{"line":31,"column":23},"end":{"line":31,"column":24}},"loc":{"start":{"line":31,"column":49},"end":{"line":35,"column":1}},"line":31},"7":{"name":"(anonymous_7)","decl":{"start":{"line":32,"column":22},"end":{"line":32,"column":23}},"loc":{"start":{"line":32,"column":30},"end":{"line":34,"column":3}},"line":32},"8":{"name":"(anonymous_8)","decl":{"start":{"line":36,"column":25},"end":{"line":36,"column":26}},"loc":{"start":{"line":36,"column":51},"end":{"line":40,"column":1}},"line":36},"9":{"name":"(anonymous_9)","decl":{"start":{"line":37,"column":24},"end":{"line":37,"column":25}},"loc":{"start":{"line":37,"column":32},"end":{"line":39,"column":3}},"line":37},"10":{"name":"(anonymous_10)","decl":{"start":{"line":41,"column":25},"end":{"line":41,"column":26}},"loc":{"start":{"line":41,"column":51},"end":{"line":45,"column":1}},"line":41},"11":{"name":"(anonymous_11)","decl":{"start":{"line":42,"column":24},"end":{"line":42,"column":25}},"loc":{"start":{"line":42,"column":40},"end":{"line":44,"column":3}},"line":42},"12":{"name":"(anonymous_12)","decl":{"start":{"line":46,"column":28},"end":{"line":46,"column":29}},"loc":{"start":{"line":46,"column":86},"end":{"line":57,"column":1}},"line":46},"13":{"name":"(anonymous_13)","decl":{"start":{"line":47,"column":26},"end":{"line":47,"column":27}},"loc":{"start":{"line":47,"column":38},"end":{"line":56,"column":3}},"line":47},"14":{"name":"(anonymous_14)","decl":{"start":{"line":58,"column":24},"end":{"line":58,"column":25}},"loc":{"start":{"line":58,"column":50},"end":{"line":78,"column":1}},"line":58},"15":{"name":"(anonymous_15)","decl":{"start":{"line":59,"column":23},"end":{"line":59,"column":24}},"loc":{"start":{"line":59,"column":37},"end":{"line":77,"column":3}},"line":59},"16":{"name":"(anonymous_16)","decl":{"start":{"line":63,"column":12},"end":{"line":63,"column":13}},"loc":{"start":{"line":63,"column":22},"end":{"line":71,"column":7}},"line":63},"17":{"name":"(anonymous_17)","decl":{"start":{"line":72,"column":13},"end":{"line":72,"column":14}},"loc":{"start":{"line":72,"column":20},"end":{"line":76,"column":7}},"line":72},"18":{"name":"(anonymous_18)","decl":{"start":{"line":79,"column":22},"end":{"line":79,"column":23}},"loc":{"start":{"line":79,"column":48},"end":{"line":83,"column":1}},"line":79},"19":{"name":"(anonymous_19)","decl":{"start":{"line":80,"column":21},"end":{"line":80,"column":22}},"loc":{"start":{"line":80,"column":33},"end":{"line":82,"column":3}},"line":80},"20":{"name":"(anonymous_20)","decl":{"start":{"line":84,"column":22},"end":{"line":84,"column":23}},"loc":{"start":{"line":84,"column":48},"end":{"line":88,"column":1}},"line":84},"21":{"name":"(anonymous_21)","decl":{"start":{"line":85,"column":21},"end":{"line":85,"column":22}},"loc":{"start":{"line":85,"column":29},"end":{"line":87,"column":3}},"line":85}},"branchMap":{"0":{"loc":{"start":{"line":12,"column":4},"end":{"line":14,"column":5}},"type":"if","locations":[{"start":{"line":12,"column":4},"end":{"line":14,"column":5}},{"start":{"line":12,"column":4},"end":{"line":14,"column":5}}],"line":12},"1":{"loc":{"start":{"line":23,"column":4},"end":{"line":25,"column":5}},"type":"if","locations":[{"start":{"line":23,"column":4},"end":{"line":25,"column":5}},{"start":{"line":23,"column":4},"end":{"line":25,"column":5}}],"line":23},"2":{"loc":{"start":{"line":49,"column":4},"end":{"line":51,"column":5}},"type":"if","locations":[{"start":{"line":49,"column":4},"end":{"line":51,"column":5}},{"start":{"line":49,"column":4},"end":{"line":51,"column":5}}],"line":49},"3":{"loc":{"start":{"line":65,"column":8},"end":{"line":70,"column":9}},"type":"if","locations":[{"start":{"line":65,"column":8},"end":{"line":70,"column":9}},{"start":{"line":65,"column":8},"end":{"line":70,"column":9}}],"line":65},"4":{"loc":{"start":{"line":73,"column":8},"end":{"line":75,"column":9}},"type":"if","locations":[{"start":{"line":73,"column":8},"end":{"line":75,"column":9}},{"start":{"line":73,"column":8},"end":{"line":75,"column":9}}],"line":73}},"s":{"0":1,"1":1,"2":0,"3":0,"4":1,"5":0,"6":0,"7":0,"8":0,"9":0,"10":0,"11":0,"12":1,"13":0,"14":0,"15":0,"16":0,"17":0,"18":0,"19":0,"20":1,"21":0,"22":0,"23":1,"24":0,"25":0,"26":1,"27":0,"28":0,"29":1,"30":0,"31":0,"32":0,"33":0,"34":0,"35":0,"36":0,"37":0,"38":1,"39":0,"40":0,"41":0,"42":0,"43":0,"44":0,"45":0,"46":0,"47":0,"48":0,"49":1,"50":0,"51":0,"52":1,"53":0,"54":0},"f":{"0":0,"1":0,"2":0,"3":0,"4":0,"5":0,"6":0,"7":0,"8":0,"9":0,"10":0,"11":0,"12":0,"13":0,"14":0,"15":0,"16":0,"17":0,"18":0,"19":0,"20":0,"21":0},"b":{"0":[0,0],"1":[0,0],"2":[0,0],"3":[0,0],"4":[0,0]},"_coverageSchema":"43e27e138ebf9cfc5966b082cf9a028302ed4184","hash":"2601a5833e276bb128cb3daff2711ec4154aee0f","contentHash":"71fdb9fe36953a6a4ef3995ae52d092b"}}