{"/Users/Jacob_MacInnis/ThinkProgramming/think-programming-server/server.js":{"path":"/Users/Jacob_MacInnis/ThinkProgramming/think-programming-server/server.js","statementMap":{"0":{"start":{"line":2,"column":16},"end":{"line":2,"column":34}},"1":{"start":{"line":4,"column":15},"end":{"line":4,"column":35}},"2":{"start":{"line":6,"column":15},"end":{"line":6,"column":32}},"3":{"start":{"line":7,"column":17},"end":{"line":7,"column":36}},"4":{"start":{"line":8,"column":13},"end":{"line":8,"column":28}},"5":{"start":{"line":10,"column":17},"end":{"line":10,"column":36}},"6":{"start":{"line":11,"column":22},"end":{"line":11,"column":57}},"7":{"start":{"line":12,"column":20},"end":{"line":12,"column":45}},"8":{"start":{"line":14,"column":45},"end":{"line":14,"column":64}},"9":{"start":{"line":17,"column":19},"end":{"line":17,"column":43}},"10":{"start":{"line":18,"column":19},"end":{"line":18,"column":44}},"11":{"start":{"line":19,"column":23},"end":{"line":19,"column":51}},"12":{"start":{"line":20,"column":20},"end":{"line":20,"column":45}},"13":{"start":{"line":23,"column":60},"end":{"line":23,"column":91}},"14":{"start":{"line":24,"column":163},"end":{"line":24,"column":192}},"15":{"start":{"line":27,"column":12},"end":{"line":27,"column":21}},"16":{"start":{"line":28,"column":15},"end":{"line":28,"column":48}},"17":{"start":{"line":29,"column":11},"end":{"line":29,"column":25}},"18":{"start":{"line":32,"column":0},"end":{"line":36,"column":2}},"19":{"start":{"line":34,"column":16},"end":{"line":34,"column":47}},"20":{"start":{"line":39,"column":19},"end":{"line":43,"column":1}},"21":{"start":{"line":44,"column":0},"end":{"line":44,"column":26}},"22":{"start":{"line":47,"column":0},"end":{"line":47,"column":24}},"23":{"start":{"line":51,"column":0},"end":{"line":51,"column":28}},"24":{"start":{"line":52,"column":0},"end":{"line":52,"column":26}},"25":{"start":{"line":55,"column":16},"end":{"line":58,"column":2}},"26":{"start":{"line":61,"column":0},"end":{"line":61,"column":61}},"27":{"start":{"line":61,"column":35},"end":{"line":61,"column":59}},"28":{"start":{"line":62,"column":0},"end":{"line":62,"column":34}},"29":{"start":{"line":63,"column":0},"end":{"line":63,"column":33}},"30":{"start":{"line":64,"column":0},"end":{"line":64,"column":50}},"31":{"start":{"line":65,"column":0},"end":{"line":65,"column":44}},"32":{"start":{"line":68,"column":0},"end":{"line":72,"column":3}},"33":{"start":{"line":69,"column":14},"end":{"line":69,"column":36}},"34":{"start":{"line":70,"column":2},"end":{"line":70,"column":19}},"35":{"start":{"line":71,"column":2},"end":{"line":71,"column":12}},"36":{"start":{"line":75,"column":0},"end":{"line":83,"column":3}},"37":{"start":{"line":76,"column":2},"end":{"line":82,"column":3}},"38":{"start":{"line":77,"column":20},"end":{"line":77,"column":68}},"39":{"start":{"line":78,"column":4},"end":{"line":78,"column":41}},"40":{"start":{"line":80,"column":4},"end":{"line":80,"column":23}},"41":{"start":{"line":81,"column":4},"end":{"line":81,"column":63}},"42":{"start":{"line":87,"column":17},"end":{"line":87,"column":19}},"43":{"start":{"line":88,"column":15},"end":{"line":88,"column":17}},"44":{"start":{"line":89,"column":16},"end":{"line":89,"column":18}},"45":{"start":{"line":90,"column":18},"end":{"line":90,"column":20}},"46":{"start":{"line":91,"column":17},"end":{"line":91,"column":19}},"47":{"start":{"line":92,"column":17},"end":{"line":92,"column":19}},"48":{"start":{"line":93,"column":0},"end":{"line":93,"column":31}},"49":{"start":{"line":94,"column":0},"end":{"line":94,"column":35}},"50":{"start":{"line":95,"column":0},"end":{"line":95,"column":33}},"51":{"start":{"line":96,"column":0},"end":{"line":96,"column":33}},"52":{"start":{"line":97,"column":19},"end":{"line":97,"column":38}},"53":{"start":{"line":98,"column":0},"end":{"line":103,"column":3}},"54":{"start":{"line":99,"column":2},"end":{"line":99,"column":49}},"55":{"start":{"line":100,"column":2},"end":{"line":100,"column":38}},"56":{"start":{"line":101,"column":2},"end":{"line":101,"column":43}},"57":{"start":{"line":102,"column":2},"end":{"line":102,"column":41}},"58":{"start":{"line":106,"column":18},"end":{"line":106,"column":20}},"59":{"start":{"line":110,"column":2},"end":{"line":113,"column":3}},"60":{"start":{"line":111,"column":4},"end":{"line":111,"column":53}},"61":{"start":{"line":112,"column":4},"end":{"line":112,"column":42}},"62":{"start":{"line":117,"column":19},"end":{"line":117,"column":37}},"63":{"start":{"line":118,"column":0},"end":{"line":136,"column":3}},"64":{"start":{"line":119,"column":2},"end":{"line":119,"column":48}},"65":{"start":{"line":123,"column":2},"end":{"line":130,"column":5}},"66":{"start":{"line":124,"column":4},"end":{"line":124,"column":43}},"67":{"start":{"line":125,"column":4},"end":{"line":125,"column":38}},"68":{"start":{"line":126,"column":21},"end":{"line":126,"column":36}},"69":{"start":{"line":127,"column":4},"end":{"line":127,"column":33}},"70":{"start":{"line":128,"column":4},"end":{"line":128,"column":19}},"71":{"start":{"line":129,"column":4},"end":{"line":129,"column":56}},"72":{"start":{"line":133,"column":2},"end":{"line":135,"column":5}},"73":{"start":{"line":134,"column":4},"end":{"line":134,"column":53}},"74":{"start":{"line":139,"column":14},"end":{"line":139,"column":16}},"75":{"start":{"line":140,"column":17},"end":{"line":140,"column":38}},"76":{"start":{"line":141,"column":0},"end":{"line":152,"column":3}},"77":{"start":{"line":142,"column":2},"end":{"line":142,"column":61}},"78":{"start":{"line":143,"column":2},"end":{"line":143,"column":60}},"79":{"start":{"line":144,"column":2},"end":{"line":144,"column":62}},"80":{"start":{"line":145,"column":2},"end":{"line":145,"column":42}},"81":{"start":{"line":146,"column":2},"end":{"line":146,"column":44}},"82":{"start":{"line":147,"column":2},"end":{"line":147,"column":44}},"83":{"start":{"line":148,"column":2},"end":{"line":148,"column":68}},"84":{"start":{"line":149,"column":2},"end":{"line":149,"column":43}},"85":{"start":{"line":150,"column":2},"end":{"line":150,"column":41}},"86":{"start":{"line":151,"column":2},"end":{"line":151,"column":41}},"87":{"start":{"line":155,"column":16},"end":{"line":155,"column":18}},"88":{"start":{"line":156,"column":19},"end":{"line":156,"column":42}},"89":{"start":{"line":157,"column":0},"end":{"line":169,"column":3}},"90":{"start":{"line":158,"column":2},"end":{"line":158,"column":38}},"91":{"start":{"line":159,"column":2},"end":{"line":159,"column":65}},"92":{"start":{"line":160,"column":2},"end":{"line":160,"column":64}},"93":{"start":{"line":161,"column":2},"end":{"line":161,"column":66}},"94":{"start":{"line":162,"column":2},"end":{"line":162,"column":44}},"95":{"start":{"line":163,"column":2},"end":{"line":163,"column":46}},"96":{"start":{"line":164,"column":2},"end":{"line":164,"column":46}},"97":{"start":{"line":165,"column":2},"end":{"line":165,"column":72}},"98":{"start":{"line":166,"column":2},"end":{"line":166,"column":45}},"99":{"start":{"line":167,"column":2},"end":{"line":167,"column":43}},"100":{"start":{"line":168,"column":2},"end":{"line":168,"column":43}},"101":{"start":{"line":172,"column":15},"end":{"line":172,"column":17}},"102":{"start":{"line":173,"column":18},"end":{"line":173,"column":40}},"103":{"start":{"line":174,"column":0},"end":{"line":186,"column":3}},"104":{"start":{"line":175,"column":2},"end":{"line":175,"column":38}},"105":{"start":{"line":176,"column":2},"end":{"line":176,"column":63}},"106":{"start":{"line":177,"column":2},"end":{"line":177,"column":62}},"107":{"start":{"line":178,"column":2},"end":{"line":178,"column":64}},"108":{"start":{"line":179,"column":2},"end":{"line":179,"column":43}},"109":{"start":{"line":180,"column":2},"end":{"line":180,"column":45}},"110":{"start":{"line":181,"column":2},"end":{"line":181,"column":45}},"111":{"start":{"line":182,"column":2},"end":{"line":182,"column":70}},"112":{"start":{"line":183,"column":2},"end":{"line":183,"column":44}},"113":{"start":{"line":184,"column":2},"end":{"line":184,"column":42}},"114":{"start":{"line":185,"column":2},"end":{"line":185,"column":42}},"115":{"start":{"line":188,"column":15},"end":{"line":188,"column":17}},"116":{"start":{"line":189,"column":18},"end":{"line":189,"column":40}},"117":{"start":{"line":190,"column":0},"end":{"line":202,"column":3}},"118":{"start":{"line":191,"column":2},"end":{"line":191,"column":38}},"119":{"start":{"line":192,"column":2},"end":{"line":192,"column":63}},"120":{"start":{"line":193,"column":2},"end":{"line":193,"column":62}},"121":{"start":{"line":194,"column":2},"end":{"line":194,"column":64}},"122":{"start":{"line":195,"column":2},"end":{"line":195,"column":43}},"123":{"start":{"line":196,"column":2},"end":{"line":196,"column":45}},"124":{"start":{"line":197,"column":2},"end":{"line":197,"column":45}},"125":{"start":{"line":198,"column":2},"end":{"line":198,"column":70}},"126":{"start":{"line":199,"column":2},"end":{"line":199,"column":44}},"127":{"start":{"line":200,"column":2},"end":{"line":200,"column":42}},"128":{"start":{"line":201,"column":2},"end":{"line":201,"column":42}},"129":{"start":{"line":207,"column":0},"end":{"line":229,"column":1}},"130":{"start":{"line":208,"column":2},"end":{"line":228,"column":7}},"131":{"start":{"line":211,"column":19},"end":{"line":211,"column":42}},"132":{"start":{"line":212,"column":6},"end":{"line":214,"column":8}},"133":{"start":{"line":217,"column":6},"end":{"line":217,"column":45}},"134":{"start":{"line":218,"column":6},"end":{"line":218,"column":73}},"135":{"start":{"line":219,"column":6},"end":{"line":219,"column":25}},"136":{"start":{"line":222,"column":6},"end":{"line":227,"column":11}},"137":{"start":{"line":223,"column":8},"end":{"line":223,"column":67}},"138":{"start":{"line":226,"column":10},"end":{"line":226,"column":29}},"139":{"start":{"line":232,"column":0},"end":{"line":232,"column":21}}},"fnMap":{"0":{"name":"(anonymous_0)","decl":{"start":{"line":34,"column":10},"end":{"line":34,"column":11}},"loc":{"start":{"line":34,"column":16},"end":{"line":34,"column":47}},"line":34},"1":{"name":"(anonymous_1)","decl":{"start":{"line":61,"column":21},"end":{"line":61,"column":22}},"loc":{"start":{"line":61,"column":35},"end":{"line":61,"column":59}},"line":61},"2":{"name":"(anonymous_2)","decl":{"start":{"line":68,"column":8},"end":{"line":68,"column":9}},"loc":{"start":{"line":68,"column":28},"end":{"line":72,"column":1}},"line":68},"3":{"name":"(anonymous_3)","decl":{"start":{"line":75,"column":8},"end":{"line":75,"column":9}},"loc":{"start":{"line":75,"column":33},"end":{"line":83,"column":1}},"line":75},"4":{"name":"(anonymous_4)","decl":{"start":{"line":98,"column":28},"end":{"line":98,"column":29}},"loc":{"start":{"line":98,"column":40},"end":{"line":103,"column":1}},"line":98},"5":{"name":"checkStorage","decl":{"start":{"line":109,"column":9},"end":{"line":109,"column":21}},"loc":{"start":{"line":109,"column":24},"end":{"line":114,"column":1}},"line":109},"6":{"name":"(anonymous_6)","decl":{"start":{"line":118,"column":28},"end":{"line":118,"column":29}},"loc":{"start":{"line":118,"column":40},"end":{"line":136,"column":1}},"line":118},"7":{"name":"(anonymous_7)","decl":{"start":{"line":123,"column":27},"end":{"line":123,"column":28}},"loc":{"start":{"line":123,"column":46},"end":{"line":130,"column":3}},"line":123},"8":{"name":"(anonymous_8)","decl":{"start":{"line":133,"column":24},"end":{"line":133,"column":25}},"loc":{"start":{"line":133,"column":30},"end":{"line":135,"column":3}},"line":133},"9":{"name":"(anonymous_9)","decl":{"start":{"line":141,"column":26},"end":{"line":141,"column":27}},"loc":{"start":{"line":141,"column":38},"end":{"line":152,"column":1}},"line":141},"10":{"name":"(anonymous_10)","decl":{"start":{"line":157,"column":28},"end":{"line":157,"column":29}},"loc":{"start":{"line":157,"column":40},"end":{"line":169,"column":1}},"line":157},"11":{"name":"(anonymous_11)","decl":{"start":{"line":174,"column":27},"end":{"line":174,"column":28}},"loc":{"start":{"line":174,"column":39},"end":{"line":186,"column":1}},"line":174},"12":{"name":"(anonymous_12)","decl":{"start":{"line":190,"column":27},"end":{"line":190,"column":28}},"loc":{"start":{"line":190,"column":39},"end":{"line":202,"column":1}},"line":190},"13":{"name":"(anonymous_13)","decl":{"start":{"line":210,"column":10},"end":{"line":210,"column":11}},"loc":{"start":{"line":210,"column":22},"end":{"line":215,"column":5}},"line":210},"14":{"name":"(anonymous_14)","decl":{"start":{"line":216,"column":11},"end":{"line":216,"column":12}},"loc":{"start":{"line":216,"column":18},"end":{"line":220,"column":5}},"line":216},"15":{"name":"(anonymous_15)","decl":{"start":{"line":221,"column":10},"end":{"line":221,"column":11}},"loc":{"start":{"line":221,"column":16},"end":{"line":228,"column":5}},"line":221},"16":{"name":"(anonymous_16)","decl":{"start":{"line":222,"column":26},"end":{"line":222,"column":27}},"loc":{"start":{"line":222,"column":37},"end":{"line":224,"column":7}},"line":222},"17":{"name":"(anonymous_17)","decl":{"start":{"line":225,"column":21},"end":{"line":225,"column":22}},"loc":{"start":{"line":225,"column":28},"end":{"line":227,"column":9}},"line":225}},"branchMap":{"0":{"loc":{"start":{"line":33,"column":9},"end":{"line":33,"column":66}},"type":"cond-expr","locations":[{"start":{"line":33,"column":50},"end":{"line":33,"column":55}},{"start":{"line":33,"column":58},"end":{"line":33,"column":66}}],"line":33},"1":{"loc":{"start":{"line":76,"column":2},"end":{"line":82,"column":3}},"type":"if","locations":[{"start":{"line":76,"column":2},"end":{"line":82,"column":3}},{"start":{"line":76,"column":2},"end":{"line":82,"column":3}}],"line":76},"2":{"loc":{"start":{"line":110,"column":2},"end":{"line":113,"column":3}},"type":"if","locations":[{"start":{"line":110,"column":2},"end":{"line":113,"column":3}},{"start":{"line":110,"column":2},"end":{"line":113,"column":3}}],"line":110},"3":{"loc":{"start":{"line":207,"column":0},"end":{"line":229,"column":1}},"type":"if","locations":[{"start":{"line":207,"column":0},"end":{"line":229,"column":1}},{"start":{"line":207,"column":0},"end":{"line":229,"column":1}}],"line":207}},"s":{"0":1,"1":1,"2":1,"3":1,"4":1,"5":1,"6":1,"7":1,"8":1,"9":1,"10":1,"11":1,"12":1,"13":1,"14":1,"15":1,"16":1,"17":1,"18":1,"19":113,"20":1,"21":1,"22":1,"23":1,"24":1,"25":1,"26":1,"27":1,"28":1,"29":1,"30":1,"31":1,"32":1,"33":2,"34":2,"35":2,"36":1,"37":19,"38":19,"39":19,"40":0,"41":0,"42":1,"43":1,"44":1,"45":1,"46":1,"47":1,"48":1,"49":1,"50":1,"51":1,"52":1,"53":1,"54":0,"55":0,"56":0,"57":0,"58":1,"59":0,"60":0,"61":0,"62":1,"63":1,"64":0,"65":0,"66":0,"67":0,"68":0,"69":0,"70":0,"71":0,"72":0,"73":0,"74":1,"75":1,"76":1,"77":0,"78":0,"79":0,"80":0,"81":0,"82":0,"83":0,"84":0,"85":0,"86":0,"87":1,"88":1,"89":1,"90":0,"91":0,"92":0,"93":0,"94":0,"95":0,"96":0,"97":0,"98":0,"99":0,"100":0,"101":1,"102":1,"103":1,"104":0,"105":0,"106":0,"107":0,"108":0,"109":0,"110":0,"111":0,"112":0,"113":0,"114":0,"115":1,"116":1,"117":1,"118":0,"119":0,"120":0,"121":0,"122":0,"123":0,"124":0,"125":0,"126":0,"127":0,"128":0,"129":1,"130":0,"131":0,"132":0,"133":0,"134":0,"135":0,"136":0,"137":0,"138":0,"139":1},"f":{"0":113,"1":1,"2":2,"3":19,"4":0,"5":0,"6":0,"7":0,"8":0,"9":0,"10":0,"11":0,"12":0,"13":0,"14":0,"15":0,"16":0,"17":0},"b":{"0":[0,1],"1":[19,0],"2":[0,0],"3":[0,1]},"_coverageSchema":"43e27e138ebf9cfc5966b082cf9a028302ed4184","hash":"3788a3addf14ec4b4f6b1e2a0572d2dad4d902b5","contentHash":"3964d6d999932a72e84f55de09ac2d68"},"/Users/Jacob_MacInnis/ThinkProgramming/think-programming-server/passport/localStrategy.js":{"path":"/Users/Jacob_MacInnis/ThinkProgramming/think-programming-server/passport/localStrategy.js","statementMap":{"0":{"start":{"line":2,"column":36},"end":{"line":2,"column":61}},"1":{"start":{"line":3,"column":13},"end":{"line":3,"column":38}},"2":{"start":{"line":6,"column":22},"end":{"line":37,"column":2}},"3":{"start":{"line":8,"column":2},"end":{"line":36,"column":7}},"4":{"start":{"line":10,"column":6},"end":{"line":10,"column":21}},"5":{"start":{"line":11,"column":6},"end":{"line":17,"column":7}},"6":{"start":{"line":12,"column":20},"end":{"line":12,"column":51}},"7":{"start":{"line":13,"column":8},"end":{"line":13,"column":25}},"8":{"start":{"line":14,"column":8},"end":{"line":14,"column":34}},"9":{"start":{"line":15,"column":8},"end":{"line":15,"column":43}},"10":{"start":{"line":16,"column":8},"end":{"line":16,"column":35}},"11":{"start":{"line":18,"column":6},"end":{"line":18,"column":45}},"12":{"start":{"line":21,"column":6},"end":{"line":28,"column":7}},"13":{"start":{"line":22,"column":20},"end":{"line":22,"column":51}},"14":{"start":{"line":23,"column":8},"end":{"line":23,"column":25}},"15":{"start":{"line":24,"column":8},"end":{"line":25,"column":43}},"16":{"start":{"line":26,"column":8},"end":{"line":26,"column":34}},"17":{"start":{"line":27,"column":8},"end":{"line":27,"column":35}},"18":{"start":{"line":29,"column":6},"end":{"line":29,"column":34}},"19":{"start":{"line":32,"column":6},"end":{"line":34,"column":7}},"20":{"start":{"line":33,"column":8},"end":{"line":33,"column":37}},"21":{"start":{"line":35,"column":6},"end":{"line":35,"column":27}},"22":{"start":{"line":39,"column":0},"end":{"line":39,"column":31}}},"fnMap":{"0":{"name":"(anonymous_0)","decl":{"start":{"line":6,"column":40},"end":{"line":6,"column":41}},"loc":{"start":{"line":6,"column":74},"end":{"line":37,"column":1}},"line":6},"1":{"name":"(anonymous_1)","decl":{"start":{"line":9,"column":10},"end":{"line":9,"column":11}},"loc":{"start":{"line":9,"column":21},"end":{"line":19,"column":5}},"line":9},"2":{"name":"(anonymous_2)","decl":{"start":{"line":20,"column":10},"end":{"line":20,"column":11}},"loc":{"start":{"line":20,"column":21},"end":{"line":30,"column":5}},"line":20},"3":{"name":"(anonymous_3)","decl":{"start":{"line":31,"column":11},"end":{"line":31,"column":12}},"loc":{"start":{"line":31,"column":18},"end":{"line":36,"column":5}},"line":31}},"branchMap":{"0":{"loc":{"start":{"line":11,"column":6},"end":{"line":17,"column":7}},"type":"if","locations":[{"start":{"line":11,"column":6},"end":{"line":17,"column":7}},{"start":{"line":11,"column":6},"end":{"line":17,"column":7}}],"line":11},"1":{"loc":{"start":{"line":21,"column":6},"end":{"line":28,"column":7}},"type":"if","locations":[{"start":{"line":21,"column":6},"end":{"line":28,"column":7}},{"start":{"line":21,"column":6},"end":{"line":28,"column":7}}],"line":21},"2":{"loc":{"start":{"line":32,"column":6},"end":{"line":34,"column":7}},"type":"if","locations":[{"start":{"line":32,"column":6},"end":{"line":34,"column":7}},{"start":{"line":32,"column":6},"end":{"line":34,"column":7}}],"line":32}},"s":{"0":1,"1":1,"2":1,"3":1,"4":1,"5":1,"6":0,"7":0,"8":0,"9":0,"10":0,"11":1,"12":1,"13":0,"14":0,"15":0,"16":0,"17":0,"18":1,"19":0,"20":0,"21":0,"22":1},"f":{"0":1,"1":1,"2":1,"3":0},"b":{"0":[0,1],"1":[0,1],"2":[0,0]},"_coverageSchema":"43e27e138ebf9cfc5966b082cf9a028302ed4184","hash":"c53a42567651a2991649051f4eb6379f199fe26b","contentHash":"93ed0d0019a421ff105609224c08d9f0"},"/Users/Jacob_MacInnis/ThinkProgramming/think-programming-server/models/user.js":{"path":"/Users/Jacob_MacInnis/ThinkProgramming/think-programming-server/models/user.js","statementMap":{"0":{"start":{"line":2,"column":15},"end":{"line":2,"column":34}},"1":{"start":{"line":3,"column":17},"end":{"line":3,"column":36}},"2":{"start":{"line":5,"column":19},"end":{"line":9,"column":2}},"3":{"start":{"line":12,"column":0},"end":{"line":19,"column":3}},"4":{"start":{"line":15,"column":4},"end":{"line":15,"column":22}},"5":{"start":{"line":16,"column":4},"end":{"line":16,"column":22}},"6":{"start":{"line":17,"column":4},"end":{"line":17,"column":27}},"7":{"start":{"line":22,"column":0},"end":{"line":25,"column":2}},"8":{"start":{"line":23,"column":22},"end":{"line":23,"column":26}},"9":{"start":{"line":24,"column":2},"end":{"line":24,"column":51}},"10":{"start":{"line":27,"column":0},"end":{"line":29,"column":2}},"11":{"start":{"line":28,"column":2},"end":{"line":28,"column":30}},"12":{"start":{"line":31,"column":0},"end":{"line":31,"column":52}}},"fnMap":{"0":{"name":"(anonymous_0)","decl":{"start":{"line":14,"column":13},"end":{"line":14,"column":14}},"loc":{"start":{"line":14,"column":30},"end":{"line":18,"column":3}},"line":14},"1":{"name":"(anonymous_1)","decl":{"start":{"line":22,"column":38},"end":{"line":22,"column":39}},"loc":{"start":{"line":22,"column":52},"end":{"line":25,"column":1}},"line":22},"2":{"name":"(anonymous_2)","decl":{"start":{"line":27,"column":34},"end":{"line":27,"column":35}},"loc":{"start":{"line":27,"column":48},"end":{"line":29,"column":1}},"line":27}},"branchMap":{},"s":{"0":1,"1":1,"2":1,"3":1,"4":0,"5":0,"6":0,"7":1,"8":2,"9":2,"10":1,"11":11,"12":1},"f":{"0":0,"1":2,"2":11},"b":{},"_coverageSchema":"43e27e138ebf9cfc5966b082cf9a028302ed4184","hash":"f6ab9daeabcbcb0b5263d7313f1a74f0ce41749f","contentHash":"4629c5a3f0dba36527513af6150b44af"},"/Users/Jacob_MacInnis/ThinkProgramming/think-programming-server/passport/jwt.js":{"path":"/Users/Jacob_MacInnis/ThinkProgramming/think-programming-server/passport/jwt.js","statementMap":{"0":{"start":{"line":2,"column":46},"end":{"line":2,"column":69}},"1":{"start":{"line":3,"column":23},"end":{"line":3,"column":43}},"2":{"start":{"line":5,"column":16},"end":{"line":9,"column":1}},"3":{"start":{"line":11,"column":20},"end":{"line":13,"column":2}},"4":{"start":{"line":12,"column":2},"end":{"line":12,"column":27}},"5":{"start":{"line":15,"column":0},"end":{"line":15,"column":29}}},"fnMap":{"0":{"name":"(anonymous_0)","decl":{"start":{"line":11,"column":45},"end":{"line":11,"column":46}},"loc":{"start":{"line":11,"column":64},"end":{"line":13,"column":1}},"line":11}},"branchMap":{},"s":{"0":1,"1":1,"2":1,"3":1,"4":92,"5":1},"f":{"0":92},"b":{},"_coverageSchema":"43e27e138ebf9cfc5966b082cf9a028302ed4184","hash":"025ac472abf26d220299511ea4c8640a8f6d76a1","contentHash":"b5d07c9d9242a2c319bde2fef0a5ce79"},"/Users/Jacob_MacInnis/ThinkProgramming/think-programming-server/config.js":{"path":"/Users/Jacob_MacInnis/ThinkProgramming/think-programming-server/config.js","statementMap":{"0":{"start":{"line":2,"column":0},"end":{"line":2,"column":27}},"1":{"start":{"line":4,"column":0},"end":{"line":13,"column":2}}},"fnMap":{},"branchMap":{"0":{"loc":{"start":{"line":5,"column":8},"end":{"line":5,"column":32}},"type":"binary-expr","locations":[{"start":{"line":5,"column":8},"end":{"line":5,"column":24}},{"start":{"line":5,"column":28},"end":{"line":5,"column":32}}],"line":5},"1":{"loc":{"start":{"line":6,"column":15},"end":{"line":6,"column":133}},"type":"binary-expr","locations":[{"start":{"line":6,"column":15},"end":{"line":6,"column":38}},{"start":{"line":6,"column":42},"end":{"line":6,"column":133}}],"line":6},"2":{"loc":{"start":{"line":7,"column":20},"end":{"line":8,"column":98}},"type":"binary-expr","locations":[{"start":{"line":7,"column":20},"end":{"line":7,"column":48}},{"start":{"line":8,"column":2},"end":{"line":8,"column":98}}],"line":7},"3":{"loc":{"start":{"line":10,"column":17},"end":{"line":10,"column":64}},"type":"binary-expr","locations":[{"start":{"line":10,"column":17},"end":{"line":10,"column":37}},{"start":{"line":10,"column":41},"end":{"line":10,"column":64}}],"line":10},"4":{"loc":{"start":{"line":12,"column":14},"end":{"line":12,"column":44}},"type":"binary-expr","locations":[{"start":{"line":12,"column":14},"end":{"line":12,"column":36}},{"start":{"line":12,"column":40},"end":{"line":12,"column":44}}],"line":12}},"s":{"0":1,"1":1},"f":{},"b":{"0":[1,1],"1":[1,1],"2":[1,1],"3":[1,0],"4":[1,1]},"_coverageSchema":"43e27e138ebf9cfc5966b082cf9a028302ed4184","hash":"febbd314b806a54d408fc31209d1415c1d9fea16","contentHash":"921f25c49c4bfe84052efcb155064fb3"},"/Users/Jacob_MacInnis/ThinkProgramming/think-programming-server/routes/auth.js":{"path":"/Users/Jacob_MacInnis/ThinkProgramming/think-programming-server/routes/auth.js","statementMap":{"0":{"start":{"line":3,"column":16},"end":{"line":3,"column":34}},"1":{"start":{"line":5,"column":17},"end":{"line":5,"column":36}},"2":{"start":{"line":7,"column":12},"end":{"line":7,"column":35}},"3":{"start":{"line":9,"column":35},"end":{"line":9,"column":55}},"4":{"start":{"line":11,"column":15},"end":{"line":11,"column":31}},"5":{"start":{"line":13,"column":16},"end":{"line":13,"column":53}},"6":{"start":{"line":15,"column":18},"end":{"line":15,"column":57}},"7":{"start":{"line":18,"column":2},"end":{"line":21,"column":5}},"8":{"start":{"line":23,"column":0},"end":{"line":26,"column":3}},"9":{"start":{"line":24,"column":20},"end":{"line":24,"column":45}},"10":{"start":{"line":25,"column":2},"end":{"line":25,"column":26}},"11":{"start":{"line":27,"column":16},"end":{"line":27,"column":85}},"12":{"start":{"line":29,"column":0},"end":{"line":32,"column":3}},"13":{"start":{"line":30,"column":20},"end":{"line":30,"column":45}},"14":{"start":{"line":31,"column":2},"end":{"line":31,"column":26}},"15":{"start":{"line":34,"column":0},"end":{"line":34,"column":24}}},"fnMap":{"0":{"name":"createAuthToken","decl":{"start":{"line":17,"column":9},"end":{"line":17,"column":24}},"loc":{"start":{"line":17,"column":32},"end":{"line":22,"column":1}},"line":17},"1":{"name":"(anonymous_1)","decl":{"start":{"line":23,"column":33},"end":{"line":23,"column":34}},"loc":{"start":{"line":23,"column":53},"end":{"line":26,"column":1}},"line":23},"2":{"name":"(anonymous_2)","decl":{"start":{"line":29,"column":33},"end":{"line":29,"column":34}},"loc":{"start":{"line":29,"column":47},"end":{"line":32,"column":1}},"line":29}},"branchMap":{},"s":{"0":1,"1":1,"2":1,"3":1,"4":1,"5":1,"6":1,"7":2,"8":1,"9":1,"10":1,"11":1,"12":1,"13":1,"14":1,"15":1},"f":{"0":2,"1":1,"2":1},"b":{},"_coverageSchema":"43e27e138ebf9cfc5966b082cf9a028302ed4184","hash":"525016761576ba21fe49a8965eed1d52e1cd7dfb","contentHash":"804491ba8f0e7c2bfb38933de0195664"},"/Users/Jacob_MacInnis/ThinkProgramming/think-programming-server/routes/users.js":{"path":"/Users/Jacob_MacInnis/ThinkProgramming/think-programming-server/routes/users.js","statementMap":{"0":{"start":{"line":3,"column":16},"end":{"line":3,"column":34}},"1":{"start":{"line":4,"column":13},"end":{"line":4,"column":38}},"2":{"start":{"line":5,"column":18},"end":{"line":5,"column":48}},"3":{"start":{"line":6,"column":15},"end":{"line":6,"column":31}},"4":{"start":{"line":9,"column":0},"end":{"line":124,"column":3}},"5":{"start":{"line":11,"column":25},"end":{"line":11,"column":57}},"6":{"start":{"line":12,"column":23},"end":{"line":12,"column":73}},"7":{"start":{"line":12,"column":52},"end":{"line":12,"column":72}},"8":{"start":{"line":14,"column":2},"end":{"line":20,"column":3}},"9":{"start":{"line":15,"column":16},"end":{"line":15,"column":70}},"10":{"start":{"line":16,"column":4},"end":{"line":16,"column":21}},"11":{"start":{"line":17,"column":4},"end":{"line":17,"column":35}},"12":{"start":{"line":18,"column":4},"end":{"line":18,"column":32}},"13":{"start":{"line":19,"column":4},"end":{"line":19,"column":21}},"14":{"start":{"line":22,"column":23},"end":{"line":22,"column":55}},"15":{"start":{"line":23,"column":25},"end":{"line":25,"column":3}},"16":{"start":{"line":24,"column":13},"end":{"line":24,"column":69}},"17":{"start":{"line":27,"column":2},"end":{"line":33,"column":3}},"18":{"start":{"line":28,"column":16},"end":{"line":28,"column":75}},"19":{"start":{"line":29,"column":4},"end":{"line":29,"column":21}},"20":{"start":{"line":30,"column":4},"end":{"line":30,"column":35}},"21":{"start":{"line":31,"column":4},"end":{"line":31,"column":34}},"22":{"start":{"line":32,"column":4},"end":{"line":32,"column":21}},"23":{"start":{"line":42,"column":33},"end":{"line":42,"column":57}},"24":{"start":{"line":43,"column":26},"end":{"line":45,"column":3}},"25":{"start":{"line":44,"column":13},"end":{"line":44,"column":55}},"26":{"start":{"line":47,"column":2},"end":{"line":55,"column":3}},"27":{"start":{"line":48,"column":16},"end":{"line":50,"column":5}},"28":{"start":{"line":51,"column":4},"end":{"line":51,"column":21}},"29":{"start":{"line":52,"column":4},"end":{"line":52,"column":35}},"30":{"start":{"line":53,"column":4},"end":{"line":53,"column":35}},"31":{"start":{"line":54,"column":4},"end":{"line":54,"column":21}},"32":{"start":{"line":59,"column":22},"end":{"line":62,"column":3}},"33":{"start":{"line":64,"column":24},"end":{"line":68,"column":3}},"34":{"start":{"line":66,"column":6},"end":{"line":67,"column":60}},"35":{"start":{"line":69,"column":2},"end":{"line":78,"column":3}},"36":{"start":{"line":70,"column":16},"end":{"line":70,"column":46}},"37":{"start":{"line":71,"column":16},"end":{"line":73,"column":5}},"38":{"start":{"line":74,"column":4},"end":{"line":74,"column":21}},"39":{"start":{"line":75,"column":4},"end":{"line":75,"column":35}},"40":{"start":{"line":76,"column":4},"end":{"line":76,"column":33}},"41":{"start":{"line":77,"column":4},"end":{"line":77,"column":21}},"42":{"start":{"line":80,"column":24},"end":{"line":84,"column":3}},"43":{"start":{"line":82,"column":6},"end":{"line":83,"column":60}},"44":{"start":{"line":86,"column":2},"end":{"line":95,"column":3}},"45":{"start":{"line":87,"column":16},"end":{"line":87,"column":46}},"46":{"start":{"line":88,"column":16},"end":{"line":90,"column":5}},"47":{"start":{"line":91,"column":4},"end":{"line":91,"column":21}},"48":{"start":{"line":92,"column":4},"end":{"line":92,"column":35}},"49":{"start":{"line":93,"column":4},"end":{"line":93,"column":33}},"50":{"start":{"line":94,"column":4},"end":{"line":94,"column":21}},"51":{"start":{"line":98,"column":42},"end":{"line":98,"column":50}},"52":{"start":{"line":99,"column":2},"end":{"line":99,"column":21}},"53":{"start":{"line":101,"column":2},"end":{"line":123,"column":7}},"54":{"start":{"line":103,"column":22},"end":{"line":107,"column":7}},"55":{"start":{"line":108,"column":6},"end":{"line":108,"column":34}},"56":{"start":{"line":111,"column":6},"end":{"line":114,"column":22}},"57":{"start":{"line":117,"column":6},"end":{"line":121,"column":7}},"58":{"start":{"line":118,"column":8},"end":{"line":118,"column":55}},"59":{"start":{"line":119,"column":8},"end":{"line":119,"column":25}},"60":{"start":{"line":120,"column":8},"end":{"line":120,"column":39}},"61":{"start":{"line":122,"column":6},"end":{"line":122,"column":16}},"62":{"start":{"line":127,"column":0},"end":{"line":175,"column":3}},"63":{"start":{"line":128,"column":2},"end":{"line":128,"column":34}},"64":{"start":{"line":130,"column":25},"end":{"line":130,"column":39}},"65":{"start":{"line":131,"column":23},"end":{"line":131,"column":73}},"66":{"start":{"line":131,"column":52},"end":{"line":131,"column":72}},"67":{"start":{"line":133,"column":2},"end":{"line":139,"column":3}},"68":{"start":{"line":134,"column":16},"end":{"line":134,"column":70}},"69":{"start":{"line":135,"column":4},"end":{"line":135,"column":21}},"70":{"start":{"line":136,"column":4},"end":{"line":136,"column":35}},"71":{"start":{"line":137,"column":4},"end":{"line":137,"column":32}},"72":{"start":{"line":138,"column":4},"end":{"line":138,"column":21}},"73":{"start":{"line":141,"column":23},"end":{"line":141,"column":36}},"74":{"start":{"line":142,"column":25},"end":{"line":144,"column":3}},"75":{"start":{"line":143,"column":13},"end":{"line":143,"column":69}},"76":{"start":{"line":146,"column":2},"end":{"line":152,"column":3}},"77":{"start":{"line":147,"column":16},"end":{"line":147,"column":75}},"78":{"start":{"line":148,"column":4},"end":{"line":148,"column":21}},"79":{"start":{"line":149,"column":4},"end":{"line":149,"column":35}},"80":{"start":{"line":150,"column":4},"end":{"line":150,"column":34}},"81":{"start":{"line":151,"column":4},"end":{"line":151,"column":21}},"82":{"start":{"line":153,"column":23},"end":{"line":153,"column":31}},"83":{"start":{"line":154,"column":2},"end":{"line":174,"column":7}},"84":{"start":{"line":156,"column":6},"end":{"line":164,"column":9}},"85":{"start":{"line":167,"column":6},"end":{"line":167,"column":84}},"86":{"start":{"line":170,"column":6},"end":{"line":172,"column":7}},"87":{"start":{"line":171,"column":8},"end":{"line":171,"column":46}},"88":{"start":{"line":173,"column":6},"end":{"line":173,"column":16}},"89":{"start":{"line":178,"column":0},"end":{"line":178,"column":24}}},"fnMap":{"0":{"name":"(anonymous_0)","decl":{"start":{"line":9,"column":17},"end":{"line":9,"column":18}},"loc":{"start":{"line":9,"column":37},"end":{"line":124,"column":1}},"line":9},"1":{"name":"(anonymous_1)","decl":{"start":{"line":12,"column":43},"end":{"line":12,"column":44}},"loc":{"start":{"line":12,"column":52},"end":{"line":12,"column":72}},"line":12},"2":{"name":"(anonymous_2)","decl":{"start":{"line":24,"column":4},"end":{"line":24,"column":5}},"loc":{"start":{"line":24,"column":13},"end":{"line":24,"column":69}},"line":24},"3":{"name":"(anonymous_3)","decl":{"start":{"line":44,"column":4},"end":{"line":44,"column":5}},"loc":{"start":{"line":44,"column":13},"end":{"line":44,"column":55}},"line":44},"4":{"name":"(anonymous_4)","decl":{"start":{"line":65,"column":4},"end":{"line":65,"column":5}},"loc":{"start":{"line":66,"column":6},"end":{"line":67,"column":60}},"line":66},"5":{"name":"(anonymous_5)","decl":{"start":{"line":81,"column":4},"end":{"line":81,"column":5}},"loc":{"start":{"line":82,"column":6},"end":{"line":83,"column":60}},"line":82},"6":{"name":"(anonymous_6)","decl":{"start":{"line":102,"column":10},"end":{"line":102,"column":11}},"loc":{"start":{"line":102,"column":20},"end":{"line":109,"column":5}},"line":102},"7":{"name":"(anonymous_7)","decl":{"start":{"line":110,"column":10},"end":{"line":110,"column":11}},"loc":{"start":{"line":110,"column":20},"end":{"line":115,"column":5}},"line":110},"8":{"name":"(anonymous_8)","decl":{"start":{"line":116,"column":11},"end":{"line":116,"column":12}},"loc":{"start":{"line":116,"column":18},"end":{"line":123,"column":5}},"line":116},"9":{"name":"(anonymous_9)","decl":{"start":{"line":127,"column":22},"end":{"line":127,"column":23}},"loc":{"start":{"line":127,"column":42},"end":{"line":175,"column":1}},"line":127},"10":{"name":"(anonymous_10)","decl":{"start":{"line":131,"column":43},"end":{"line":131,"column":44}},"loc":{"start":{"line":131,"column":52},"end":{"line":131,"column":72}},"line":131},"11":{"name":"(anonymous_11)","decl":{"start":{"line":143,"column":4},"end":{"line":143,"column":5}},"loc":{"start":{"line":143,"column":13},"end":{"line":143,"column":69}},"line":143},"12":{"name":"(anonymous_12)","decl":{"start":{"line":155,"column":10},"end":{"line":155,"column":11}},"loc":{"start":{"line":155,"column":17},"end":{"line":165,"column":5}},"line":155},"13":{"name":"(anonymous_13)","decl":{"start":{"line":166,"column":10},"end":{"line":166,"column":11}},"loc":{"start":{"line":166,"column":20},"end":{"line":168,"column":5}},"line":166},"14":{"name":"(anonymous_14)","decl":{"start":{"line":169,"column":11},"end":{"line":169,"column":12}},"loc":{"start":{"line":169,"column":18},"end":{"line":174,"column":5}},"line":169}},"branchMap":{"0":{"loc":{"start":{"line":14,"column":2},"end":{"line":20,"column":3}},"type":"if","locations":[{"start":{"line":14,"column":2},"end":{"line":20,"column":3}},{"start":{"line":14,"column":2},"end":{"line":20,"column":3}}],"line":14},"1":{"loc":{"start":{"line":24,"column":13},"end":{"line":24,"column":69}},"type":"binary-expr","locations":[{"start":{"line":24,"column":13},"end":{"line":24,"column":30}},{"start":{"line":24,"column":34},"end":{"line":24,"column":69}}],"line":24},"2":{"loc":{"start":{"line":27,"column":2},"end":{"line":33,"column":3}},"type":"if","locations":[{"start":{"line":27,"column":2},"end":{"line":33,"column":3}},{"start":{"line":27,"column":2},"end":{"line":33,"column":3}}],"line":27},"3":{"loc":{"start":{"line":47,"column":2},"end":{"line":55,"column":3}},"type":"if","locations":[{"start":{"line":47,"column":2},"end":{"line":55,"column":3}},{"start":{"line":47,"column":2},"end":{"line":55,"column":3}}],"line":47},"4":{"loc":{"start":{"line":66,"column":6},"end":{"line":67,"column":60}},"type":"binary-expr","locations":[{"start":{"line":66,"column":6},"end":{"line":66,"column":33}},{"start":{"line":67,"column":6},"end":{"line":67,"column":60}}],"line":66},"5":{"loc":{"start":{"line":69,"column":2},"end":{"line":78,"column":3}},"type":"if","locations":[{"start":{"line":69,"column":2},"end":{"line":78,"column":3}},{"start":{"line":69,"column":2},"end":{"line":78,"column":3}}],"line":69},"6":{"loc":{"start":{"line":82,"column":6},"end":{"line":83,"column":60}},"type":"binary-expr","locations":[{"start":{"line":82,"column":6},"end":{"line":82,"column":33}},{"start":{"line":83,"column":6},"end":{"line":83,"column":60}}],"line":82},"7":{"loc":{"start":{"line":86,"column":2},"end":{"line":95,"column":3}},"type":"if","locations":[{"start":{"line":86,"column":2},"end":{"line":95,"column":3}},{"start":{"line":86,"column":2},"end":{"line":95,"column":3}}],"line":86},"8":{"loc":{"start":{"line":98,"column":28},"end":{"line":98,"column":37}},"type":"default-arg","locations":[{"start":{"line":98,"column":35},"end":{"line":98,"column":37}}],"line":98},"9":{"loc":{"start":{"line":117,"column":6},"end":{"line":121,"column":7}},"type":"if","locations":[{"start":{"line":117,"column":6},"end":{"line":121,"column":7}},{"start":{"line":117,"column":6},"end":{"line":121,"column":7}}],"line":117},"10":{"loc":{"start":{"line":133,"column":2},"end":{"line":139,"column":3}},"type":"if","locations":[{"start":{"line":133,"column":2},"end":{"line":139,"column":3}},{"start":{"line":133,"column":2},"end":{"line":139,"column":3}}],"line":133},"11":{"loc":{"start":{"line":143,"column":13},"end":{"line":143,"column":69}},"type":"binary-expr","locations":[{"start":{"line":143,"column":13},"end":{"line":143,"column":30}},{"start":{"line":143,"column":34},"end":{"line":143,"column":69}}],"line":143},"12":{"loc":{"start":{"line":146,"column":2},"end":{"line":152,"column":3}},"type":"if","locations":[{"start":{"line":146,"column":2},"end":{"line":152,"column":3}},{"start":{"line":146,"column":2},"end":{"line":152,"column":3}}],"line":146},"13":{"loc":{"start":{"line":170,"column":6},"end":{"line":172,"column":7}},"type":"if","locations":[{"start":{"line":170,"column":6},"end":{"line":172,"column":7}},{"start":{"line":170,"column":6},"end":{"line":172,"column":7}}],"line":170}},"s":{"0":1,"1":1,"2":1,"3":1,"4":1,"5":11,"6":11,"7":32,"8":11,"9":2,"10":2,"11":2,"12":2,"13":2,"14":9,"15":9,"16":24,"17":9,"18":2,"19":2,"20":2,"21":2,"22":2,"23":7,"24":7,"25":13,"26":7,"27":2,"28":2,"29":2,"30":2,"31":2,"32":5,"33":5,"34":9,"35":5,"36":2,"37":2,"38":2,"39":2,"40":2,"41":2,"42":3,"43":6,"44":3,"45":1,"46":1,"47":1,"48":1,"49":1,"50":1,"51":2,"52":2,"53":2,"54":2,"55":2,"56":1,"57":1,"58":1,"59":1,"60":1,"61":1,"62":1,"63":0,"64":0,"65":0,"66":0,"67":0,"68":0,"69":0,"70":0,"71":0,"72":0,"73":0,"74":0,"75":0,"76":0,"77":0,"78":0,"79":0,"80":0,"81":0,"82":0,"83":0,"84":0,"85":0,"86":0,"87":0,"88":0,"89":1},"f":{"0":11,"1":32,"2":24,"3":13,"4":9,"5":6,"6":2,"7":1,"8":1,"9":0,"10":0,"11":0,"12":0,"13":0,"14":0},"b":{"0":[2,9],"1":[24,24],"2":[2,7],"3":[2,5],"4":[9,9],"5":[2,3],"6":[6,3],"7":[1,2],"8":[0],"9":[1,0],"10":[0,0],"11":[0,0],"12":[0,0],"13":[0,0]},"_coverageSchema":"43e27e138ebf9cfc5966b082cf9a028302ed4184","hash":"951561f2a9afba06860871da409463175b6d2dad","contentHash":"ba25bc9c19deb0713a5eed6c8720011e"},"/Users/Jacob_MacInnis/ThinkProgramming/think-programming-server/models/userStats.js":{"path":"/Users/Jacob_MacInnis/ThinkProgramming/think-programming-server/models/userStats.js","statementMap":{"0":{"start":{"line":2,"column":17},"end":{"line":2,"column":36}},"1":{"start":{"line":4,"column":24},"end":{"line":32,"column":2}},"2":{"start":{"line":35,"column":0},"end":{"line":42,"column":3}},"3":{"start":{"line":38,"column":4},"end":{"line":38,"column":22}},"4":{"start":{"line":39,"column":4},"end":{"line":39,"column":22}},"5":{"start":{"line":40,"column":4},"end":{"line":40,"column":27}},"6":{"start":{"line":44,"column":0},"end":{"line":44,"column":68}}},"fnMap":{"0":{"name":"(anonymous_0)","decl":{"start":{"line":37,"column":13},"end":{"line":37,"column":14}},"loc":{"start":{"line":37,"column":30},"end":{"line":41,"column":3}},"line":37}},"branchMap":{},"s":{"0":1,"1":1,"2":1,"3":0,"4":0,"5":0,"6":1},"f":{"0":0},"b":{},"_coverageSchema":"43e27e138ebf9cfc5966b082cf9a028302ed4184","hash":"28ceda611b3a51a541d48d88099e809247d21b70","contentHash":"1fb5184e9266fa42ccb7af03e9784897"},"/Users/Jacob_MacInnis/ThinkProgramming/think-programming-server/routes/gameRoom.js":{"path":"/Users/Jacob_MacInnis/ThinkProgramming/think-programming-server/routes/gameRoom.js","statementMap":{"0":{"start":{"line":2,"column":16},"end":{"line":2,"column":34}},"1":{"start":{"line":3,"column":17},"end":{"line":3,"column":36}},"2":{"start":{"line":4,"column":22},"end":{"line":4,"column":56}},"3":{"start":{"line":5,"column":18},"end":{"line":5,"column":48}},"4":{"start":{"line":8,"column":17},"end":{"line":8,"column":71}},"5":{"start":{"line":9,"column":23},"end":{"line":9,"column":85}},"6":{"start":{"line":12,"column":19},"end":{"line":12,"column":67}},"7":{"start":{"line":13,"column":29},"end":{"line":13,"column":79}},"8":{"start":{"line":14,"column":29},"end":{"line":14,"column":79}},"9":{"start":{"line":15,"column":29},"end":{"line":15,"column":79}},"10":{"start":{"line":16,"column":29},"end":{"line":16,"column":79}},"11":{"start":{"line":17,"column":29},"end":{"line":17,"column":79}},"12":{"start":{"line":20,"column":18},"end":{"line":20,"column":65}},"13":{"start":{"line":21,"column":25},"end":{"line":21,"column":73}},"14":{"start":{"line":22,"column":25},"end":{"line":22,"column":73}},"15":{"start":{"line":23,"column":25},"end":{"line":23,"column":73}},"16":{"start":{"line":24,"column":25},"end":{"line":24,"column":73}},"17":{"start":{"line":25,"column":25},"end":{"line":25,"column":73}},"18":{"start":{"line":28,"column":18},"end":{"line":28,"column":65}},"19":{"start":{"line":29,"column":25},"end":{"line":29,"column":73}},"20":{"start":{"line":30,"column":25},"end":{"line":30,"column":73}},"21":{"start":{"line":31,"column":25},"end":{"line":31,"column":73}},"22":{"start":{"line":32,"column":25},"end":{"line":32,"column":73}},"23":{"start":{"line":33,"column":25},"end":{"line":33,"column":73}},"24":{"start":{"line":35,"column":82},"end":{"line":35,"column":113}},"25":{"start":{"line":37,"column":24},"end":{"line":37,"column":59}},"26":{"start":{"line":38,"column":35},"end":{"line":38,"column":81}},"27":{"start":{"line":40,"column":15},"end":{"line":40,"column":31}},"28":{"start":{"line":43,"column":0},"end":{"line":75,"column":3}},"29":{"start":{"line":45,"column":26},"end":{"line":45,"column":35}},"30":{"start":{"line":46,"column":2},"end":{"line":50,"column":3}},"31":{"start":{"line":47,"column":16},"end":{"line":47,"column":65}},"32":{"start":{"line":48,"column":4},"end":{"line":48,"column":21}},"33":{"start":{"line":49,"column":4},"end":{"line":49,"column":21}},"34":{"start":{"line":51,"column":2},"end":{"line":51,"column":20}},"35":{"start":{"line":52,"column":2},"end":{"line":56,"column":3}},"36":{"start":{"line":53,"column":16},"end":{"line":53,"column":62}},"37":{"start":{"line":54,"column":4},"end":{"line":54,"column":21}},"38":{"start":{"line":55,"column":4},"end":{"line":55,"column":21}},"39":{"start":{"line":58,"column":2},"end":{"line":62,"column":3}},"40":{"start":{"line":59,"column":16},"end":{"line":59,"column":82}},"41":{"start":{"line":60,"column":4},"end":{"line":60,"column":21}},"42":{"start":{"line":61,"column":4},"end":{"line":61,"column":21}},"43":{"start":{"line":63,"column":2},"end":{"line":74,"column":7}},"44":{"start":{"line":65,"column":6},"end":{"line":65,"column":70}},"45":{"start":{"line":66,"column":6},"end":{"line":66,"column":43}},"46":{"start":{"line":69,"column":6},"end":{"line":69,"column":23}},"47":{"start":{"line":70,"column":6},"end":{"line":72,"column":7}},"48":{"start":{"line":71,"column":8},"end":{"line":71,"column":46}},"49":{"start":{"line":73,"column":6},"end":{"line":73,"column":16}},"50":{"start":{"line":78,"column":0},"end":{"line":138,"column":3}},"51":{"start":{"line":79,"column":17},"end":{"line":79,"column":29}},"52":{"start":{"line":81,"column":2},"end":{"line":85,"column":3}},"53":{"start":{"line":82,"column":16},"end":{"line":82,"column":50}},"54":{"start":{"line":83,"column":4},"end":{"line":83,"column":21}},"55":{"start":{"line":84,"column":4},"end":{"line":84,"column":21}},"56":{"start":{"line":87,"column":16},"end":{"line":87,"column":26}},"57":{"start":{"line":88,"column":2},"end":{"line":88,"column":11}},"58":{"start":{"line":89,"column":19},"end":{"line":89,"column":34}},"59":{"start":{"line":91,"column":2},"end":{"line":95,"column":3}},"60":{"start":{"line":92,"column":16},"end":{"line":92,"column":56}},"61":{"start":{"line":93,"column":4},"end":{"line":93,"column":21}},"62":{"start":{"line":94,"column":4},"end":{"line":94,"column":21}},"63":{"start":{"line":96,"column":2},"end":{"line":100,"column":3}},"64":{"start":{"line":97,"column":16},"end":{"line":97,"column":56}},"65":{"start":{"line":98,"column":4},"end":{"line":98,"column":21}},"66":{"start":{"line":99,"column":4},"end":{"line":99,"column":21}},"67":{"start":{"line":102,"column":2},"end":{"line":137,"column":3}},"68":{"start":{"line":103,"column":4},"end":{"line":109,"column":9}},"69":{"start":{"line":105,"column":8},"end":{"line":105,"column":72}},"70":{"start":{"line":108,"column":8},"end":{"line":108,"column":46}},"71":{"start":{"line":115,"column":4},"end":{"line":136,"column":5}},"72":{"start":{"line":117,"column":6},"end":{"line":117,"column":108}},"73":{"start":{"line":118,"column":6},"end":{"line":118,"column":12}},"74":{"start":{"line":120,"column":6},"end":{"line":120,"column":115}},"75":{"start":{"line":121,"column":6},"end":{"line":121,"column":12}},"76":{"start":{"line":123,"column":6},"end":{"line":123,"column":115}},"77":{"start":{"line":124,"column":6},"end":{"line":124,"column":12}},"78":{"start":{"line":126,"column":6},"end":{"line":126,"column":115}},"79":{"start":{"line":127,"column":6},"end":{"line":127,"column":12}},"80":{"start":{"line":129,"column":6},"end":{"line":129,"column":139}},"81":{"start":{"line":130,"column":6},"end":{"line":130,"column":12}},"82":{"start":{"line":132,"column":16},"end":{"line":132,"column":59}},"83":{"start":{"line":133,"column":6},"end":{"line":133,"column":66}},"84":{"start":{"line":134,"column":6},"end":{"line":134,"column":23}},"85":{"start":{"line":135,"column":6},"end":{"line":135,"column":23}},"86":{"start":{"line":142,"column":0},"end":{"line":201,"column":3}},"87":{"start":{"line":143,"column":17},"end":{"line":143,"column":29}},"88":{"start":{"line":144,"column":16},"end":{"line":144,"column":26}},"89":{"start":{"line":145,"column":2},"end":{"line":145,"column":11}},"90":{"start":{"line":146,"column":21},"end":{"line":146,"column":36}},"91":{"start":{"line":148,"column":2},"end":{"line":152,"column":3}},"92":{"start":{"line":149,"column":16},"end":{"line":149,"column":50}},"93":{"start":{"line":150,"column":4},"end":{"line":150,"column":21}},"94":{"start":{"line":151,"column":4},"end":{"line":151,"column":21}},"95":{"start":{"line":153,"column":2},"end":{"line":158,"column":3}},"96":{"start":{"line":154,"column":16},"end":{"line":154,"column":56}},"97":{"start":{"line":155,"column":4},"end":{"line":155,"column":66}},"98":{"start":{"line":156,"column":4},"end":{"line":156,"column":21}},"99":{"start":{"line":157,"column":4},"end":{"line":157,"column":21}},"100":{"start":{"line":159,"column":2},"end":{"line":164,"column":3}},"101":{"start":{"line":160,"column":16},"end":{"line":160,"column":56}},"102":{"start":{"line":161,"column":4},"end":{"line":161,"column":66}},"103":{"start":{"line":162,"column":4},"end":{"line":162,"column":21}},"104":{"start":{"line":163,"column":4},"end":{"line":163,"column":21}},"105":{"start":{"line":167,"column":2},"end":{"line":200,"column":3}},"106":{"start":{"line":168,"column":4},"end":{"line":174,"column":9}},"107":{"start":{"line":170,"column":8},"end":{"line":170,"column":66}},"108":{"start":{"line":173,"column":8},"end":{"line":173,"column":46}},"109":{"start":{"line":178,"column":4},"end":{"line":199,"column":5}},"110":{"start":{"line":180,"column":6},"end":{"line":180,"column":124}},"111":{"start":{"line":181,"column":6},"end":{"line":181,"column":12}},"112":{"start":{"line":183,"column":6},"end":{"line":183,"column":134}},"113":{"start":{"line":184,"column":6},"end":{"line":184,"column":12}},"114":{"start":{"line":186,"column":6},"end":{"line":186,"column":121}},"115":{"start":{"line":187,"column":6},"end":{"line":187,"column":12}},"116":{"start":{"line":189,"column":6},"end":{"line":189,"column":122}},"117":{"start":{"line":190,"column":6},"end":{"line":190,"column":12}},"118":{"start":{"line":192,"column":6},"end":{"line":192,"column":122}},"119":{"start":{"line":193,"column":6},"end":{"line":193,"column":12}},"120":{"start":{"line":195,"column":16},"end":{"line":195,"column":59}},"121":{"start":{"line":196,"column":6},"end":{"line":196,"column":68}},"122":{"start":{"line":197,"column":6},"end":{"line":197,"column":23}},"123":{"start":{"line":198,"column":6},"end":{"line":198,"column":23}},"124":{"start":{"line":204,"column":0},"end":{"line":252,"column":3}},"125":{"start":{"line":205,"column":17},"end":{"line":205,"column":29}},"126":{"start":{"line":206,"column":16},"end":{"line":206,"column":26}},"127":{"start":{"line":207,"column":2},"end":{"line":207,"column":11}},"128":{"start":{"line":210,"column":20},"end":{"line":210,"column":35}},"129":{"start":{"line":213,"column":2},"end":{"line":217,"column":3}},"130":{"start":{"line":214,"column":16},"end":{"line":214,"column":50}},"131":{"start":{"line":215,"column":4},"end":{"line":215,"column":21}},"132":{"start":{"line":216,"column":4},"end":{"line":216,"column":21}},"133":{"start":{"line":218,"column":2},"end":{"line":223,"column":3}},"134":{"start":{"line":219,"column":16},"end":{"line":219,"column":56}},"135":{"start":{"line":220,"column":4},"end":{"line":220,"column":65}},"136":{"start":{"line":221,"column":4},"end":{"line":221,"column":21}},"137":{"start":{"line":222,"column":4},"end":{"line":222,"column":21}},"138":{"start":{"line":224,"column":2},"end":{"line":229,"column":3}},"139":{"start":{"line":225,"column":16},"end":{"line":225,"column":56}},"140":{"start":{"line":226,"column":4},"end":{"line":226,"column":65}},"141":{"start":{"line":227,"column":4},"end":{"line":227,"column":21}},"142":{"start":{"line":228,"column":4},"end":{"line":228,"column":21}},"143":{"start":{"line":230,"column":2},"end":{"line":251,"column":3}},"144":{"start":{"line":232,"column":4},"end":{"line":232,"column":85}},"145":{"start":{"line":233,"column":4},"end":{"line":233,"column":10}},"146":{"start":{"line":235,"column":4},"end":{"line":235,"column":85}},"147":{"start":{"line":236,"column":4},"end":{"line":236,"column":10}},"148":{"start":{"line":238,"column":4},"end":{"line":238,"column":85}},"149":{"start":{"line":239,"column":4},"end":{"line":239,"column":10}},"150":{"start":{"line":241,"column":4},"end":{"line":241,"column":85}},"151":{"start":{"line":242,"column":4},"end":{"line":242,"column":10}},"152":{"start":{"line":244,"column":4},"end":{"line":244,"column":85}},"153":{"start":{"line":245,"column":4},"end":{"line":245,"column":10}},"154":{"start":{"line":247,"column":14},"end":{"line":247,"column":57}},"155":{"start":{"line":248,"column":4},"end":{"line":248,"column":65}},"156":{"start":{"line":249,"column":4},"end":{"line":249,"column":21}},"157":{"start":{"line":250,"column":4},"end":{"line":250,"column":21}},"158":{"start":{"line":256,"column":0},"end":{"line":303,"column":3}},"159":{"start":{"line":257,"column":17},"end":{"line":257,"column":29}},"160":{"start":{"line":258,"column":16},"end":{"line":258,"column":26}},"161":{"start":{"line":259,"column":2},"end":{"line":259,"column":11}},"162":{"start":{"line":262,"column":20},"end":{"line":262,"column":35}},"163":{"start":{"line":264,"column":2},"end":{"line":268,"column":3}},"164":{"start":{"line":265,"column":16},"end":{"line":265,"column":50}},"165":{"start":{"line":266,"column":4},"end":{"line":266,"column":21}},"166":{"start":{"line":267,"column":4},"end":{"line":267,"column":21}},"167":{"start":{"line":269,"column":2},"end":{"line":274,"column":3}},"168":{"start":{"line":270,"column":16},"end":{"line":270,"column":56}},"169":{"start":{"line":271,"column":4},"end":{"line":271,"column":65}},"170":{"start":{"line":272,"column":4},"end":{"line":272,"column":21}},"171":{"start":{"line":273,"column":4},"end":{"line":273,"column":21}},"172":{"start":{"line":275,"column":2},"end":{"line":280,"column":3}},"173":{"start":{"line":276,"column":16},"end":{"line":276,"column":56}},"174":{"start":{"line":277,"column":4},"end":{"line":277,"column":65}},"175":{"start":{"line":278,"column":4},"end":{"line":278,"column":21}},"176":{"start":{"line":279,"column":4},"end":{"line":279,"column":21}},"177":{"start":{"line":281,"column":2},"end":{"line":302,"column":3}},"178":{"start":{"line":283,"column":4},"end":{"line":283,"column":85}},"179":{"start":{"line":284,"column":4},"end":{"line":284,"column":10}},"180":{"start":{"line":286,"column":4},"end":{"line":286,"column":85}},"181":{"start":{"line":287,"column":4},"end":{"line":287,"column":10}},"182":{"start":{"line":289,"column":4},"end":{"line":289,"column":85}},"183":{"start":{"line":290,"column":4},"end":{"line":290,"column":10}},"184":{"start":{"line":292,"column":4},"end":{"line":292,"column":85}},"185":{"start":{"line":293,"column":4},"end":{"line":293,"column":10}},"186":{"start":{"line":295,"column":4},"end":{"line":295,"column":85}},"187":{"start":{"line":296,"column":4},"end":{"line":296,"column":10}},"188":{"start":{"line":298,"column":14},"end":{"line":298,"column":57}},"189":{"start":{"line":299,"column":4},"end":{"line":299,"column":65}},"190":{"start":{"line":300,"column":4},"end":{"line":300,"column":21}},"191":{"start":{"line":301,"column":4},"end":{"line":301,"column":21}},"192":{"start":{"line":306,"column":0},"end":{"line":375,"column":3}},"193":{"start":{"line":307,"column":17},"end":{"line":307,"column":29}},"194":{"start":{"line":308,"column":17},"end":{"line":308,"column":27}},"195":{"start":{"line":309,"column":18},"end":{"line":309,"column":33}},"196":{"start":{"line":311,"column":2},"end":{"line":315,"column":3}},"197":{"start":{"line":312,"column":16},"end":{"line":312,"column":50}},"198":{"start":{"line":313,"column":4},"end":{"line":313,"column":21}},"199":{"start":{"line":314,"column":4},"end":{"line":314,"column":21}},"200":{"start":{"line":318,"column":2},"end":{"line":323,"column":3}},"201":{"start":{"line":319,"column":16},"end":{"line":319,"column":73}},"202":{"start":{"line":320,"column":4},"end":{"line":320,"column":21}},"203":{"start":{"line":321,"column":4},"end":{"line":321,"column":54}},"204":{"start":{"line":322,"column":4},"end":{"line":322,"column":21}},"205":{"start":{"line":326,"column":2},"end":{"line":374,"column":3}},"206":{"start":{"line":327,"column":4},"end":{"line":337,"column":9}},"207":{"start":{"line":329,"column":8},"end":{"line":333,"column":9}},"208":{"start":{"line":330,"column":10},"end":{"line":330,"column":140}},"209":{"start":{"line":332,"column":10},"end":{"line":332,"column":144}},"210":{"start":{"line":336,"column":8},"end":{"line":336,"column":46}},"211":{"start":{"line":338,"column":9},"end":{"line":374,"column":3}},"212":{"start":{"line":339,"column":4},"end":{"line":349,"column":9}},"213":{"start":{"line":341,"column":8},"end":{"line":345,"column":9}},"214":{"start":{"line":342,"column":10},"end":{"line":342,"column":136}},"215":{"start":{"line":344,"column":10},"end":{"line":344,"column":140}},"216":{"start":{"line":348,"column":8},"end":{"line":348,"column":46}},"217":{"start":{"line":350,"column":9},"end":{"line":374,"column":3}},"218":{"start":{"line":351,"column":4},"end":{"line":361,"column":9}},"219":{"start":{"line":353,"column":8},"end":{"line":357,"column":9}},"220":{"start":{"line":354,"column":10},"end":{"line":354,"column":134}},"221":{"start":{"line":356,"column":10},"end":{"line":356,"column":138}},"222":{"start":{"line":360,"column":8},"end":{"line":360,"column":46}},"223":{"start":{"line":362,"column":9},"end":{"line":374,"column":3}},"224":{"start":{"line":363,"column":4},"end":{"line":373,"column":9}},"225":{"start":{"line":365,"column":8},"end":{"line":369,"column":9}},"226":{"start":{"line":366,"column":10},"end":{"line":366,"column":134}},"227":{"start":{"line":368,"column":10},"end":{"line":368,"column":138}},"228":{"start":{"line":372,"column":8},"end":{"line":372,"column":46}},"229":{"start":{"line":377,"column":0},"end":{"line":377,"column":24}}},"fnMap":{"0":{"name":"(anonymous_0)","decl":{"start":{"line":43,"column":24},"end":{"line":43,"column":25}},"loc":{"start":{"line":43,"column":40},"end":{"line":75,"column":1}},"line":43},"1":{"name":"(anonymous_1)","decl":{"start":{"line":64,"column":10},"end":{"line":64,"column":11}},"loc":{"start":{"line":64,"column":20},"end":{"line":67,"column":5}},"line":64},"2":{"name":"(anonymous_2)","decl":{"start":{"line":68,"column":11},"end":{"line":68,"column":12}},"loc":{"start":{"line":68,"column":18},"end":{"line":74,"column":5}},"line":68},"3":{"name":"(anonymous_3)","decl":{"start":{"line":78,"column":40},"end":{"line":78,"column":41}},"loc":{"start":{"line":78,"column":56},"end":{"line":138,"column":1}},"line":78},"4":{"name":"(anonymous_4)","decl":{"start":{"line":104,"column":12},"end":{"line":104,"column":13}},"loc":{"start":{"line":104,"column":22},"end":{"line":106,"column":7}},"line":104},"5":{"name":"(anonymous_5)","decl":{"start":{"line":107,"column":13},"end":{"line":107,"column":14}},"loc":{"start":{"line":107,"column":20},"end":{"line":109,"column":7}},"line":107},"6":{"name":"(anonymous_6)","decl":{"start":{"line":142,"column":42},"end":{"line":142,"column":43}},"loc":{"start":{"line":142,"column":58},"end":{"line":201,"column":1}},"line":142},"7":{"name":"(anonymous_7)","decl":{"start":{"line":169,"column":12},"end":{"line":169,"column":13}},"loc":{"start":{"line":169,"column":22},"end":{"line":171,"column":7}},"line":169},"8":{"name":"(anonymous_8)","decl":{"start":{"line":172,"column":13},"end":{"line":172,"column":14}},"loc":{"start":{"line":172,"column":20},"end":{"line":174,"column":7}},"line":172},"9":{"name":"(anonymous_9)","decl":{"start":{"line":204,"column":42},"end":{"line":204,"column":43}},"loc":{"start":{"line":204,"column":60},"end":{"line":252,"column":1}},"line":204},"10":{"name":"(anonymous_10)","decl":{"start":{"line":256,"column":42},"end":{"line":256,"column":43}},"loc":{"start":{"line":256,"column":60},"end":{"line":303,"column":1}},"line":256},"11":{"name":"(anonymous_11)","decl":{"start":{"line":306,"column":30},"end":{"line":306,"column":31}},"loc":{"start":{"line":306,"column":46},"end":{"line":375,"column":1}},"line":306},"12":{"name":"(anonymous_12)","decl":{"start":{"line":328,"column":12},"end":{"line":328,"column":13}},"loc":{"start":{"line":328,"column":18},"end":{"line":334,"column":7}},"line":328},"13":{"name":"(anonymous_13)","decl":{"start":{"line":335,"column":13},"end":{"line":335,"column":14}},"loc":{"start":{"line":335,"column":20},"end":{"line":337,"column":7}},"line":335},"14":{"name":"(anonymous_14)","decl":{"start":{"line":340,"column":12},"end":{"line":340,"column":13}},"loc":{"start":{"line":340,"column":18},"end":{"line":346,"column":7}},"line":340},"15":{"name":"(anonymous_15)","decl":{"start":{"line":347,"column":13},"end":{"line":347,"column":14}},"loc":{"start":{"line":347,"column":20},"end":{"line":349,"column":7}},"line":347},"16":{"name":"(anonymous_16)","decl":{"start":{"line":352,"column":12},"end":{"line":352,"column":13}},"loc":{"start":{"line":352,"column":18},"end":{"line":358,"column":7}},"line":352},"17":{"name":"(anonymous_17)","decl":{"start":{"line":359,"column":13},"end":{"line":359,"column":14}},"loc":{"start":{"line":359,"column":20},"end":{"line":361,"column":7}},"line":359},"18":{"name":"(anonymous_18)","decl":{"start":{"line":364,"column":12},"end":{"line":364,"column":13}},"loc":{"start":{"line":364,"column":18},"end":{"line":370,"column":7}},"line":364},"19":{"name":"(anonymous_19)","decl":{"start":{"line":371,"column":13},"end":{"line":371,"column":14}},"loc":{"start":{"line":371,"column":20},"end":{"line":373,"column":7}},"line":371}},"branchMap":{"0":{"loc":{"start":{"line":46,"column":2},"end":{"line":50,"column":3}},"type":"if","locations":[{"start":{"line":46,"column":2},"end":{"line":50,"column":3}},{"start":{"line":46,"column":2},"end":{"line":50,"column":3}}],"line":46},"1":{"loc":{"start":{"line":52,"column":2},"end":{"line":56,"column":3}},"type":"if","locations":[{"start":{"line":52,"column":2},"end":{"line":56,"column":3}},{"start":{"line":52,"column":2},"end":{"line":56,"column":3}}],"line":52},"2":{"loc":{"start":{"line":58,"column":2},"end":{"line":62,"column":3}},"type":"if","locations":[{"start":{"line":58,"column":2},"end":{"line":62,"column":3}},{"start":{"line":58,"column":2},"end":{"line":62,"column":3}}],"line":58},"3":{"loc":{"start":{"line":70,"column":6},"end":{"line":72,"column":7}},"type":"if","locations":[{"start":{"line":70,"column":6},"end":{"line":72,"column":7}},{"start":{"line":70,"column":6},"end":{"line":72,"column":7}}],"line":70},"4":{"loc":{"start":{"line":81,"column":2},"end":{"line":85,"column":3}},"type":"if","locations":[{"start":{"line":81,"column":2},"end":{"line":85,"column":3}},{"start":{"line":81,"column":2},"end":{"line":85,"column":3}}],"line":81},"5":{"loc":{"start":{"line":91,"column":2},"end":{"line":95,"column":3}},"type":"if","locations":[{"start":{"line":91,"column":2},"end":{"line":95,"column":3}},{"start":{"line":91,"column":2},"end":{"line":95,"column":3}}],"line":91},"6":{"loc":{"start":{"line":91,"column":6},"end":{"line":91,"column":39}},"type":"binary-expr","locations":[{"start":{"line":91,"column":6},"end":{"line":91,"column":18}},{"start":{"line":91,"column":22},"end":{"line":91,"column":39}}],"line":91},"7":{"loc":{"start":{"line":96,"column":2},"end":{"line":100,"column":3}},"type":"if","locations":[{"start":{"line":96,"column":2},"end":{"line":100,"column":3}},{"start":{"line":96,"column":2},"end":{"line":100,"column":3}}],"line":96},"8":{"loc":{"start":{"line":96,"column":6},"end":{"line":96,"column":62}},"type":"binary-expr","locations":[{"start":{"line":96,"column":6},"end":{"line":96,"column":28}},{"start":{"line":96,"column":32},"end":{"line":96,"column":41}},{"start":{"line":96,"column":45},"end":{"line":96,"column":62}}],"line":96},"9":{"loc":{"start":{"line":102,"column":2},"end":{"line":137,"column":3}},"type":"if","locations":[{"start":{"line":102,"column":2},"end":{"line":137,"column":3}},{"start":{"line":102,"column":2},"end":{"line":137,"column":3}}],"line":102},"10":{"loc":{"start":{"line":115,"column":4},"end":{"line":136,"column":5}},"type":"switch","locations":[{"start":{"line":116,"column":4},"end":{"line":118,"column":12}},{"start":{"line":119,"column":4},"end":{"line":121,"column":12}},{"start":{"line":122,"column":4},"end":{"line":124,"column":12}},{"start":{"line":125,"column":4},"end":{"line":127,"column":12}},{"start":{"line":128,"column":4},"end":{"line":130,"column":12}},{"start":{"line":131,"column":4},"end":{"line":135,"column":23}}],"line":115},"11":{"loc":{"start":{"line":148,"column":2},"end":{"line":152,"column":3}},"type":"if","locations":[{"start":{"line":148,"column":2},"end":{"line":152,"column":3}},{"start":{"line":148,"column":2},"end":{"line":152,"column":3}}],"line":148},"12":{"loc":{"start":{"line":153,"column":2},"end":{"line":158,"column":3}},"type":"if","locations":[{"start":{"line":153,"column":2},"end":{"line":158,"column":3}},{"start":{"line":153,"column":2},"end":{"line":158,"column":3}}],"line":153},"13":{"loc":{"start":{"line":153,"column":6},"end":{"line":153,"column":53}},"type":"binary-expr","locations":[{"start":{"line":153,"column":6},"end":{"line":153,"column":18}},{"start":{"line":153,"column":22},"end":{"line":153,"column":39}},{"start":{"line":153,"column":43},"end":{"line":153,"column":53}}],"line":153},"14":{"loc":{"start":{"line":159,"column":2},"end":{"line":164,"column":3}},"type":"if","locations":[{"start":{"line":159,"column":2},"end":{"line":164,"column":3}},{"start":{"line":159,"column":2},"end":{"line":164,"column":3}}],"line":159},"15":{"loc":{"start":{"line":167,"column":2},"end":{"line":200,"column":3}},"type":"if","locations":[{"start":{"line":167,"column":2},"end":{"line":200,"column":3}},{"start":{"line":167,"column":2},"end":{"line":200,"column":3}}],"line":167},"16":{"loc":{"start":{"line":178,"column":4},"end":{"line":199,"column":5}},"type":"switch","locations":[{"start":{"line":179,"column":4},"end":{"line":181,"column":12}},{"start":{"line":182,"column":4},"end":{"line":184,"column":12}},{"start":{"line":185,"column":4},"end":{"line":187,"column":12}},{"start":{"line":188,"column":4},"end":{"line":190,"column":12}},{"start":{"line":191,"column":4},"end":{"line":193,"column":12}},{"start":{"line":194,"column":4},"end":{"line":198,"column":23}}],"line":178},"17":{"loc":{"start":{"line":213,"column":2},"end":{"line":217,"column":3}},"type":"if","locations":[{"start":{"line":213,"column":2},"end":{"line":217,"column":3}},{"start":{"line":213,"column":2},"end":{"line":217,"column":3}}],"line":213},"18":{"loc":{"start":{"line":218,"column":2},"end":{"line":223,"column":3}},"type":"if","locations":[{"start":{"line":218,"column":2},"end":{"line":223,"column":3}},{"start":{"line":218,"column":2},"end":{"line":223,"column":3}}],"line":218},"19":{"loc":{"start":{"line":218,"column":6},"end":{"line":218,"column":53}},"type":"binary-expr","locations":[{"start":{"line":218,"column":6},"end":{"line":218,"column":18}},{"start":{"line":218,"column":22},"end":{"line":218,"column":39}},{"start":{"line":218,"column":43},"end":{"line":218,"column":53}}],"line":218},"20":{"loc":{"start":{"line":224,"column":2},"end":{"line":229,"column":3}},"type":"if","locations":[{"start":{"line":224,"column":2},"end":{"line":229,"column":3}},{"start":{"line":224,"column":2},"end":{"line":229,"column":3}}],"line":224},"21":{"loc":{"start":{"line":224,"column":6},"end":{"line":224,"column":38}},"type":"binary-expr","locations":[{"start":{"line":224,"column":6},"end":{"line":224,"column":16}},{"start":{"line":224,"column":20},"end":{"line":224,"column":38}}],"line":224},"22":{"loc":{"start":{"line":230,"column":2},"end":{"line":251,"column":3}},"type":"switch","locations":[{"start":{"line":231,"column":2},"end":{"line":233,"column":10}},{"start":{"line":234,"column":2},"end":{"line":236,"column":10}},{"start":{"line":237,"column":2},"end":{"line":239,"column":10}},{"start":{"line":240,"column":2},"end":{"line":242,"column":10}},{"start":{"line":243,"column":2},"end":{"line":245,"column":10}},{"start":{"line":246,"column":2},"end":{"line":250,"column":21}}],"line":230},"23":{"loc":{"start":{"line":264,"column":2},"end":{"line":268,"column":3}},"type":"if","locations":[{"start":{"line":264,"column":2},"end":{"line":268,"column":3}},{"start":{"line":264,"column":2},"end":{"line":268,"column":3}}],"line":264},"24":{"loc":{"start":{"line":269,"column":2},"end":{"line":274,"column":3}},"type":"if","locations":[{"start":{"line":269,"column":2},"end":{"line":274,"column":3}},{"start":{"line":269,"column":2},"end":{"line":274,"column":3}}],"line":269},"25":{"loc":{"start":{"line":269,"column":6},"end":{"line":269,"column":53}},"type":"binary-expr","locations":[{"start":{"line":269,"column":6},"end":{"line":269,"column":18}},{"start":{"line":269,"column":22},"end":{"line":269,"column":39}},{"start":{"line":269,"column":43},"end":{"line":269,"column":53}}],"line":269},"26":{"loc":{"start":{"line":275,"column":2},"end":{"line":280,"column":3}},"type":"if","locations":[{"start":{"line":275,"column":2},"end":{"line":280,"column":3}},{"start":{"line":275,"column":2},"end":{"line":280,"column":3}}],"line":275},"27":{"loc":{"start":{"line":275,"column":6},"end":{"line":275,"column":38}},"type":"binary-expr","locations":[{"start":{"line":275,"column":6},"end":{"line":275,"column":16}},{"start":{"line":275,"column":20},"end":{"line":275,"column":38}}],"line":275},"28":{"loc":{"start":{"line":281,"column":2},"end":{"line":302,"column":3}},"type":"switch","locations":[{"start":{"line":282,"column":2},"end":{"line":284,"column":10}},{"start":{"line":285,"column":2},"end":{"line":287,"column":10}},{"start":{"line":288,"column":2},"end":{"line":290,"column":10}},{"start":{"line":291,"column":2},"end":{"line":293,"column":10}},{"start":{"line":294,"column":2},"end":{"line":296,"column":10}},{"start":{"line":297,"column":2},"end":{"line":301,"column":21}}],"line":281},"29":{"loc":{"start":{"line":311,"column":2},"end":{"line":315,"column":3}},"type":"if","locations":[{"start":{"line":311,"column":2},"end":{"line":315,"column":3}},{"start":{"line":311,"column":2},"end":{"line":315,"column":3}}],"line":311},"30":{"loc":{"start":{"line":318,"column":2},"end":{"line":323,"column":3}},"type":"if","locations":[{"start":{"line":318,"column":2},"end":{"line":323,"column":3}},{"start":{"line":318,"column":2},"end":{"line":323,"column":3}}],"line":318},"31":{"loc":{"start":{"line":326,"column":2},"end":{"line":374,"column":3}},"type":"if","locations":[{"start":{"line":326,"column":2},"end":{"line":374,"column":3}},{"start":{"line":326,"column":2},"end":{"line":374,"column":3}}],"line":326},"32":{"loc":{"start":{"line":329,"column":8},"end":{"line":333,"column":9}},"type":"if","locations":[{"start":{"line":329,"column":8},"end":{"line":333,"column":9}},{"start":{"line":329,"column":8},"end":{"line":333,"column":9}}],"line":329},"33":{"loc":{"start":{"line":338,"column":9},"end":{"line":374,"column":3}},"type":"if","locations":[{"start":{"line":338,"column":9},"end":{"line":374,"column":3}},{"start":{"line":338,"column":9},"end":{"line":374,"column":3}}],"line":338},"34":{"loc":{"start":{"line":341,"column":8},"end":{"line":345,"column":9}},"type":"if","locations":[{"start":{"line":341,"column":8},"end":{"line":345,"column":9}},{"start":{"line":341,"column":8},"end":{"line":345,"column":9}}],"line":341},"35":{"loc":{"start":{"line":350,"column":9},"end":{"line":374,"column":3}},"type":"if","locations":[{"start":{"line":350,"column":9},"end":{"line":374,"column":3}},{"start":{"line":350,"column":9},"end":{"line":374,"column":3}}],"line":350},"36":{"loc":{"start":{"line":353,"column":8},"end":{"line":357,"column":9}},"type":"if","locations":[{"start":{"line":353,"column":8},"end":{"line":357,"column":9}},{"start":{"line":353,"column":8},"end":{"line":357,"column":9}}],"line":353},"37":{"loc":{"start":{"line":362,"column":9},"end":{"line":374,"column":3}},"type":"if","locations":[{"start":{"line":362,"column":9},"end":{"line":374,"column":3}},{"start":{"line":362,"column":9},"end":{"line":374,"column":3}}],"line":362},"38":{"loc":{"start":{"line":365,"column":8},"end":{"line":369,"column":9}},"type":"if","locations":[{"start":{"line":365,"column":8},"end":{"line":369,"column":9}},{"start":{"line":365,"column":8},"end":{"line":369,"column":9}}],"line":365}},"s":{"0":1,"1":1,"2":1,"3":1,"4":1,"5":1,"6":1,"7":1,"8":1,"9":1,"10":1,"11":1,"12":1,"13":1,"14":1,"15":1,"16":1,"17":1,"18":1,"19":1,"20":1,"21":1,"22":1,"23":1,"24":1,"25":1,"26":1,"27":1,"28":1,"29":4,"30":4,"31":0,"32":0,"33":0,"34":4,"35":4,"36":0,"37":0,"38":0,"39":4,"40":0,"41":0,"42":0,"43":4,"44":4,"45":4,"46":0,"47":0,"48":0,"49":0,"50":1,"51":21,"52":21,"53":0,"54":0,"55":0,"56":21,"57":21,"58":21,"59":21,"60":0,"61":0,"62":0,"63":21,"64":0,"65":0,"66":0,"67":21,"68":2,"69":2,"70":0,"71":19,"72":3,"73":3,"74":4,"75":4,"76":4,"77":4,"78":4,"79":4,"80":4,"81":4,"82":0,"83":0,"84":0,"85":0,"86":1,"87":28,"88":28,"89":28,"90":28,"91":28,"92":0,"93":0,"94":0,"95":28,"96":0,"97":0,"98":0,"99":0,"100":28,"101":0,"102":0,"103":0,"104":0,"105":28,"106":1,"107":1,"108":0,"109":27,"110":1,"111":1,"112":4,"113":4,"114":5,"115":5,"116":5,"117":5,"118":12,"119":12,"120":0,"121":0,"122":0,"123":0,"124":1,"125":11,"126":11,"127":11,"128":11,"129":11,"130":0,"131":0,"132":0,"133":11,"134":0,"135":0,"136":0,"137":0,"138":11,"139":0,"140":0,"141":0,"142":0,"143":11,"144":3,"145":3,"146":2,"147":2,"148":2,"149":2,"150":2,"151":2,"152":2,"153":2,"154":0,"155":0,"156":0,"157":0,"158":1,"159":18,"160":18,"161":18,"162":18,"163":18,"164":0,"165":0,"166":0,"167":18,"168":0,"169":0,"170":0,"171":0,"172":18,"173":0,"174":0,"175":0,"176":0,"177":18,"178":3,"179":3,"180":3,"181":3,"182":3,"183":3,"184":4,"185":4,"186":5,"187":5,"188":0,"189":0,"190":0,"191":0,"192":1,"193":8,"194":8,"195":8,"196":8,"197":0,"198":0,"199":0,"200":8,"201":0,"202":0,"203":0,"204":0,"205":8,"206":2,"207":2,"208":1,"209":1,"210":0,"211":6,"212":2,"213":2,"214":1,"215":1,"216":0,"217":4,"218":2,"219":2,"220":1,"221":1,"222":0,"223":2,"224":2,"225":2,"226":1,"227":1,"228":0,"229":1},"f":{"0":4,"1":4,"2":0,"3":21,"4":2,"5":0,"6":28,"7":1,"8":0,"9":11,"10":18,"11":8,"12":2,"13":0,"14":2,"15":0,"16":2,"17":0,"18":2,"19":0},"b":{"0":[0,4],"1":[0,4],"2":[0,4],"3":[0,0],"4":[0,21],"5":[0,21],"6":[21,21],"7":[0,21],"8":[21,21,21],"9":[2,19],"10":[3,4,4,4,4,0],"11":[0,28],"12":[0,28],"13":[28,28,28],"14":[0,28],"15":[1,27],"16":[1,4,5,5,12,0],"17":[0,11],"18":[0,11],"19":[11,11,11],"20":[0,11],"21":[11,11],"22":[3,2,2,2,2,0],"23":[0,18],"24":[0,18],"25":[18,18,18],"26":[0,18],"27":[18,18],"28":[3,3,3,4,5,0],"29":[0,8],"30":[0,8],"31":[2,6],"32":[1,1],"33":[2,4],"34":[1,1],"35":[2,2],"36":[1,1],"37":[2,0],"38":[1,1]},"_coverageSchema":"43e27e138ebf9cfc5966b082cf9a028302ed4184","hash":"895436686453a7e91ab9b1bc2288a960af4ffee6","contentHash":"1ea578cb734e8eebd8718ee4876f9fae"},"/Users/Jacob_MacInnis/ThinkProgramming/think-programming-server/models/gameQuestions.js":{"path":"/Users/Jacob_MacInnis/ThinkProgramming/think-programming-server/models/gameQuestions.js","statementMap":{"0":{"start":{"line":2,"column":15},"end":{"line":2,"column":34}},"1":{"start":{"line":3,"column":17},"end":{"line":3,"column":36}},"2":{"start":{"line":5,"column":28},"end":{"line":10,"column":2}},"3":{"start":{"line":13,"column":0},"end":{"line":19,"column":3}},"4":{"start":{"line":16,"column":4},"end":{"line":16,"column":22}},"5":{"start":{"line":17,"column":4},"end":{"line":17,"column":22}},"6":{"start":{"line":21,"column":0},"end":{"line":21,"column":70}}},"fnMap":{"0":{"name":"(anonymous_0)","decl":{"start":{"line":15,"column":13},"end":{"line":15,"column":14}},"loc":{"start":{"line":15,"column":30},"end":{"line":18,"column":3}},"line":15}},"branchMap":{},"s":{"0":1,"1":1,"2":1,"3":1,"4":0,"5":0,"6":1},"f":{"0":0},"b":{},"_coverageSchema":"43e27e138ebf9cfc5966b082cf9a028302ed4184","hash":"12d72e00334d9f9113c15438f6e765e75ad0fc89","contentHash":"ce85222630ade45519c9b5fc71e74b62"},"/Users/Jacob_MacInnis/ThinkProgramming/think-programming-server/validators/evaluations/javascript/answer.js":{"path":"/Users/Jacob_MacInnis/ThinkProgramming/think-programming-server/validators/evaluations/javascript/answer.js","statementMap":{"0":{"start":{"line":2,"column":17},"end":{"line":2,"column":36}},"1":{"start":{"line":3,"column":18},"end":{"line":3,"column":54}},"2":{"start":{"line":4,"column":24},"end":{"line":4,"column":65}},"3":{"start":{"line":6,"column":0},"end":{"line":43,"column":2}},"4":{"start":{"line":7,"column":26},"end":{"line":15,"column":4}},"5":{"start":{"line":8,"column":4},"end":{"line":14,"column":9}},"6":{"start":{"line":10,"column":8},"end":{"line":13,"column":13}},"7":{"start":{"line":12,"column":12},"end":{"line":12,"column":131}},"8":{"start":{"line":16,"column":2},"end":{"line":42,"column":7}},"9":{"start":{"line":18,"column":6},"end":{"line":35,"column":11}},"10":{"start":{"line":20,"column":10},"end":{"line":20,"column":39}},"11":{"start":{"line":21,"column":10},"end":{"line":21,"column":39}},"12":{"start":{"line":22,"column":10},"end":{"line":22,"column":38}},"13":{"start":{"line":23,"column":10},"end":{"line":23,"column":106}},"14":{"start":{"line":24,"column":10},"end":{"line":24,"column":49}},"15":{"start":{"line":25,"column":10},"end":{"line":25,"column":49}},"16":{"start":{"line":26,"column":10},"end":{"line":26,"column":48}},"17":{"start":{"line":27,"column":10},"end":{"line":27,"column":136}},"18":{"start":{"line":28,"column":10},"end":{"line":28,"column":34}},"19":{"start":{"line":31,"column":10},"end":{"line":31,"column":126}},"20":{"start":{"line":34,"column":10},"end":{"line":34,"column":48}},"21":{"start":{"line":38,"column":6},"end":{"line":41,"column":11}},"22":{"start":{"line":40,"column":10},"end":{"line":40,"column":129}}},"fnMap":{"0":{"name":"(anonymous_0)","decl":{"start":{"line":6,"column":17},"end":{"line":6,"column":18}},"loc":{"start":{"line":6,"column":81},"end":{"line":43,"column":1}},"line":6},"1":{"name":"(anonymous_1)","decl":{"start":{"line":7,"column":38},"end":{"line":7,"column":39}},"loc":{"start":{"line":7,"column":64},"end":{"line":15,"column":3}},"line":7},"2":{"name":"(anonymous_2)","decl":{"start":{"line":9,"column":13},"end":{"line":9,"column":14}},"loc":{"start":{"line":9,"column":20},"end":{"line":14,"column":7}},"line":9},"3":{"name":"(anonymous_3)","decl":{"start":{"line":11,"column":16},"end":{"line":11,"column":17}},"loc":{"start":{"line":11,"column":22},"end":{"line":13,"column":11}},"line":11},"4":{"name":"(anonymous_4)","decl":{"start":{"line":17,"column":10},"end":{"line":17,"column":11}},"loc":{"start":{"line":17,"column":16},"end":{"line":36,"column":5}},"line":17},"5":{"name":"(anonymous_5)","decl":{"start":{"line":19,"column":14},"end":{"line":19,"column":15}},"loc":{"start":{"line":19,"column":27},"end":{"line":29,"column":9}},"line":19},"6":{"name":"(anonymous_6)","decl":{"start":{"line":30,"column":14},"end":{"line":30,"column":15}},"loc":{"start":{"line":30,"column":20},"end":{"line":32,"column":9}},"line":30},"7":{"name":"(anonymous_7)","decl":{"start":{"line":33,"column":15},"end":{"line":33,"column":16}},"loc":{"start":{"line":33,"column":22},"end":{"line":35,"column":9}},"line":33},"8":{"name":"(anonymous_8)","decl":{"start":{"line":37,"column":11},"end":{"line":37,"column":12}},"loc":{"start":{"line":37,"column":18},"end":{"line":42,"column":5}},"line":37},"9":{"name":"(anonymous_9)","decl":{"start":{"line":39,"column":14},"end":{"line":39,"column":15}},"loc":{"start":{"line":39,"column":20},"end":{"line":41,"column":9}},"line":39}},"branchMap":{},"s":{"0":1,"1":1,"2":1,"3":1,"4":19,"5":19,"6":0,"7":0,"8":19,"9":13,"10":13,"11":13,"12":13,"13":13,"14":13,"15":13,"16":13,"17":13,"18":13,"19":13,"20":0,"21":6,"22":6},"f":{"0":19,"1":19,"2":0,"3":0,"4":13,"5":13,"6":13,"7":0,"8":6,"9":6},"b":{},"_coverageSchema":"43e27e138ebf9cfc5966b082cf9a028302ed4184","hash":"2722f24475db7178481810a925553783b436989d","contentHash":"3abeaf4044c3533b027a3711b14758df"},"/Users/Jacob_MacInnis/ThinkProgramming/think-programming-server/utils/updateUserStats.js":{"path":"/Users/Jacob_MacInnis/ThinkProgramming/think-programming-server/utils/updateUserStats.js","statementMap":{"0":{"start":{"line":3,"column":18},"end":{"line":3,"column":48}},"1":{"start":{"line":8,"column":0},"end":{"line":21,"column":2}},"2":{"start":{"line":9,"column":2},"end":{"line":20,"column":7}},"3":{"start":{"line":11,"column":6},"end":{"line":11,"column":95}},"4":{"start":{"line":12,"column":6},"end":{"line":12,"column":35}},"5":{"start":{"line":13,"column":6},"end":{"line":13,"column":89}},"6":{"start":{"line":14,"column":6},"end":{"line":14,"column":102}},"7":{"start":{"line":15,"column":6},"end":{"line":15,"column":117}},"8":{"start":{"line":16,"column":6},"end":{"line":16,"column":46}},"9":{"start":{"line":17,"column":6},"end":{"line":17,"column":111}},"10":{"start":{"line":18,"column":6},"end":{"line":18,"colum
[...]
"loc":{"start":{"line":5,"column":43},"end":{"line":9,"column":1}},"line":5},"1":{"name":"(anonymous_1)","decl":{"start":{"line":11,"column":24},"end":{"line":11,"column":25}},"loc":{"start":{"line":11,"column":43},"end":{"line":16,"column":1}},"line":11},"2":{"name":"(anonymous_2)","decl":{"start":{"line":18,"column":20},"end":{"line":18,"column":21}},"loc":{"start":{"line":18,"column":41},"end":{"line":21,"column":1}},"line":18},"3":{"name":"(anonymous_3)","decl":{"start":{"line":23,"column":27},"end":{"line":23,"column":28}},"loc":{"start":{"line":23,"column":96},"end":{"line":33,"column":1}},"line":23},"4":{"name":"(anonymous_4)","decl":{"start":{"line":29,"column":12},"end":{"line":29,"column":13}},"loc":{"start":{"line":29,"column":18},"end":{"line":31,"column":7}},"line":29},"5":{"name":"(anonymous_5)","decl":{"start":{"line":35,"column":28},"end":{"line":35,"column":29}},"loc":{"start":{"line":35,"column":118},"end":{"line":45,"column":1}},"line":35},"6":{"name":"(anonymous_6)","decl":{"start":{"line":41,"column":12},"end":{"line":41,"column":13}},"loc":{"start":{"line":41,"column":18},"end":{"line":43,"column":7}},"line":41}},"branchMap":{"0":{"loc":{"start":{"line":6,"column":2},"end":{"line":8,"column":3}},"type":"if","locations":[{"start":{"line":6,"column":2},"end":{"line":8,"column":3}},{"start":{"line":6,"column":2},"end":{"line":8,"column":3}}],"line":6},"1":{"loc":{"start":{"line":6,"column":6},"end":{"line":6,"column":50}},"type":"binary-expr","locations":[{"start":{"line":6,"column":6},"end":{"line":6,"column":26}},{"start":{"line":6,"column":30},"end":{"line":6,"column":50}}],"line":6},"2":{"loc":{"start":{"line":15,"column":9},"end":{"line":15,"column":84}},"type":"binary-expr","locations":[{"start":{"line":15,"column":9},"end":{"line":15,"column":29}},{"start":{"line":15,"column":33},"end":{"line":15,"column":56}},{"start":{"line":15,"column":60},"end":{"line":15,"column":84}}],"line":15}},"s":{"0":1,"1":1,"2":21,"3":20,"4":1,"5":21,"6":21,"7":21,"8":21,"9":1,"10":28,"11":28,"12":1,"13":29,"14":29,"15":0,"16":0,"17":1,"18":46,"19":46,"20":0,"21":0,"22":1},"f":{"0":21,"1":21,"2":28,"3":29,"4":0,"5":46,"6":0},"b":{"0":[20,1],"1":[21,20],"2":[21,20,19]},"_coverageSchema":"43e27e138ebf9cfc5966b082cf9a028302ed4184","hash":"77ccf4d8c59cbeaf4b1d4a967259667cfaa5434e","contentHash":"f052ab64e6851d23446bf63c187b78b6"},"/Users/Jacob_MacInnis/ThinkProgramming/think-programming-server/utils/updateUserStatsAfterReview.js":{"path":"/Users/Jacob_MacInnis/ThinkProgramming/think-programming-server/utils/updateUserStatsAfterReview.js","statementMap":{"0":{"start":{"line":3,"column":18},"end":{"line":3,"column":48}},"1":{"start":{"line":8,"column":0},"end":{"line":15,"column":2}},"2":{"start":{"line":9,"column":2},"end":{"line":14,"column":7}},"3":{"start":{"line":11,"column":6},"end":{"line":11,"column":95}},"4":{"start":{"line":12,"column":6},"end":{"line":12,"column":117}},"5":{"start":{"line":13,"column":6},"end":{"line":13,"column":30}}},"fnMap":{"0":{"name":"(anonymous_0)","decl":{"start":{"line":8,"column":17},"end":{"line":8,"column":18}},"loc":{"start":{"line":8,"column":56},"end":{"line":15,"column":1}},"line":8},"1":{"name":"(anonymous_1)","decl":{"start":{"line":10,"column":10},"end":{"line":10,"column":11}},"loc":{"start":{"line":10,"column":23},"end":{"line":14,"column":5}},"line":10}},"branchMap":{"0":{"loc":{"start":{"line":11,"column":6},"end":{"line":11,"column":94}},"type":"cond-expr","locations":[{"start":{"line":11,"column":29},"end":{"line":11,"column":60}},{"start":{"line":11,"column":63},"end":{"line":11,"column":94}}],"line":11},"1":{"loc":{"start":{"line":12,"column":6},"end":{"line":12,"column":116}},"type":"cond-expr","locations":[{"start":{"line":12,"column":29},"end":{"line":12,"column":71}},{"start":{"line":12,"column":74},"end":{"line":12,"column":116}}],"line":12}},"s":{"0":1,"1":1,"2":8,"3":8,"4":8,"5":8},"f":{"0":8,"1":8},"b":{"0":[4,4],"1":[4,4]},"_coverageSchema":"43e27e138ebf9cfc5966b082cf9a028302ed4184","hash":"193051d838abee36fd3f317a14e9f01ed8fde0ac","contentHash":"84c4276f2b5a0b03282ab3a39dfc2b3d"},"/Users/Jacob_MacInnis/ThinkProgramming/think-programming-server/routes/stats.js":{"path":"/Users/Jacob_MacInnis/ThinkProgramming/think-programming-server/routes/stats.js","statementMap":{"0":{"start":{"line":2,"column":16},"end":{"line":2,"column":34}},"1":{"start":{"line":3,"column":17},"end":{"line":3,"column":36}},"2":{"start":{"line":4,"column":18},"end":{"line":4,"column":48}},"3":{"start":{"line":6,"column":15},"end":{"line":6,"column":31}},"4":{"start":{"line":9,"column":0},"end":{"line":28,"column":3}},"5":{"start":{"line":10,"column":17},"end":{"line":10,"column":29}},"6":{"start":{"line":12,"column":2},"end":{"line":16,"column":3}},"7":{"start":{"line":13,"column":16},"end":{"line":13,"column":50}},"8":{"start":{"line":14,"column":4},"end":{"line":14,"column":21}},"9":{"start":{"line":15,"column":4},"end":{"line":15,"column":21}},"10":{"start":{"line":18,"column":2},"end":{"line":27,"column":7}},"11":{"start":{"line":20,"column":6},"end":{"line":20,"column":24}},"12":{"start":{"line":23,"column":6},"end":{"line":25,"column":7}},"13":{"start":{"line":24,"column":8},"end":{"line":24,"column":46}},"14":{"start":{"line":26,"column":6},"end":{"line":26,"column":16}},"15":{"start":{"line":30,"column":0},"end":{"line":30,"column":24}}},"fnMap":{"0":{"name":"(anonymous_0)","decl":{"start":{"line":9,"column":22},"end":{"line":9,"column":23}},"loc":{"start":{"line":9,"column":38},"end":{"line":28,"column":1}},"line":9},"1":{"name":"(anonymous_1)","decl":{"start":{"line":19,"column":10},"end":{"line":19,"column":11}},"loc":{"start":{"line":19,"column":21},"end":{"line":21,"column":5}},"line":19},"2":{"name":"(anonymous_2)","decl":{"start":{"line":22,"column":11},"end":{"line":22,"column":12}},"loc":{"start":{"line":22,"column":18},"end":{"line":27,"column":5}},"line":22}},"branchMap":{"0":{"loc":{"start":{"line":12,"column":2},"end":{"line":16,"column":3}},"type":"if","locations":[{"start":{"line":12,"column":2},"end":{"line":16,"column":3}},{"start":{"line":12,"column":2},"end":{"line":16,"column":3}}],"line":12},"1":{"loc":{"start":{"line":23,"column":6},"end":{"line":25,"column":7}},"type":"if","locations":[{"start":{"line":23,"column":6},"end":{"line":25,"column":7}},{"start":{"line":23,"column":6},"end":{"line":25,"column":7}}],"line":23}},"s":{"0":1,"1":1,"2":1,"3":1,"4":1,"5":0,"6":0,"7":0,"8":0,"9":0,"10":0,"11":0,"12":0,"13":0,"14":0,"15":1},"f":{"0":0,"1":0,"2":0},"b":{"0":[0,0],"1":[0,0]},"_coverageSchema":"43e27e138ebf9cfc5966b082cf9a028302ed4184","hash":"f3c30a68758e3c41d07b4145701e76f84c5f628a","contentHash":"5a12c2476e3f6a1af607a7ccab28a887"},"/Users/Jacob_MacInnis/ThinkProgramming/think-programming-server/sockets/totalUsers.js":{"path":"/Users/Jacob_MacInnis/ThinkProgramming/think-programming-server/sockets/totalUsers.js","statementMap":{"0":{"start":{"line":5,"column":0},"end":{"line":14,"column":2}},"1":{"start":{"line":6,"column":2},"end":{"line":13,"column":5}},"2":{"start":{"line":7,"column":4},"end":{"line":7,"column":49}},"3":{"start":{"line":8,"column":25},"end":{"line":8,"column":84}},"4":{"start":{"line":8,"column":58},"end":{"line":8,"column":83}},"5":{"start":{"line":9,"column":4},"end":{"line":11,"column":5}},"6":{"start":{"line":10,"column":6},"end":{"line":10,"column":41}},"7":{"start":{"line":12,"column":4},"end":{"line":12,"column":55}},"8":{"start":{"line":16,"column":0},"end":{"line":25,"column":2}},"9":{"start":{"line":17,"column":2},"end":{"line":24,"column":5}},"10":{"start":{"line":18,"column":4},"end":{"line":18,"column":35}},"11":{"start":{"line":19,"column":16},"end":{"line":19,"column":53}},"12":{"start":{"line":20,"column":4},"end":{"line":22,"column":5}},"13":{"start":{"line":21,"column":6},"end":{"line":21,"column":39}},"14":{"start":{"line":23,"column":4},"end":{"line":23,"column":55}},"15":{"start":{"line":27,"column":0},"end":{"line":31,"column":2}},"16":{"start":{"line":28,"column":2},"end":{"line":30,"column":5}},"17":{"start":{"line":29,"column":4},"end":{"line":29,"column":62}}},"fnMap":{"0":{"name":"(anonymous_0)","decl":{"start":{"line":5,"column":22},"end":{"line":5,"column":23}},"loc":{"start":{"line":5,"column":55},"end":{"line":14,"column":1}},"line":5},"1":{"name":"(anonymous_1)","decl":{"start":{"line":6,"column":21},"end":{"line":6,"column":22}},"loc":{"start":{"line":6,"column":39},"end":{"line":13,"column":3}},"line":6},"2":{"name":"(anonymous_2)","decl":{"start":{"line":8,"column":46},"end":{"line":8,"column":47}},"loc":{"start":{"line":8,"column":58},"end":{"line":8,"column":83}},"line":8},"3":{"name":"(anonymous_3)","decl":{"start":{"line":16,"column":27},"end":{"line":16,"column":28}},"loc":{"start":{"line":16,"column":60},"end":{"line":25,"column":1}},"line":16},"4":{"name":"(anonymous_4)","decl":{"start":{"line":17,"column":25},"end":{"line":17,"column":26}},"loc":{"start":{"line":17,"column":41},"end":{"line":24,"column":3}},"line":17},"5":{"name":"(anonymous_5)","decl":{"start":{"line":27,"column":27},"end":{"line":27,"column":28}},"loc":{"start":{"line":27,"column":61},"end":{"line":31,"column":1}},"line":27},"6":{"name":"(anonymous_6)","decl":{"start":{"line":28,"column":27},"end":{"line":28,"column":28}},"loc":{"start":{"line":28,"column":39},"end":{"line":30,"column":3}},"line":28}},"branchMap":{"0":{"loc":{"start":{"line":9,"column":4},"end":{"line":11,"column":5}},"type":"if","locations":[{"start":{"line":9,"column":4},"end":{"line":11,"column":5}},{"start":{"line":9,"column":4},"end":{"line":11,"column":5}}],"line":9},"1":{"loc":{"start":{"line":20,"column":4},"end":{"line":22,"column":5}},"type":"if","locations":[{"start":{"line":20,"column":4},"end":{"line":22,"column":5}},{"start":{"line":20,"column":4},"end":{"line":22,"column":5}}],"line":20}},"s":{"0":1,"1":0,"2":0,"3":0,"4":0,"5":0,"6":0,"7":0,"8":1,"9":0,"10":0,"11":0,"12":0,"13":0,"14":0,"15":1,"16":0,"17":0},"f":{"0":0,"1":0,"2":0,"3":0,"4":0,"5":0,"6":0},"b":{"0":[0,0],"1":[0,0]},"_coverageSchema":"43e27e138ebf9cfc5966b082cf9a028302ed4184","hash":"bd5fb768b1e2abb6c76267dadeace044354b5681","contentHash":"30c3f7e62798192e14390a3ad6bee011"},"/Users/Jacob_MacInnis/ThinkProgramming/think-programming-server/sockets/gameRoom.js":{"path":"/Users/Jacob_MacInnis/ThinkProgramming/think-programming-server/sockets/gameRoom.js","statementMap":{"0":{"start":{"line":2,"column":22},"end":{"line":2,"column":56}},"1":{"start":{"line":4,"column":0},"end":{"line":8,"column":2}},"2":{"start":{"line":5,"column":2},"end":{"line":7,"column":5}},"3":{"start":{"line":6,"column":4},"end":{"line":6,"column":50}},"4":{"start":{"line":9,"column":0},"end":{"line":19,"column":2}},"5":{"start":{"line":10,"column":2},"end":{"line":18,"column":5}},"6":{"start":{"line":11,"column":16},"end":{"line":11,"column":51}},"7":{"start":{"line":12,"column":4},"end":{"line":14,"column":5}},"8":{"start":{"line":13,"column":6},"end":{"line":13,"column":39}},"9":{"start":{"line":15,"column":4},"end":{"line":15,"column":38}},"10":{"start":{"line":16,"column":4},"end":{"line":16,"column":50}},"11":{"start":{"line":17,"column":4},"end":{"line":17,"column":63}},"12":{"start":{"line":20,"column":0},"end":{"line":30,"column":2}},"13":{"start":{"line":21,"column":2},"end":{"line":29,"column":5}},"14":{"start":{"line":22,"column":16},"end":{"line":22,"column":51}},"15":{"start":{"line":23,"column":4},"end":{"line":25,"column":5}},"16":{"start":{"line":24,"column":6},"end":{"line":24,"column":36}},"17":{"start":{"line":26,"column":4},"end":{"line":26,"column":40}},"18":{"start":{"line":27,"column":4},"end":{"line":27,"column":50}},"19":{"start":{"line":28,"column":4},"end":{"line":28,"column":63}},"20":{"start":{"line":31,"column":0},"end":{"line":35,"column":2}},"21":{"start":{"line":32,"column":2},"end":{"line":34,"column":5}},"22":{"start":{"line":33,"column":4},"end":{"line":33,"column":41}},"23":{"start":{"line":36,"column":0},"end":{"line":40,"column":2}},"24":{"start":{"line":37,"column":2},"end":{"line":39,"column":5}},"25":{"start":{"line":38,"column":4},"end":{"line":38,"column":43}},"26":{"start":{"line":41,"column":0},"end":{"line":45,"column":2}},"27":{"start":{"line":42,"column":2},"end":{"line":44,"column":5}},"28":{"start":{"line":43,"column":4},"end":{"line":43,"column":51}},"29":{"start":{"line":46,"column":0},"end":{"line":57,"column":2}},"30":{"start":{"line":47,"column":2},"end":{"line":56,"column":5}},"31":{"start":{"line":48,"column":16},"end":{"line":48,"column":46}},"32":{"start":{"line":49,"column":4},"end":{"line":51,"column":5}},"33":{"start":{"line":50,"column":6},"end":{"line":50,"column":36}},"34":{"start":{"line":52,"column":24},"end":{"line":52,"column":25}},"35":{"start":{"line":53,"column":4},"end":{"line":53,"column":53}},"36":{"start":{"line":54,"column":4},"end":{"line":54,"column":49}},"37":{"start":{"line":55,"column":4},"end":{"line":55,"column":63}},"38":{"start":{"line":58,"column":0},"end":{"line":78,"column":2}},"39":{"start":{"line":59,"column":2},"end":{"line":77,"column":5}},"40":{"start":{"line":60,"column":4},"end":{"line":60,"column":33}},"41":{"start":{"line":62,"column":4},"end":{"line":76,"column":9}},"42":{"start":{"line":64,"column":8},"end":{"line":64,"column":50}},"43":{"start":{"line":65,"column":8},"end":{"line":70,"column":9}},"44":{"start":{"line":66,"column":10},"end":{"line":66,"column":38}},"45":{"start":{"line":67,"column":10},"end":{"line":67,"column":67}},"46":{"start":{"line":69,"column":10},"end":{"line":69,"column":67}},"47":{"start":{"line":73,"column":8},"end":{"line":75,"column":9}},"48":{"start":{"line":74,"column":10},"end":{"line":74,"column":34}},"49":{"start":{"line":79,"column":0},"end":{"line":83,"column":2}},"50":{"start":{"line":80,"column":2},"end":{"line":82,"column":5}},"51":{"start":{"line":81,"column":4},"end":{"line":81,"column":44}},"52":{"start":{"line":84,"column":0},"end":{"line":88,"column":2}},"53":{"start":{"line":85,"column":2},"end":{"line":87,"column":5}},"54":{"start":{"line":86,"column":4},"end":{"line":86,"column":40}}},"fnMap":{"0":{"name":"(anonymous_0)","decl":{"start":{"line":4,"column":31},"end":{"line":4,"column":32}},"loc":{"start":{"line":4,"column":71},"end":{"line":8,"column":1}},"line":4},"1":{"name":"(anonymous_1)","decl":{"start":{"line":5,"column":23},"end":{"line":5,"column":24}},"loc":{"start":{"line":5,"column":31},"end":{"line":7,"column":3}},"line":5},"2":{"name":"(anonymous_2)","decl":{"start":{"line":9,"column":20},"end":{"line":9,"column":21}},"loc":{"start":{"line":9,"column":78},"end":{"line":19,"column":1}},"line":9},"3":{"name":"(anonymous_3)","decl":{"start":{"line":10,"column":19},"end":{"line":10,"column":20}},"loc":{"start":{"line":10,"column":27},"end":{"line":18,"column":3}},"line":10},"4":{"name":"(anonymous_4)","decl":{"start":{"line":20,"column":22},"end":{"line":20,"column":23}},"loc":{"start":{"line":20,"column":80},"end":{"line":30,"column":1}},"line":20},"5":{"name":"(anonymous_5)","decl":{"start":{"line":21,"column":21},"end":{"line":21,"column":22}},"loc":{"start":{"line":21,"column":29},"end":{"line":29,"column":3}},"line":21},"6":{"name":"(anonymous_6)","decl":{"start":{"line":31,"column":23},"end":{"line":31,"column":24}},"loc":{"start":{"line":31,"column":49},"end":{"line":35,"column":1}},"line":31},"7":{"name":"(anonymous_7)","decl":{"start":{"line":32,"column":22},"end":{"line":32,"column":23}},"loc":{"start":{"line":32,"column":30},"end":{"line":34,"column":3}},"line":32},"8":{"name":"(anonymous_8)","decl":{"start":{"line":36,"column":25},"end":{"line":36,"column":26}},"loc":{"start":{"line":36,"column":51},"end":{"line":40,"column":1}},"line":36},"9":{"name":"(anonymous_9)","decl":{"start":{"line":37,"column":24},"end":{"line":37,"column":25}},"loc":{"start":{"line":37,"column":32},"end":{"line":39,"column":3}},"line":37},"10":{"name":"(anonymous_10)","decl":{"start":{"line":41,"column":25},"end":{"line":41,"column":26}},"loc":{"start":{"line":41,"column":51},"end":{"line":45,"column":1}},"line":41},"11":{"name":"(anonymous_11)","decl":{"start":{"line":42,"column":24},"end":{"line":42,"column":25}},"loc":{"start":{"line":42,"column":40},"end":{"line":44,"column":3}},"line":42},"12":{"name":"(anonymous_12)","decl":{"start":{"line":46,"column":28},"end":{"line":46,"column":29}},"loc":{"start":{"line":46,"column":86},"end":{"line":57,"column":1}},"line":46},"13":{"name":"(anonymous_13)","decl":{"start":{"line":47,"column":26},"end":{"line":47,"column":27}},"loc":{"start":{"line":47,"column":38},"end":{"line":56,"column":3}},"line":47},"14":{"name":"(anonymous_14)","decl":{"start":{"line":58,"column":24},"end":{"line":58,"column":25}},"loc":{"start":{"line":58,"column":50},"end":{"line":78,"column":1}},"line":58},"15":{"name":"(anonymous_15)","decl":{"start":{"line":59,"column":23},"end":{"line":59,"column":24}},"loc":{"start":{"line":59,"column":37},"end":{"line":77,"column":3}},"line":59},"16":{"name":"(anonymous_16)","decl":{"start":{"line":63,"column":12},"end":{"line":63,"column":13}},"loc":{"start":{"line":63,"column":22},"end":{"line":71,"column":7}},"line":63},"17":{"name":"(anonymous_17)","decl":{"start":{"line":72,"column":13},"end":{"line":72,"column":14}},"loc":{"start":{"line":72,"column":20},"end":{"line":76,"column":7}},"line":72},"18":{"name":"(anonymous_18)","decl":{"start":{"line":79,"column":22},"end":{"line":79,"column":23}},"loc":{"start":{"line":79,"column":48},"end":{"line":83,"column":1}},"line":79},"19":{"name":"(anonymous_19)","decl":{"start":{"line":80,"column":21},"end":{"line":80,"column":22}},"loc":{"start":{"line":80,"column":33},"end":{"line":82,"column":3}},"line":80},"20":{"name":"(anonymous_20)","decl":{"start":{"line":84,"column":22},"end":{"line":84,"column":23}},"loc":{"start":{"line":84,"column":48},"end":{"line":88,"column":1}},"line":84},"21":{"name":"(anonymous_21)","decl":{"start":{"line":85,"column":21},"end":{"line":85,"column":22}},"loc":{"start":{"line":85,"column":29},"end":{"line":87,"column":3}},"line":85}},"branchMap":{"0":{"loc":{"start":{"line":12,"column":4},"end":{"line":14,"column":5}},"type":"if","locations":[{"start":{"line":12,"column":4},"end":{"line":14,"column":5}},{"start":{"line":12,"column":4},"end":{"line":14,"column":5}}],"line":12},"1":{"loc":{"start":{"line":23,"column":4},"end":{"line":25,"column":5}},"type":"if","locations":[{"start":{"line":23,"column":4},"end":{"line":25,"column":5}},{"start":{"line":23,"column":4},"end":{"line":25,"column":5}}],"line":23},"2":{"loc":{"start":{"line":49,"column":4},"end":{"line":51,"column":5}},"type":"if","locations":[{"start":{"line":49,"column":4},"end":{"line":51,"column":5}},{"start":{"line":49,"column":4},"end":{"line":51,"column":5}}],"line":49},"3":{"loc":{"start":{"line":65,"column":8},"end":{"line":70,"column":9}},"type":"if","locations":[{"start":{"line":65,"column":8},"end":{"line":70,"column":9}},{"start":{"line":65,"column":8},"end":{"line":70,"column":9}}],"line":65},"4":{"loc":{"start":{"line":73,"column":8},"end":{"line":75,"column":9}},"type":"if","locations":[{"start":{"line":73,"column":8},"end":{"line":75,"column":9}},{"start":{"line":73,"column":8},"end":{"line":75,"column":9}}],"line":73}},"s":{"0":1,"1":1,"2":0,"3":0,"4":1,"5":0,"6":0,"7":0,"8":0,"9":0,"10":0,"11":0,"12":1,"13":0,"14":0,"15":0,"16":0,"17":0,"18":0,"19":0,"20":1,"21":0,"22":0,"23":1,"24":0,"25":0,"26":1,"27":0,"28":0,"29":1,"30":0,"31":0,"32":0,"33":0,"34":0,"35":0,"36":0,"37":0,"38":1,"39":0,"40":0,"41":0,"42":0,"43":0,"44":0,"45":0,"46":0,"47":0,"48":0,"49":1,"50":0,"51":0,"52":1,"53":0,"54":0},"f":{"0":0,"1":0,"2":0,"3":0,"4":0,"5":0,"6":0,"7":0,"8":0,"9":0,"10":0,"11":0,"12":0,"13":0,"14":0,"15":0,"16":0,"17":0,"18":0,"19":0,"20":0,"21":0},"b":{"0":[0,0],"1":[0,0],"2":[0,0],"3":[0,0],"4":[0,0]},"_coverageSchema":"43e27e138ebf9cfc5966b082cf9a028302ed4184","hash":"2601a5833e276bb128cb3daff2711ec4154aee0f","contentHash":"71fdb9fe36953a6a4ef3995ae52d092b"}}